[0.158s] Invoking command in '/home/nayr/auto_patrol_robot/autopatrol_ws/build/robot_navigation2': CMAKE_PREFIX_PATH=${CMAKE_PREFIX_PATH}:/home/nayr/FishRos/ch7/ch7_ws/install/fishbot_application:/home/nayr/FishRos/ch7/ch7_ws/install/autopatrol_robot:/opt/ros/humble /usr/bin/cmake /home/nayr/auto_patrol_robot/autopatrol_ws/src/robot_navigation2 -DCMAKE_INSTALL_PREFIX=/home/nayr/auto_patrol_robot/autopatrol_ws/install/robot_navigation2
[0.906s] -- The C compiler identification is GNU 11.4.0
[1.378s] -- The CXX compiler identification is GNU 11.4.0
[1.452s] -- Detecting C compiler ABI info
[1.715s] -- Detecting C compiler ABI info - done
[1.720s] -- Check for working C compiler: /usr/bin/cc - skipped
[1.721s] -- Detecting C compile features
[1.736s] -- Detecting C compile features - done
[1.772s] -- Detecting CXX compiler ABI info
[1.972s] -- Detecting CXX compiler ABI info - done
[1.977s] -- Check for working CXX compiler: /usr/bin/c++ - skipped
[1.977s] -- Detecting CXX compile features
[1.977s] -- Detecting CXX compile features - done
[2.030s] -- Found ament_cmake: 1.3.12 (/opt/ros/humble/share/ament_cmake/cmake)
[2.231s] -- Found Python3: /usr/bin/python3 (found version "3.10.12") found components: Interpreter 
[2.624s] -- Found ament_lint_auto: 0.12.14 (/opt/ros/humble/share/ament_lint_auto/cmake)
[3.101s] -- Added test 'flake8' to check Python code syntax and style conventions
[3.103s] -- Added test 'lint_cmake' to check CMake code style
[3.145s] -- Added test 'pep257' to check Python code against some of the docstring style conventions in PEP 257
[3.167s] -- Added test 'xmllint' to check XML markup files
[3.171s] -- Configuring done
[3.175s] -- Generating done
[3.176s] -- Build files have been written to: /home/nayr/auto_patrol_robot/autopatrol_ws/build/robot_navigation2
[3.181s] Invoked command in '/home/nayr/auto_patrol_robot/autopatrol_ws/build/robot_navigation2' returned '0': CMAKE_PREFIX_PATH=${CMAKE_PREFIX_PATH}:/home/nayr/FishRos/ch7/ch7_ws/install/fishbot_application:/home/nayr/FishRos/ch7/ch7_ws/install/autopatrol_robot:/opt/ros/humble /usr/bin/cmake /home/nayr/auto_patrol_robot/autopatrol_ws/src/robot_navigation2 -DCMAKE_INSTALL_PREFIX=/home/nayr/auto_patrol_robot/autopatrol_ws/install/robot_navigation2
[3.182s] Invoking command in '/home/nayr/auto_patrol_robot/autopatrol_ws/build/robot_navigation2': CMAKE_PREFIX_PATH=${CMAKE_PREFIX_PATH}:/home/nayr/FishRos/ch7/ch7_ws/install/fishbot_application:/home/nayr/FishRos/ch7/ch7_ws/install/autopatrol_robot:/opt/ros/humble /usr/bin/cmake --build /home/nayr/auto_patrol_robot/autopatrol_ws/build/robot_navigation2 -- -j16 -l16
[3.224s] Invoked command in '/home/nayr/auto_patrol_robot/autopatrol_ws/build/robot_navigation2' returned '0': CMAKE_PREFIX_PATH=${CMAKE_PREFIX_PATH}:/home/nayr/FishRos/ch7/ch7_ws/install/fishbot_application:/home/nayr/FishRos/ch7/ch7_ws/install/autopatrol_robot:/opt/ros/humble /usr/bin/cmake --build /home/nayr/auto_patrol_robot/autopatrol_ws/build/robot_navigation2 -- -j16 -l16
[3.224s] Invoking command in '/home/nayr/auto_patrol_robot/autopatrol_ws/build/robot_navigation2': CMAKE_PREFIX_PATH=${CMAKE_PREFIX_PATH}:/home/nayr/FishRos/ch7/ch7_ws/install/fishbot_application:/home/nayr/FishRos/ch7/ch7_ws/install/autopatrol_robot:/opt/ros/humble /usr/bin/cmake --install /home/nayr/auto_patrol_robot/autopatrol_ws/build/robot_navigation2
[3.231s] -- Install configuration: ""
[3.231s] -- Installing: /home/nayr/auto_patrol_robot/autopatrol_ws/install/robot_navigation2/share/robot_navigation2/launch
[3.231s] -- Installing: /home/nayr/auto_patrol_robot/autopatrol_ws/install/robot_navigation2/share/robot_navigation2/launch/navigation2.launch.py
[3.231s] -- Installing: /home/nayr/auto_patrol_robot/autopatrol_ws/install/robot_navigation2/share/robot_navigation2/maps
[3.231s] -- Installing: /home/nayr/auto_patrol_robot/autopatrol_ws/install/robot_navigation2/share/robot_navigation2/maps/room.yaml
[3.231s] -- Installing: /home/nayr/auto_patrol_robot/autopatrol_ws/install/robot_navigation2/share/robot_navigation2/maps/room.pgm
[3.231s] -- Installing: /home/nayr/auto_patrol_robot/autopatrol_ws/install/robot_navigation2/share/robot_navigation2/config
[3.231s] -- Installing: /home/nayr/auto_patrol_robot/autopatrol_ws/install/robot_navigation2/share/robot_navigation2/config/nav2_params.yaml
[3.231s] -- Installing: /home/nayr/auto_patrol_robot/autopatrol_ws/install/robot_navigation2/share/ament_index/resource_index/package_run_dependencies/robot_navigation2
[3.231s] -- Installing: /home/nayr/auto_patrol_robot/autopatrol_ws/install/robot_navigation2/share/ament_index/resource_index/parent_prefix_path/robot_navigation2
[3.231s] -- Installing: /home/nayr/auto_patrol_robot/autopatrol_ws/install/robot_navigation2/share/robot_navigation2/environment/ament_prefix_path.sh
[3.231s] -- Installing: /home/nayr/auto_patrol_robot/autopatrol_ws/install/robot_navigation2/share/robot_navigation2/environment/ament_prefix_path.dsv
[3.231s] -- Installing: /home/nayr/auto_patrol_robot/autopatrol_ws/install/robot_navigation2/share/robot_navigation2/environment/path.sh
[3.231s] -- Installing: /home/nayr/auto_patrol_robot/autopatrol_ws/install/robot_navigation2/share/robot_navigation2/environment/path.dsv
[3.231s] -- Installing: /home/nayr/auto_patrol_robot/autopatrol_ws/install/robot_navigation2/share/robot_navigation2/local_setup.bash
[3.232s] -- Installing: /home/nayr/auto_patrol_robot/autopatrol_ws/install/robot_navigation2/share/robot_navigation2/local_setup.sh
[3.232s] -- Installing: /home/nayr/auto_patrol_robot/autopatrol_ws/install/robot_navigation2/share/robot_navigation2/local_setup.zsh
[3.232s] -- Installing: /home/nayr/auto_patrol_robot/autopatrol_ws/install/robot_navigation2/share/robot_navigation2/local_setup.dsv
[3.232s] -- Installing: /home/nayr/auto_patrol_robot/autopatrol_ws/install/robot_navigation2/share/robot_navigation2/package.dsv
[3.232s] -- Installing: /home/nayr/auto_patrol_robot/autopatrol_ws/install/robot_navigation2/share/ament_index/resource_index/packages/robot_navigation2
[3.232s] -- Installing: /home/nayr/auto_patrol_robot/autopatrol_ws/install/robot_navigation2/share/robot_navigation2/cmake/robot_navigation2Config.cmake
[3.232s] -- Installing: /home/nayr/auto_patrol_robot/autopatrol_ws/install/robot_navigation2/share/robot_navigation2/cmake/robot_navigation2Config-version.cmake
[3.232s] -- Installing: /home/nayr/auto_patrol_robot/autopatrol_ws/install/robot_navigation2/share/robot_navigation2/package.xml
[3.240s] Invoked command in '/home/nayr/auto_patrol_robot/autopatrol_ws/build/robot_navigation2' returned '0': CMAKE_PREFIX_PATH=${CMAKE_PREFIX_PATH}:/home/nayr/FishRos/ch7/ch7_ws/install/fishbot_application:/home/nayr/FishRos/ch7/ch7_ws/install/autopatrol_robot:/opt/ros/humble /usr/bin/cmake --install /home/nayr/auto_patrol_robot/autopatrol_ws/build/robot_navigation2
