[0.069s] DEBUG:colcon:Command line arguments: ['/usr/bin/colcon', 'build']
[0.069s] DEBUG:colcon:Parsed command line arguments: Namespace(log_base=None, log_level=None, verb_name='build', build_base='build', install_base='install', merge_install=False, symlink_install=False, test_result_base=None, continue_on_error=False, executor='parallel', parallel_workers=16, event_handlers=None, ignore_user_meta=False, metas=['./colcon.meta'], base_paths=['.'], packages_ignore=None, packages_ignore_regex=None, paths=None, packages_up_to=None, packages_up_to_regex=None, packages_above=None, packages_above_and_dependencies=None, packages_above_depth=None, packages_select_by_dep=None, packages_skip_by_dep=None, packages_skip_up_to=None, packages_select_build_failed=False, packages_skip_build_finished=False, packages_select_test_failures=False, packages_skip_test_passed=False, packages_select=None, packages_skip=None, packages_select_regex=None, packages_skip_regex=None, packages_start=None, packages_end=None, allow_overriding=[], cmake_args=None, cmake_target=None, cmake_target_skip_unavailable=False, cmake_clean_cache=False, cmake_clean_first=False, cmake_force_configure=False, ament_cmake_args=None, catkin_cmake_args=None, catkin_skip_building_tests=False, mixin_files=None, mixin=None, verb_parser=<colcon_mixin.mixin.mixin_argument.MixinArgumentDecorator object at 0x737491513f70>, verb_extension=<colcon_core.verb.build.BuildVerb object at 0x737491690e50>, main=<bound method BuildVerb.main of <colcon_core.verb.build.BuildVerb object at 0x737491690e50>>, mixin_verb=('build',))
[0.169s] Level 1:colcon.colcon_core.package_discovery:discover_packages(colcon_meta) check parameters
[0.169s] Level 1:colcon.colcon_core.package_discovery:discover_packages(recursive) check parameters
[0.169s] Level 1:colcon.colcon_core.package_discovery:discover_packages(ignore) check parameters
[0.169s] Level 1:colcon.colcon_core.package_discovery:discover_packages(path) check parameters
[0.169s] Level 1:colcon.colcon_core.package_discovery:discover_packages(colcon_meta) discover
[0.169s] Level 1:colcon.colcon_core.package_discovery:discover_packages(recursive) discover
[0.169s] INFO:colcon.colcon_core.package_discovery:Crawling recursively for packages in '/home/nayr/auto_patrol_robot/autopatrol_ws'
[0.169s] Level 1:colcon.colcon_core.package_identification:_identify(.) by extensions ['ignore', 'ignore_ament_install']
[0.169s] Level 1:colcon.colcon_core.package_identification:_identify(.) by extension 'ignore'
[0.169s] Level 1:colcon.colcon_core.package_identification:_identify(.) by extension 'ignore_ament_install'
[0.169s] Level 1:colcon.colcon_core.package_identification:_identify(.) by extensions ['colcon_pkg']
[0.169s] Level 1:colcon.colcon_core.package_identification:_identify(.) by extension 'colcon_pkg'
[0.169s] Level 1:colcon.colcon_core.package_identification:_identify(.) by extensions ['colcon_meta']
[0.169s] Level 1:colcon.colcon_core.package_identification:_identify(.) by extension 'colcon_meta'
[0.169s] Level 1:colcon.colcon_core.package_identification:_identify(.) by extensions ['ros']
[0.169s] Level 1:colcon.colcon_core.package_identification:_identify(.) by extension 'ros'
[0.176s] Level 1:colcon.colcon_core.package_identification:_identify(.) by extensions ['cmake', 'python']
[0.176s] Level 1:colcon.colcon_core.package_identification:_identify(.) by extension 'cmake'
[0.176s] Level 1:colcon.colcon_core.package_identification:_identify(.) by extension 'python'
[0.176s] Level 1:colcon.colcon_core.package_identification:_identify(.) by extensions ['python_setup_py']
[0.176s] Level 1:colcon.colcon_core.package_identification:_identify(.) by extension 'python_setup_py'
[0.176s] Level 1:colcon.colcon_core.package_identification:_identify(build) by extensions ['ignore', 'ignore_ament_install']
[0.176s] Level 1:colcon.colcon_core.package_identification:_identify(build) by extension 'ignore'
[0.176s] Level 1:colcon.colcon_core.package_identification:_identify(build) ignored
[0.176s] Level 1:colcon.colcon_core.package_identification:_identify(install) by extensions ['ignore', 'ignore_ament_install']
[0.176s] Level 1:colcon.colcon_core.package_identification:_identify(install) by extension 'ignore'
[0.176s] Level 1:colcon.colcon_core.package_identification:_identify(install) ignored
[0.176s] Level 1:colcon.colcon_core.package_identification:_identify(log) by extensions ['ignore', 'ignore_ament_install']
[0.176s] Level 1:colcon.colcon_core.package_identification:_identify(log) by extension 'ignore'
[0.176s] Level 1:colcon.colcon_core.package_identification:_identify(log) ignored
[0.176s] Level 1:colcon.colcon_core.package_identification:_identify(media) by extensions ['ignore', 'ignore_ament_install']
[0.176s] Level 1:colcon.colcon_core.package_identification:_identify(media) by extension 'ignore'
[0.177s] Level 1:colcon.colcon_core.package_identification:_identify(media) by extension 'ignore_ament_install'
[0.177s] Level 1:colcon.colcon_core.package_identification:_identify(media) by extensions ['colcon_pkg']
[0.177s] Level 1:colcon.colcon_core.package_identification:_identify(media) by extension 'colcon_pkg'
[0.177s] Level 1:colcon.colcon_core.package_identification:_identify(media) by extensions ['colcon_meta']
[0.177s] Level 1:colcon.colcon_core.package_identification:_identify(media) by extension 'colcon_meta'
[0.177s] Level 1:colcon.colcon_core.package_identification:_identify(media) by extensions ['ros']
[0.177s] Level 1:colcon.colcon_core.package_identification:_identify(media) by extension 'ros'
[0.177s] Level 1:colcon.colcon_core.package_identification:_identify(media) by extensions ['cmake', 'python']
[0.177s] Level 1:colcon.colcon_core.package_identification:_identify(media) by extension 'cmake'
[0.177s] Level 1:colcon.colcon_core.package_identification:_identify(media) by extension 'python'
[0.177s] Level 1:colcon.colcon_core.package_identification:_identify(media) by extensions ['python_setup_py']
[0.177s] Level 1:colcon.colcon_core.package_identification:_identify(media) by extension 'python_setup_py'
[0.177s] Level 1:colcon.colcon_core.package_identification:_identify(src) by extensions ['ignore', 'ignore_ament_install']
[0.177s] Level 1:colcon.colcon_core.package_identification:_identify(src) by extension 'ignore'
[0.177s] Level 1:colcon.colcon_core.package_identification:_identify(src) by extension 'ignore_ament_install'
[0.177s] Level 1:colcon.colcon_core.package_identification:_identify(src) by extensions ['colcon_pkg']
[0.177s] Level 1:colcon.colcon_core.package_identification:_identify(src) by extension 'colcon_pkg'
[0.177s] Level 1:colcon.colcon_core.package_identification:_identify(src) by extensions ['colcon_meta']
[0.177s] Level 1:colcon.colcon_core.package_identification:_identify(src) by extension 'colcon_meta'
[0.177s] Level 1:colcon.colcon_core.package_identification:_identify(src) by extensions ['ros']
[0.177s] Level 1:colcon.colcon_core.package_identification:_identify(src) by extension 'ros'
[0.177s] Level 1:colcon.colcon_core.package_identification:_identify(src) by extensions ['cmake', 'python']
[0.177s] Level 1:colcon.colcon_core.package_identification:_identify(src) by extension 'cmake'
[0.177s] Level 1:colcon.colcon_core.package_identification:_identify(src) by extension 'python'
[0.177s] Level 1:colcon.colcon_core.package_identification:_identify(src) by extensions ['python_setup_py']
[0.177s] Level 1:colcon.colcon_core.package_identification:_identify(src) by extension 'python_setup_py'
[0.177s] Level 1:colcon.colcon_core.package_identification:_identify(src/autopatrol_interfaces) by extensions ['ignore', 'ignore_ament_install']
[0.177s] Level 1:colcon.colcon_core.package_identification:_identify(src/autopatrol_interfaces) by extension 'ignore'
[0.177s] Level 1:colcon.colcon_core.package_identification:_identify(src/autopatrol_interfaces) by extension 'ignore_ament_install'
[0.177s] Level 1:colcon.colcon_core.package_identification:_identify(src/autopatrol_interfaces) by extensions ['colcon_pkg']
[0.177s] Level 1:colcon.colcon_core.package_identification:_identify(src/autopatrol_interfaces) by extension 'colcon_pkg'
[0.177s] Level 1:colcon.colcon_core.package_identification:_identify(src/autopatrol_interfaces) by extensions ['colcon_meta']
[0.177s] Level 1:colcon.colcon_core.package_identification:_identify(src/autopatrol_interfaces) by extension 'colcon_meta'
[0.177s] Level 1:colcon.colcon_core.package_identification:_identify(src/autopatrol_interfaces) by extensions ['ros']
[0.177s] Level 1:colcon.colcon_core.package_identification:_identify(src/autopatrol_interfaces) by extension 'ros'
[0.179s] DEBUG:colcon.colcon_core.package_identification:Package 'src/autopatrol_interfaces' with type 'ros.ament_cmake' and name 'autopatrol_interfaces'
[0.179s] Level 1:colcon.colcon_core.package_identification:_identify(src/autopatrol_robot) by extensions ['ignore', 'ignore_ament_install']
[0.179s] Level 1:colcon.colcon_core.package_identification:_identify(src/autopatrol_robot) by extension 'ignore'
[0.179s] Level 1:colcon.colcon_core.package_identification:_identify(src/autopatrol_robot) by extension 'ignore_ament_install'
[0.179s] Level 1:colcon.colcon_core.package_identification:_identify(src/autopatrol_robot) by extensions ['colcon_pkg']
[0.179s] Level 1:colcon.colcon_core.package_identification:_identify(src/autopatrol_robot) by extension 'colcon_pkg'
[0.179s] Level 1:colcon.colcon_core.package_identification:_identify(src/autopatrol_robot) by extensions ['colcon_meta']
[0.179s] Level 1:colcon.colcon_core.package_identification:_identify(src/autopatrol_robot) by extension 'colcon_meta'
[0.179s] Level 1:colcon.colcon_core.package_identification:_identify(src/autopatrol_robot) by extensions ['ros']
[0.179s] Level 1:colcon.colcon_core.package_identification:_identify(src/autopatrol_robot) by extension 'ros'
[0.180s] DEBUG:colcon.colcon_core.package_identification:Package 'src/autopatrol_robot' with type 'ros.ament_python' and name 'autopatrol_robot'
[0.180s] Level 1:colcon.colcon_core.package_identification:_identify(src/robot_description) by extensions ['ignore', 'ignore_ament_install']
[0.180s] Level 1:colcon.colcon_core.package_identification:_identify(src/robot_description) by extension 'ignore'
[0.180s] Level 1:colcon.colcon_core.package_identification:_identify(src/robot_description) by extension 'ignore_ament_install'
[0.180s] Level 1:colcon.colcon_core.package_identification:_identify(src/robot_description) by extensions ['colcon_pkg']
[0.180s] Level 1:colcon.colcon_core.package_identification:_identify(src/robot_description) by extension 'colcon_pkg'
[0.180s] Level 1:colcon.colcon_core.package_identification:_identify(src/robot_description) by extensions ['colcon_meta']
[0.180s] Level 1:colcon.colcon_core.package_identification:_identify(src/robot_description) by extension 'colcon_meta'
[0.180s] Level 1:colcon.colcon_core.package_identification:_identify(src/robot_description) by extensions ['ros']
[0.180s] Level 1:colcon.colcon_core.package_identification:_identify(src/robot_description) by extension 'ros'
[0.180s] DEBUG:colcon.colcon_core.package_identification:Package 'src/robot_description' with type 'ros.ament_cmake' and name 'robot_description'
[0.180s] Level 1:colcon.colcon_core.package_identification:_identify(src/robot_navigation2) by extensions ['ignore', 'ignore_ament_install']
[0.180s] Level 1:colcon.colcon_core.package_identification:_identify(src/robot_navigation2) by extension 'ignore'
[0.180s] Level 1:colcon.colcon_core.package_identification:_identify(src/robot_navigation2) by extension 'ignore_ament_install'
[0.180s] Level 1:colcon.colcon_core.package_identification:_identify(src/robot_navigation2) by extensions ['colcon_pkg']
[0.180s] Level 1:colcon.colcon_core.package_identification:_identify(src/robot_navigation2) by extension 'colcon_pkg'
[0.180s] Level 1:colcon.colcon_core.package_identification:_identify(src/robot_navigation2) by extensions ['colcon_meta']
[0.180s] Level 1:colcon.colcon_core.package_identification:_identify(src/robot_navigation2) by extension 'colcon_meta'
[0.180s] Level 1:colcon.colcon_core.package_identification:_identify(src/robot_navigation2) by extensions ['ros']
[0.180s] Level 1:colcon.colcon_core.package_identification:_identify(src/robot_navigation2) by extension 'ros'
[0.181s] DEBUG:colcon.colcon_core.package_identification:Package 'src/robot_navigation2' with type 'ros.ament_cmake' and name 'robot_navigation2'
[0.181s] Level 1:colcon.colcon_core.package_discovery:discover_packages(recursive) using defaults
[0.181s] Level 1:colcon.colcon_core.package_discovery:discover_packages(ignore) discover
[0.181s] Level 1:colcon.colcon_core.package_discovery:discover_packages(ignore) using defaults
[0.181s] Level 1:colcon.colcon_core.package_discovery:discover_packages(path) discover
[0.181s] Level 1:colcon.colcon_core.package_discovery:discover_packages(path) using defaults
[0.200s] Level 1:colcon.colcon_core.package_discovery:discover_packages(prefix_path) check parameters
[0.200s] Level 1:colcon.colcon_core.package_discovery:discover_packages(prefix_path) discover
[0.201s] DEBUG:colcon.colcon_installed_package_information.package_discovery:Found 4 installed packages in /home/nayr/auto_patrol_robot/autopatrol_ws/install
[0.201s] DEBUG:colcon.colcon_installed_package_information.package_discovery:Found 5 installed packages in /home/nayr/FishRos/ch7/ch7_ws/install
[0.202s] DEBUG:colcon.colcon_installed_package_information.package_discovery:Found 376 installed packages in /opt/ros/humble
[0.203s] Level 1:colcon.colcon_core.package_discovery:discover_packages(prefix_path) using defaults
[0.229s] Level 5:colcon.colcon_core.verb:set package 'autopatrol_interfaces' build argument 'cmake_args' from command line to 'None'
[0.229s] Level 5:colcon.colcon_core.verb:set package 'autopatrol_interfaces' build argument 'cmake_target' from command line to 'None'
[0.229s] Level 5:colcon.colcon_core.verb:set package 'autopatrol_interfaces' build argument 'cmake_target_skip_unavailable' from command line to 'False'
[0.229s] Level 5:colcon.colcon_core.verb:set package 'autopatrol_interfaces' build argument 'cmake_clean_cache' from command line to 'False'
[0.229s] Level 5:colcon.colcon_core.verb:set package 'autopatrol_interfaces' build argument 'cmake_clean_first' from command line to 'False'
[0.229s] Level 5:colcon.colcon_core.verb:set package 'autopatrol_interfaces' build argument 'cmake_force_configure' from command line to 'False'
[0.229s] Level 5:colcon.colcon_core.verb:set package 'autopatrol_interfaces' build argument 'ament_cmake_args' from command line to 'None'
[0.229s] Level 5:colcon.colcon_core.verb:set package 'autopatrol_interfaces' build argument 'catkin_cmake_args' from command line to 'None'
[0.229s] Level 5:colcon.colcon_core.verb:set package 'autopatrol_interfaces' build argument 'catkin_skip_building_tests' from command line to 'False'
[0.229s] DEBUG:colcon.colcon_core.verb:Building package 'autopatrol_interfaces' with the following arguments: {'ament_cmake_args': None, 'build_base': '/home/nayr/auto_patrol_robot/autopatrol_ws/build/autopatrol_interfaces', 'catkin_cmake_args': None, 'catkin_skip_building_tests': False, 'cmake_args': None, 'cmake_clean_cache': False, 'cmake_clean_first': False, 'cmake_force_configure': False, 'cmake_target': None, 'cmake_target_skip_unavailable': False, 'install_base': '/home/nayr/auto_patrol_robot/autopatrol_ws/install/autopatrol_interfaces', 'merge_install': False, 'path': '/home/nayr/auto_patrol_robot/autopatrol_ws/src/autopatrol_interfaces', 'symlink_install': False, 'test_result_base': None}
[0.229s] Level 5:colcon.colcon_core.verb:set package 'autopatrol_robot' build argument 'cmake_args' from command line to 'None'
[0.229s] Level 5:colcon.colcon_core.verb:set package 'autopatrol_robot' build argument 'cmake_target' from command line to 'None'
[0.229s] Level 5:colcon.colcon_core.verb:set package 'autopatrol_robot' build argument 'cmake_target_skip_unavailable' from command line to 'False'
[0.229s] Level 5:colcon.colcon_core.verb:set package 'autopatrol_robot' build argument 'cmake_clean_cache' from command line to 'False'
[0.229s] Level 5:colcon.colcon_core.verb:set package 'autopatrol_robot' build argument 'cmake_clean_first' from command line to 'False'
[0.229s] Level 5:colcon.colcon_core.verb:set package 'autopatrol_robot' build argument 'cmake_force_configure' from command line to 'False'
[0.229s] Level 5:colcon.colcon_core.verb:set package 'autopatrol_robot' build argument 'ament_cmake_args' from command line to 'None'
[0.229s] Level 5:colcon.colcon_core.verb:set package 'autopatrol_robot' build argument 'catkin_cmake_args' from command line to 'None'
[0.229s] Level 5:colcon.colcon_core.verb:set package 'autopatrol_robot' build argument 'catkin_skip_building_tests' from command line to 'False'
[0.229s] DEBUG:colcon.colcon_core.verb:Building package 'autopatrol_robot' with the following arguments: {'ament_cmake_args': None, 'build_base': '/home/nayr/auto_patrol_robot/autopatrol_ws/build/autopatrol_robot', 'catkin_cmake_args': None, 'catkin_skip_building_tests': False, 'cmake_args': None, 'cmake_clean_cache': False, 'cmake_clean_first': False, 'cmake_force_configure': False, 'cmake_target': None, 'cmake_target_skip_unavailable': False, 'install_base': '/home/nayr/auto_patrol_robot/autopatrol_ws/install/autopatrol_robot', 'merge_install': False, 'path': '/home/nayr/auto_patrol_robot/autopatrol_ws/src/autopatrol_robot', 'symlink_install': False, 'test_result_base': None}
[0.229s] Level 5:colcon.colcon_core.verb:set package 'robot_description' build argument 'cmake_args' from command line to 'None'
[0.229s] Level 5:colcon.colcon_core.verb:set package 'robot_description' build argument 'cmake_target' from command line to 'None'
[0.229s] Level 5:colcon.colcon_core.verb:set package 'robot_description' build argument 'cmake_target_skip_unavailable' from command line to 'False'
[0.229s] Level 5:colcon.colcon_core.verb:set package 'robot_description' build argument 'cmake_clean_cache' from command line to 'False'
[0.229s] Level 5:colcon.colcon_core.verb:set package 'robot_description' build argument 'cmake_clean_first' from command line to 'False'
[0.229s] Level 5:colcon.colcon_core.verb:set package 'robot_description' build argument 'cmake_force_configure' from command line to 'False'
[0.230s] Level 5:colcon.colcon_core.verb:set package 'robot_description' build argument 'ament_cmake_args' from command line to 'None'
[0.230s] Level 5:colcon.colcon_core.verb:set package 'robot_description' build argument 'catkin_cmake_args' from command line to 'None'
[0.230s] Level 5:colcon.colcon_core.verb:set package 'robot_description' build argument 'catkin_skip_building_tests' from command line to 'False'
[0.230s] DEBUG:colcon.colcon_core.verb:Building package 'robot_description' with the following arguments: {'ament_cmake_args': None, 'build_base': '/home/nayr/auto_patrol_robot/autopatrol_ws/build/robot_description', 'catkin_cmake_args': None, 'catkin_skip_building_tests': False, 'cmake_args': None, 'cmake_clean_cache': False, 'cmake_clean_first': False, 'cmake_force_configure': False, 'cmake_target': None, 'cmake_target_skip_unavailable': False, 'install_base': '/home/nayr/auto_patrol_robot/autopatrol_ws/install/robot_description', 'merge_install': False, 'path': '/home/nayr/auto_patrol_robot/autopatrol_ws/src/robot_description', 'symlink_install': False, 'test_result_base': None}
[0.230s] Level 5:colcon.colcon_core.verb:set package 'robot_navigation2' build argument 'cmake_args' from command line to 'None'
[0.230s] Level 5:colcon.colcon_core.verb:set package 'robot_navigation2' build argument 'cmake_target' from command line to 'None'
[0.230s] Level 5:colcon.colcon_core.verb:set package 'robot_navigation2' build argument 'cmake_target_skip_unavailable' from command line to 'False'
[0.230s] Level 5:colcon.colcon_core.verb:set package 'robot_navigation2' build argument 'cmake_clean_cache' from command line to 'False'
[0.230s] Level 5:colcon.colcon_core.verb:set package 'robot_navigation2' build argument 'cmake_clean_first' from command line to 'False'
[0.230s] Level 5:colcon.colcon_core.verb:set package 'robot_navigation2' build argument 'cmake_force_configure' from command line to 'False'
[0.230s] Level 5:colcon.colcon_core.verb:set package 'robot_navigation2' build argument 'ament_cmake_args' from command line to 'None'
[0.230s] Level 5:colcon.colcon_core.verb:set package 'robot_navigation2' build argument 'catkin_cmake_args' from command line to 'None'
[0.230s] Level 5:colcon.colcon_core.verb:set package 'robot_navigation2' build argument 'catkin_skip_building_tests' from command line to 'False'
[0.230s] DEBUG:colcon.colcon_core.verb:Building package 'robot_navigation2' with the following arguments: {'ament_cmake_args': None, 'build_base': '/home/nayr/auto_patrol_robot/autopatrol_ws/build/robot_navigation2', 'catkin_cmake_args': None, 'catkin_skip_building_tests': False, 'cmake_args': None, 'cmake_clean_cache': False, 'cmake_clean_first': False, 'cmake_force_configure': False, 'cmake_target': None, 'cmake_target_skip_unavailable': False, 'install_base': '/home/nayr/auto_patrol_robot/autopatrol_ws/install/robot_navigation2', 'merge_install': False, 'path': '/home/nayr/auto_patrol_robot/autopatrol_ws/src/robot_navigation2', 'symlink_install': False, 'test_result_base': None}
[0.230s] INFO:colcon.colcon_core.executor:Executing jobs using 'parallel' executor
[0.231s] DEBUG:colcon.colcon_parallel_executor.executor.parallel:run_until_complete
[0.231s] INFO:colcon.colcon_ros.task.ament_cmake.build:Building ROS package in '/home/nayr/auto_patrol_robot/autopatrol_ws/src/autopatrol_interfaces' with build type 'ament_cmake'
[0.231s] INFO:colcon.colcon_cmake.task.cmake.build:Building CMake package in '/home/nayr/auto_patrol_robot/autopatrol_ws/src/autopatrol_interfaces'
[0.232s] INFO:colcon.colcon_core.plugin_system:Skipping extension 'colcon_core.shell.bat': Not used on non-Windows systems
[0.232s] INFO:colcon.colcon_core.shell:Skip shell extension 'powershell' for command environment: Not usable outside of PowerShell
[0.232s] DEBUG:colcon.colcon_core.shell:Skip shell extension 'dsv' for command environment
[0.235s] INFO:colcon.colcon_ros.task.ament_python.build:Building ROS package in '/home/nayr/auto_patrol_robot/autopatrol_ws/src/autopatrol_robot' with build type 'ament_python'
[0.235s] Level 1:colcon.colcon_core.shell:create_environment_hook('autopatrol_robot', 'ament_prefix_path')
[0.235s] INFO:colcon.colcon_core.shell:Creating environment hook '/home/nayr/auto_patrol_robot/autopatrol_ws/install/autopatrol_robot/share/autopatrol_robot/hook/ament_prefix_path.ps1'
[0.235s] INFO:colcon.colcon_core.shell:Creating environment descriptor '/home/nayr/auto_patrol_robot/autopatrol_ws/install/autopatrol_robot/share/autopatrol_robot/hook/ament_prefix_path.dsv'
[0.236s] INFO:colcon.colcon_core.shell:Creating environment hook '/home/nayr/auto_patrol_robot/autopatrol_ws/install/autopatrol_robot/share/autopatrol_robot/hook/ament_prefix_path.sh'
[0.236s] INFO:colcon.colcon_core.shell:Skip shell extension 'powershell' for command environment: Not usable outside of PowerShell
[0.236s] DEBUG:colcon.colcon_core.shell:Skip shell extension 'dsv' for command environment
[0.238s] INFO:colcon.colcon_ros.task.ament_cmake.build:Building ROS package in '/home/nayr/auto_patrol_robot/autopatrol_ws/src/robot_description' with build type 'ament_cmake'
[0.238s] INFO:colcon.colcon_cmake.task.cmake.build:Building CMake package in '/home/nayr/auto_patrol_robot/autopatrol_ws/src/robot_description'
[0.239s] INFO:colcon.colcon_core.shell:Skip shell extension 'powershell' for command environment: Not usable outside of PowerShell
[0.239s] DEBUG:colcon.colcon_core.shell:Skip shell extension 'dsv' for command environment
[0.259s] INFO:colcon.colcon_ros.task.ament_cmake.build:Building ROS package in '/home/nayr/auto_patrol_robot/autopatrol_ws/src/robot_navigation2' with build type 'ament_cmake'
[0.259s] INFO:colcon.colcon_cmake.task.cmake.build:Building CMake package in '/home/nayr/auto_patrol_robot/autopatrol_ws/src/robot_navigation2'
[0.260s] INFO:colcon.colcon_core.shell:Skip shell extension 'powershell' for command environment: Not usable outside of PowerShell
[0.260s] DEBUG:colcon.colcon_core.shell:Skip shell extension 'dsv' for command environment
[0.265s] DEBUG:colcon.colcon_core.event_handler.log_command:Invoking command in '/home/nayr/auto_patrol_robot/autopatrol_ws/build/autopatrol_interfaces': CMAKE_PREFIX_PATH=${CMAKE_PREFIX_PATH}:/home/nayr/auto_patrol_robot/autopatrol_ws/install/autopatrol_robot:/home/nayr/FishRos/ch7/ch7_ws/install/fishbot_application:/home/nayr/FishRos/ch7/ch7_ws/install/autopatrol_robot:/opt/ros/humble /usr/bin/cmake --build /home/nayr/auto_patrol_robot/autopatrol_ws/build/autopatrol_interfaces -- -j16 -l16
[0.433s] INFO:colcon.colcon_core.task.python.build:Building Python package in '/home/nayr/auto_patrol_robot/autopatrol_ws/src/autopatrol_robot'
[0.433s] INFO:colcon.colcon_core.shell:Skip shell extension 'powershell' for command environment: Not usable outside of PowerShell
[0.434s] DEBUG:colcon.colcon_core.shell:Skip shell extension 'dsv' for command environment
[0.439s] DEBUG:colcon.colcon_core.event_handler.log_command:Invoking command in '/home/nayr/auto_patrol_robot/autopatrol_ws/build/robot_description': CMAKE_PREFIX_PATH=${CMAKE_PREFIX_PATH}:/home/nayr/auto_patrol_robot/autopatrol_ws/install/autopatrol_robot:/home/nayr/FishRos/ch7/ch7_ws/install/fishbot_application:/home/nayr/FishRos/ch7/ch7_ws/install/autopatrol_robot:/opt/ros/humble /usr/bin/cmake --build /home/nayr/auto_patrol_robot/autopatrol_ws/build/robot_description -- -j16 -l16
[0.444s] DEBUG:colcon.colcon_core.event_handler.log_command:Invoking command in '/home/nayr/auto_patrol_robot/autopatrol_ws/build/robot_navigation2': CMAKE_PREFIX_PATH=${CMAKE_PREFIX_PATH}:/home/nayr/auto_patrol_robot/autopatrol_ws/install/autopatrol_robot:/home/nayr/FishRos/ch7/ch7_ws/install/fishbot_application:/home/nayr/FishRos/ch7/ch7_ws/install/autopatrol_robot:/opt/ros/humble /usr/bin/cmake --build /home/nayr/auto_patrol_robot/autopatrol_ws/build/robot_navigation2 -- -j16 -l16
[0.484s] DEBUG:colcon.colcon_core.event_handler.log_command:Invoked command in '/home/nayr/auto_patrol_robot/autopatrol_ws/build/robot_description' returned '0': CMAKE_PREFIX_PATH=${CMAKE_PREFIX_PATH}:/home/nayr/auto_patrol_robot/autopatrol_ws/install/autopatrol_robot:/home/nayr/FishRos/ch7/ch7_ws/install/fishbot_application:/home/nayr/FishRos/ch7/ch7_ws/install/autopatrol_robot:/opt/ros/humble /usr/bin/cmake --build /home/nayr/auto_patrol_robot/autopatrol_ws/build/robot_description -- -j16 -l16
[0.492s] DEBUG:colcon.colcon_core.event_handler.log_command:Invoking command in '/home/nayr/auto_patrol_robot/autopatrol_ws/build/robot_description': CMAKE_PREFIX_PATH=${CMAKE_PREFIX_PATH}:/home/nayr/auto_patrol_robot/autopatrol_ws/install/autopatrol_robot:/home/nayr/FishRos/ch7/ch7_ws/install/fishbot_application:/home/nayr/FishRos/ch7/ch7_ws/install/autopatrol_robot:/opt/ros/humble /usr/bin/cmake --install /home/nayr/auto_patrol_robot/autopatrol_ws/build/robot_description
[0.492s] DEBUG:colcon.colcon_core.event_handler.log_command:Invoked command in '/home/nayr/auto_patrol_robot/autopatrol_ws/build/robot_navigation2' returned '0': CMAKE_PREFIX_PATH=${CMAKE_PREFIX_PATH}:/home/nayr/auto_patrol_robot/autopatrol_ws/install/autopatrol_robot:/home/nayr/FishRos/ch7/ch7_ws/install/fishbot_application:/home/nayr/FishRos/ch7/ch7_ws/install/autopatrol_robot:/opt/ros/humble /usr/bin/cmake --build /home/nayr/auto_patrol_robot/autopatrol_ws/build/robot_navigation2 -- -j16 -l16
[0.493s] DEBUG:colcon.colcon_core.event_handler.log_command:Invoking command in '/home/nayr/auto_patrol_robot/autopatrol_ws/build/robot_navigation2': CMAKE_PREFIX_PATH=${CMAKE_PREFIX_PATH}:/home/nayr/auto_patrol_robot/autopatrol_ws/install/autopatrol_robot:/home/nayr/FishRos/ch7/ch7_ws/install/fishbot_application:/home/nayr/FishRos/ch7/ch7_ws/install/autopatrol_robot:/opt/ros/humble /usr/bin/cmake --install /home/nayr/auto_patrol_robot/autopatrol_ws/build/robot_navigation2
[0.552s] Level 1:colcon.colcon_core.environment:create_environment_scripts_only(robot_description)
[0.554s] DEBUG:colcon.colcon_core.event_handler.log_command:Invoked command in '/home/nayr/auto_patrol_robot/autopatrol_ws/build/robot_description' returned '0': CMAKE_PREFIX_PATH=${CMAKE_PREFIX_PATH}:/home/nayr/auto_patrol_robot/autopatrol_ws/install/autopatrol_robot:/home/nayr/FishRos/ch7/ch7_ws/install/fishbot_application:/home/nayr/FishRos/ch7/ch7_ws/install/autopatrol_robot:/opt/ros/humble /usr/bin/cmake --install /home/nayr/auto_patrol_robot/autopatrol_ws/build/robot_description
[0.560s] Level 1:colcon.colcon_core.environment:checking '/home/nayr/auto_patrol_robot/autopatrol_ws/install/robot_description' for CMake module files
[0.561s] Level 1:colcon.colcon_core.environment:checking '/home/nayr/auto_patrol_robot/autopatrol_ws/install/robot_description' for CMake config files
[0.562s] Level 1:colcon.colcon_core.shell:create_environment_hook('robot_description', 'cmake_prefix_path')
[0.563s] INFO:colcon.colcon_core.shell:Creating environment hook '/home/nayr/auto_patrol_robot/autopatrol_ws/install/robot_description/share/robot_description/hook/cmake_prefix_path.ps1'
[0.564s] INFO:colcon.colcon_core.shell:Creating environment descriptor '/home/nayr/auto_patrol_robot/autopatrol_ws/install/robot_description/share/robot_description/hook/cmake_prefix_path.dsv'
[0.564s] INFO:colcon.colcon_core.shell:Creating environment hook '/home/nayr/auto_patrol_robot/autopatrol_ws/install/robot_description/share/robot_description/hook/cmake_prefix_path.sh'
[0.566s] Level 1:colcon.colcon_core.environment:checking '/home/nayr/auto_patrol_robot/autopatrol_ws/install/robot_description/bin'
[0.566s] Level 1:colcon.colcon_core.environment:checking '/home/nayr/auto_patrol_robot/autopatrol_ws/install/robot_description/lib/pkgconfig/robot_description.pc'
[0.566s] Level 1:colcon.colcon_core.environment:checking '/home/nayr/auto_patrol_robot/autopatrol_ws/install/robot_description/lib/python3.10/site-packages'
[0.567s] Level 1:colcon.colcon_core.environment:checking '/home/nayr/auto_patrol_robot/autopatrol_ws/install/robot_description/bin'
[0.567s] INFO:colcon.colcon_core.shell:Creating package script '/home/nayr/auto_patrol_robot/autopatrol_ws/install/robot_description/share/robot_description/package.ps1'
[0.568s] INFO:colcon.colcon_core.shell:Creating package descriptor '/home/nayr/auto_patrol_robot/autopatrol_ws/install/robot_description/share/robot_description/package.dsv'
[0.568s] INFO:colcon.colcon_core.shell:Creating package script '/home/nayr/auto_patrol_robot/autopatrol_ws/install/robot_description/share/robot_description/package.sh'
[0.643s] INFO:colcon.colcon_core.shell:Creating package script '/home/nayr/auto_patrol_robot/autopatrol_ws/install/robot_description/share/robot_description/package.bash'
[0.644s] INFO:colcon.colcon_core.shell:Creating package script '/home/nayr/auto_patrol_robot/autopatrol_ws/install/robot_description/share/robot_description/package.zsh'
[0.644s] Level 1:colcon.colcon_core.environment:create_file_with_runtime_dependencies(/home/nayr/auto_patrol_robot/autopatrol_ws/install/robot_description/share/colcon-core/packages/robot_description)
[0.644s] Level 1:colcon.colcon_core.environment:create_environment_scripts_only(robot_description)
[0.644s] Level 1:colcon.colcon_core.environment:checking '/home/nayr/auto_patrol_robot/autopatrol_ws/install/robot_description' for CMake module files
[0.645s] Level 1:colcon.colcon_core.environment:checking '/home/nayr/auto_patrol_robot/autopatrol_ws/install/robot_description' for CMake config files
[0.645s] Level 1:colcon.colcon_core.shell:create_environment_hook('robot_description', 'cmake_prefix_path')
[0.645s] INFO:colcon.colcon_core.shell:Creating environment hook '/home/nayr/auto_patrol_robot/autopatrol_ws/install/robot_description/share/robot_description/hook/cmake_prefix_path.ps1'
[0.645s] INFO:colcon.colcon_core.shell:Creating environment descriptor '/home/nayr/auto_patrol_robot/autopatrol_ws/install/robot_description/share/robot_description/hook/cmake_prefix_path.dsv'
[0.645s] INFO:colcon.colcon_core.shell:Creating environment hook '/home/nayr/auto_patrol_robot/autopatrol_ws/install/robot_description/share/robot_description/hook/cmake_prefix_path.sh'
[0.646s] Level 1:colcon.colcon_core.environment:checking '/home/nayr/auto_patrol_robot/autopatrol_ws/install/robot_description/bin'
[0.646s] Level 1:colcon.colcon_core.environment:checking '/home/nayr/auto_patrol_robot/autopatrol_ws/install/robot_description/lib/pkgconfig/robot_description.pc'
[0.646s] Level 1:colcon.colcon_core.environment:checking '/home/nayr/auto_patrol_robot/autopatrol_ws/install/robot_description/lib/python3.10/site-packages'
[0.646s] Level 1:colcon.colcon_core.environment:checking '/home/nayr/auto_patrol_robot/autopatrol_ws/install/robot_description/bin'
[0.646s] INFO:colcon.colcon_core.shell:Creating package script '/home/nayr/auto_patrol_robot/autopatrol_ws/install/robot_description/share/robot_description/package.ps1'
[0.705s] INFO:colcon.colcon_core.shell:Creating package descriptor '/home/nayr/auto_patrol_robot/autopatrol_ws/install/robot_description/share/robot_description/package.dsv'
[0.705s] INFO:colcon.colcon_core.shell:Creating package script '/home/nayr/auto_patrol_robot/autopatrol_ws/install/robot_description/share/robot_description/package.sh'
[0.706s] INFO:colcon.colcon_core.shell:Creating package script '/home/nayr/auto_patrol_robot/autopatrol_ws/install/robot_description/share/robot_description/package.bash'
[0.706s] INFO:colcon.colcon_core.shell:Creating package script '/home/nayr/auto_patrol_robot/autopatrol_ws/install/robot_description/share/robot_description/package.zsh'
[0.706s] Level 1:colcon.colcon_core.environment:create_file_with_runtime_dependencies(/home/nayr/auto_patrol_robot/autopatrol_ws/install/robot_description/share/colcon-core/packages/robot_description)
[0.707s] Level 1:colcon.colcon_core.environment:create_environment_scripts_only(robot_navigation2)
[0.707s] Level 1:colcon.colcon_core.environment:checking '/home/nayr/auto_patrol_robot/autopatrol_ws/install/robot_navigation2' for CMake module files
[0.707s] Level 1:colcon.colcon_core.environment:checking '/home/nayr/auto_patrol_robot/autopatrol_ws/install/robot_navigation2' for CMake config files
[0.708s] DEBUG:colcon.colcon_core.event_handler.log_command:Invoked command in '/home/nayr/auto_patrol_robot/autopatrol_ws/build/robot_navigation2' returned '0': CMAKE_PREFIX_PATH=${CMAKE_PREFIX_PATH}:/home/nayr/auto_patrol_robot/autopatrol_ws/install/autopatrol_robot:/home/nayr/FishRos/ch7/ch7_ws/install/fishbot_application:/home/nayr/FishRos/ch7/ch7_ws/install/autopatrol_robot:/opt/ros/humble /usr/bin/cmake --install /home/nayr/auto_patrol_robot/autopatrol_ws/build/robot_navigation2
[0.708s] Level 1:colcon.colcon_core.shell:create_environment_hook('robot_navigation2', 'cmake_prefix_path')
[0.708s] INFO:colcon.colcon_core.shell:Creating environment hook '/home/nayr/auto_patrol_robot/autopatrol_ws/install/robot_navigation2/share/robot_navigation2/hook/cmake_prefix_path.ps1'
[0.761s] INFO:colcon.colcon_core.shell:Creating environment descriptor '/home/nayr/auto_patrol_robot/autopatrol_ws/install/robot_navigation2/share/robot_navigation2/hook/cmake_prefix_path.dsv'
[0.762s] INFO:colcon.colcon_core.shell:Creating environment hook '/home/nayr/auto_patrol_robot/autopatrol_ws/install/robot_navigation2/share/robot_navigation2/hook/cmake_prefix_path.sh'
[0.762s] Level 1:colcon.colcon_core.environment:checking '/home/nayr/auto_patrol_robot/autopatrol_ws/install/robot_navigation2/bin'
[0.762s] Level 1:colcon.colcon_core.environment:checking '/home/nayr/auto_patrol_robot/autopatrol_ws/install/robot_navigation2/lib/pkgconfig/robot_navigation2.pc'
[0.762s] Level 1:colcon.colcon_core.environment:checking '/home/nayr/auto_patrol_robot/autopatrol_ws/install/robot_navigation2/lib/python3.10/site-packages'
[0.762s] Level 1:colcon.colcon_core.environment:checking '/home/nayr/auto_patrol_robot/autopatrol_ws/install/robot_navigation2/bin'
[0.763s] INFO:colcon.colcon_core.shell:Creating package script '/home/nayr/auto_patrol_robot/autopatrol_ws/install/robot_navigation2/share/robot_navigation2/package.ps1'
[0.763s] INFO:colcon.colcon_core.shell:Creating package descriptor '/home/nayr/auto_patrol_robot/autopatrol_ws/install/robot_navigation2/share/robot_navigation2/package.dsv'
[0.763s] INFO:colcon.colcon_core.shell:Creating package script '/home/nayr/auto_patrol_robot/autopatrol_ws/install/robot_navigation2/share/robot_navigation2/package.sh'
[0.817s] INFO:colcon.colcon_core.shell:Creating package script '/home/nayr/auto_patrol_robot/autopatrol_ws/install/robot_navigation2/share/robot_navigation2/package.bash'
[0.819s] INFO:colcon.colcon_core.shell:Creating package script '/home/nayr/auto_patrol_robot/autopatrol_ws/install/robot_navigation2/share/robot_navigation2/package.zsh'
[0.820s] Level 1:colcon.colcon_core.environment:create_file_with_runtime_dependencies(/home/nayr/auto_patrol_robot/autopatrol_ws/install/robot_navigation2/share/colcon-core/packages/robot_navigation2)
[0.821s] Level 1:colcon.colcon_core.environment:create_environment_scripts_only(robot_navigation2)
[0.822s] Level 1:colcon.colcon_core.environment:checking '/home/nayr/auto_patrol_robot/autopatrol_ws/install/robot_navigation2' for CMake module files
[0.823s] Level 1:colcon.colcon_core.environment:checking '/home/nayr/auto_patrol_robot/autopatrol_ws/install/robot_navigation2' for CMake config files
[0.824s] Level 1:colcon.colcon_core.shell:create_environment_hook('robot_navigation2', 'cmake_prefix_path')
[0.824s] INFO:colcon.colcon_core.shell:Creating environment hook '/home/nayr/auto_patrol_robot/autopatrol_ws/install/robot_navigation2/share/robot_navigation2/hook/cmake_prefix_path.ps1'
[0.825s] INFO:colcon.colcon_core.shell:Creating environment descriptor '/home/nayr/auto_patrol_robot/autopatrol_ws/install/robot_navigation2/share/robot_navigation2/hook/cmake_prefix_path.dsv'
[0.826s] INFO:colcon.colcon_core.shell:Creating environment hook '/home/nayr/auto_patrol_robot/autopatrol_ws/install/robot_navigation2/share/robot_navigation2/hook/cmake_prefix_path.sh'
[0.828s] Level 1:colcon.colcon_core.environment:checking '/home/nayr/auto_patrol_robot/autopatrol_ws/install/robot_navigation2/bin'
[0.828s] Level 1:colcon.colcon_core.environment:checking '/home/nayr/auto_patrol_robot/autopatrol_ws/install/robot_navigation2/lib/pkgconfig/robot_navigation2.pc'
[0.828s] Level 1:colcon.colcon_core.environment:checking '/home/nayr/auto_patrol_robot/autopatrol_ws/install/robot_navigation2/lib/python3.10/site-packages'
[0.829s] Level 1:colcon.colcon_core.environment:checking '/home/nayr/auto_patrol_robot/autopatrol_ws/install/robot_navigation2/bin'
[0.830s] INFO:colcon.colcon_core.shell:Creating package script '/home/nayr/auto_patrol_robot/autopatrol_ws/install/robot_navigation2/share/robot_navigation2/package.ps1'
[0.884s] INFO:colcon.colcon_core.shell:Creating package descriptor '/home/nayr/auto_patrol_robot/autopatrol_ws/install/robot_navigation2/share/robot_navigation2/package.dsv'
[0.886s] INFO:colcon.colcon_core.shell:Creating package script '/home/nayr/auto_patrol_robot/autopatrol_ws/install/robot_navigation2/share/robot_navigation2/package.sh'
[0.887s] INFO:colcon.colcon_core.shell:Creating package script '/home/nayr/auto_patrol_robot/autopatrol_ws/install/robot_navigation2/share/robot_navigation2/package.bash'
[0.888s] INFO:colcon.colcon_core.shell:Creating package script '/home/nayr/auto_patrol_robot/autopatrol_ws/install/robot_navigation2/share/robot_navigation2/package.zsh'
[0.889s] Level 1:colcon.colcon_core.environment:create_file_with_runtime_dependencies(/home/nayr/auto_patrol_robot/autopatrol_ws/install/robot_navigation2/share/colcon-core/packages/robot_navigation2)
[0.940s] DEBUG:colcon.colcon_core.event_handler.log_command:Invoked command in '/home/nayr/auto_patrol_robot/autopatrol_ws/build/autopatrol_interfaces' returned '0': CMAKE_PREFIX_PATH=${CMAKE_PREFIX_PATH}:/home/nayr/auto_patrol_robot/autopatrol_ws/install/autopatrol_robot:/home/nayr/FishRos/ch7/ch7_ws/install/fishbot_application:/home/nayr/FishRos/ch7/ch7_ws/install/autopatrol_robot:/opt/ros/humble /usr/bin/cmake --build /home/nayr/auto_patrol_robot/autopatrol_ws/build/autopatrol_interfaces -- -j16 -l16
[0.940s] DEBUG:colcon.colcon_core.event_handler.log_command:Invoking command in '/home/nayr/auto_patrol_robot/autopatrol_ws/build/autopatrol_interfaces': CMAKE_PREFIX_PATH=${CMAKE_PREFIX_PATH}:/home/nayr/auto_patrol_robot/autopatrol_ws/install/autopatrol_robot:/home/nayr/FishRos/ch7/ch7_ws/install/fishbot_application:/home/nayr/FishRos/ch7/ch7_ws/install/autopatrol_robot:/opt/ros/humble /usr/bin/cmake --install /home/nayr/auto_patrol_robot/autopatrol_ws/build/autopatrol_interfaces
[0.941s] DEBUG:colcon.colcon_core.event_handler.log_command:Invoking command in '/home/nayr/auto_patrol_robot/autopatrol_ws/src/autopatrol_robot': PYTHONPATH=/home/nayr/auto_patrol_robot/autopatrol_ws/build/autopatrol_robot/prefix_override:/usr/lib/python3/dist-packages/colcon_core/task/python/colcon_distutils_commands:/home/nayr/auto_patrol_robot/autopatrol_ws/install/autopatrol_robot/lib/python3.10/site-packages:${PYTHONPATH} /usr/bin/python3 -W ignore:setup.py install is deprecated -W ignore:easy_install command is deprecated setup.py egg_info --egg-base ../../build/autopatrol_robot build --build-base /home/nayr/auto_patrol_robot/autopatrol_ws/build/autopatrol_robot/build install --record /home/nayr/auto_patrol_robot/autopatrol_ws/build/autopatrol_robot/install.log --single-version-externally-managed install_data
[0.943s] Level 1:colcon.colcon_core.environment:create_environment_scripts_only(autopatrol_interfaces)
[0.944s] Level 1:colcon.colcon_core.environment:checking '/home/nayr/auto_patrol_robot/autopatrol_ws/install/autopatrol_interfaces' for CMake module files
[0.946s] DEBUG:colcon.colcon_core.event_handler.log_command:Invoked command in '/home/nayr/auto_patrol_robot/autopatrol_ws/build/autopatrol_interfaces' returned '0': CMAKE_PREFIX_PATH=${CMAKE_PREFIX_PATH}:/home/nayr/auto_patrol_robot/autopatrol_ws/install/autopatrol_robot:/home/nayr/FishRos/ch7/ch7_ws/install/fishbot_application:/home/nayr/FishRos/ch7/ch7_ws/install/autopatrol_robot:/opt/ros/humble /usr/bin/cmake --install /home/nayr/auto_patrol_robot/autopatrol_ws/build/autopatrol_interfaces
[0.946s] Level 1:colcon.colcon_core.environment:checking '/home/nayr/auto_patrol_robot/autopatrol_ws/install/autopatrol_interfaces' for CMake config files
[0.947s] Level 1:colcon.colcon_core.shell:create_environment_hook('autopatrol_interfaces', 'cmake_prefix_path')
[0.947s] INFO:colcon.colcon_core.shell:Creating environment hook '/home/nayr/auto_patrol_robot/autopatrol_ws/install/autopatrol_interfaces/share/autopatrol_interfaces/hook/cmake_prefix_path.ps1'
[0.947s] INFO:colcon.colcon_core.shell:Creating environment descriptor '/home/nayr/auto_patrol_robot/autopatrol_ws/install/autopatrol_interfaces/share/autopatrol_interfaces/hook/cmake_prefix_path.dsv'
[0.948s] INFO:colcon.colcon_core.shell:Creating environment hook '/home/nayr/auto_patrol_robot/autopatrol_ws/install/autopatrol_interfaces/share/autopatrol_interfaces/hook/cmake_prefix_path.sh'
[0.948s] Level 1:colcon.colcon_core.environment:checking '/home/nayr/auto_patrol_robot/autopatrol_ws/install/autopatrol_interfaces/lib'
[0.948s] Level 1:colcon.colcon_core.shell:create_environment_hook('autopatrol_interfaces', 'ld_library_path_lib')
[0.948s] INFO:colcon.colcon_core.shell:Creating environment hook '/home/nayr/auto_patrol_robot/autopatrol_ws/install/autopatrol_interfaces/share/autopatrol_interfaces/hook/ld_library_path_lib.ps1'
[0.948s] INFO:colcon.colcon_core.shell:Creating environment descriptor '/home/nayr/auto_patrol_robot/autopatrol_ws/install/autopatrol_interfaces/share/autopatrol_interfaces/hook/ld_library_path_lib.dsv'
[1.030s] INFO:colcon.colcon_core.shell:Creating environment hook '/home/nayr/auto_patrol_robot/autopatrol_ws/install/autopatrol_interfaces/share/autopatrol_interfaces/hook/ld_library_path_lib.sh'
[1.030s] Level 1:colcon.colcon_core.environment:checking '/home/nayr/auto_patrol_robot/autopatrol_ws/install/autopatrol_interfaces/bin'
[1.030s] Level 1:colcon.colcon_core.environment:checking '/home/nayr/auto_patrol_robot/autopatrol_ws/install/autopatrol_interfaces/lib/pkgconfig/autopatrol_interfaces.pc'
[1.030s] Level 1:colcon.colcon_core.environment:checking '/home/nayr/auto_patrol_robot/autopatrol_ws/install/autopatrol_interfaces/lib/python3.10/site-packages'
[1.031s] Level 1:colcon.colcon_core.environment:checking '/home/nayr/auto_patrol_robot/autopatrol_ws/install/autopatrol_interfaces/bin'
[1.031s] INFO:colcon.colcon_core.shell:Creating package script '/home/nayr/auto_patrol_robot/autopatrol_ws/install/autopatrol_interfaces/share/autopatrol_interfaces/package.ps1'
[1.031s] INFO:colcon.colcon_core.shell:Creating package descriptor '/home/nayr/auto_patrol_robot/autopatrol_ws/install/autopatrol_interfaces/share/autopatrol_interfaces/package.dsv'
[1.031s] INFO:colcon.colcon_core.shell:Creating package script '/home/nayr/auto_patrol_robot/autopatrol_ws/install/autopatrol_interfaces/share/autopatrol_interfaces/package.sh'
[1.032s] INFO:colcon.colcon_core.shell:Creating package script '/home/nayr/auto_patrol_robot/autopatrol_ws/install/autopatrol_interfaces/share/autopatrol_interfaces/package.bash'
[1.032s] INFO:colcon.colcon_core.shell:Creating package script '/home/nayr/auto_patrol_robot/autopatrol_ws/install/autopatrol_interfaces/share/autopatrol_interfaces/package.zsh'
[1.085s] Level 1:colcon.colcon_core.environment:create_file_with_runtime_dependencies(/home/nayr/auto_patrol_robot/autopatrol_ws/install/autopatrol_interfaces/share/colcon-core/packages/autopatrol_interfaces)
[1.089s] Level 1:colcon.colcon_core.environment:create_environment_scripts_only(autopatrol_interfaces)
[1.090s] Level 1:colcon.colcon_core.environment:checking '/home/nayr/auto_patrol_robot/autopatrol_ws/install/autopatrol_interfaces' for CMake module files
[1.091s] Level 1:colcon.colcon_core.environment:checking '/home/nayr/auto_patrol_robot/autopatrol_ws/install/autopatrol_interfaces' for CMake config files
[1.093s] Level 1:colcon.colcon_core.shell:create_environment_hook('autopatrol_interfaces', 'cmake_prefix_path')
[1.093s] INFO:colcon.colcon_core.shell:Creating environment hook '/home/nayr/auto_patrol_robot/autopatrol_ws/install/autopatrol_interfaces/share/autopatrol_interfaces/hook/cmake_prefix_path.ps1'
[1.095s] INFO:colcon.colcon_core.shell:Creating environment descriptor '/home/nayr/auto_patrol_robot/autopatrol_ws/install/autopatrol_interfaces/share/autopatrol_interfaces/hook/cmake_prefix_path.dsv'
[1.096s] INFO:colcon.colcon_core.shell:Creating environment hook '/home/nayr/auto_patrol_robot/autopatrol_ws/install/autopatrol_interfaces/share/autopatrol_interfaces/hook/cmake_prefix_path.sh'
[1.098s] Level 1:colcon.colcon_core.environment:checking '/home/nayr/auto_patrol_robot/autopatrol_ws/install/autopatrol_interfaces/lib'
[1.098s] Level 1:colcon.colcon_core.shell:create_environment_hook('autopatrol_interfaces', 'ld_library_path_lib')
[1.098s] INFO:colcon.colcon_core.shell:Creating environment hook '/home/nayr/auto_patrol_robot/autopatrol_ws/install/autopatrol_interfaces/share/autopatrol_interfaces/hook/ld_library_path_lib.ps1'
[1.098s] INFO:colcon.colcon_core.shell:Creating environment descriptor '/home/nayr/auto_patrol_robot/autopatrol_ws/install/autopatrol_interfaces/share/autopatrol_interfaces/hook/ld_library_path_lib.dsv'
[1.154s] INFO:colcon.colcon_core.shell:Creating environment hook '/home/nayr/auto_patrol_robot/autopatrol_ws/install/autopatrol_interfaces/share/autopatrol_interfaces/hook/ld_library_path_lib.sh'
[1.156s] Level 1:colcon.colcon_core.environment:checking '/home/nayr/auto_patrol_robot/autopatrol_ws/install/autopatrol_interfaces/bin'
[1.156s] Level 1:colcon.colcon_core.environment:checking '/home/nayr/auto_patrol_robot/autopatrol_ws/install/autopatrol_interfaces/lib/pkgconfig/autopatrol_interfaces.pc'
[1.157s] Level 1:colcon.colcon_core.environment:checking '/home/nayr/auto_patrol_robot/autopatrol_ws/install/autopatrol_interfaces/lib/python3.10/site-packages'
[1.158s] Level 1:colcon.colcon_core.environment:checking '/home/nayr/auto_patrol_robot/autopatrol_ws/install/autopatrol_interfaces/bin'
[1.158s] INFO:colcon.colcon_core.shell:Creating package script '/home/nayr/auto_patrol_robot/autopatrol_ws/install/autopatrol_interfaces/share/autopatrol_interfaces/package.ps1'
[1.160s] INFO:colcon.colcon_core.shell:Creating package descriptor '/home/nayr/auto_patrol_robot/autopatrol_ws/install/autopatrol_interfaces/share/autopatrol_interfaces/package.dsv'
[1.161s] INFO:colcon.colcon_core.shell:Creating package script '/home/nayr/auto_patrol_robot/autopatrol_ws/install/autopatrol_interfaces/share/autopatrol_interfaces/package.sh'
[1.162s] INFO:colcon.colcon_core.shell:Creating package script '/home/nayr/auto_patrol_robot/autopatrol_ws/install/autopatrol_interfaces/share/autopatrol_interfaces/package.bash'
[1.163s] INFO:colcon.colcon_core.shell:Creating package script '/home/nayr/auto_patrol_robot/autopatrol_ws/install/autopatrol_interfaces/share/autopatrol_interfaces/package.zsh'
[1.231s] Level 1:colcon.colcon_core.environment:create_file_with_runtime_dependencies(/home/nayr/auto_patrol_robot/autopatrol_ws/install/autopatrol_interfaces/share/colcon-core/packages/autopatrol_interfaces)
[1.253s] Level 1:colcon.colcon_core.environment:checking '/home/nayr/auto_patrol_robot/autopatrol_ws/install/autopatrol_robot' for CMake module files
[1.254s] DEBUG:colcon.colcon_core.event_handler.log_command:Invoked command in '/home/nayr/auto_patrol_robot/autopatrol_ws/src/autopatrol_robot' returned '0': PYTHONPATH=/home/nayr/auto_patrol_robot/autopatrol_ws/build/autopatrol_robot/prefix_override:/usr/lib/python3/dist-packages/colcon_core/task/python/colcon_distutils_commands:/home/nayr/auto_patrol_robot/autopatrol_ws/install/autopatrol_robot/lib/python3.10/site-packages:${PYTHONPATH} /usr/bin/python3 -W ignore:setup.py install is deprecated -W ignore:easy_install command is deprecated setup.py egg_info --egg-base ../../build/autopatrol_robot build --build-base /home/nayr/auto_patrol_robot/autopatrol_ws/build/autopatrol_robot/build install --record /home/nayr/auto_patrol_robot/autopatrol_ws/build/autopatrol_robot/install.log --single-version-externally-managed install_data
[1.254s] Level 1:colcon.colcon_core.environment:checking '/home/nayr/auto_patrol_robot/autopatrol_ws/install/autopatrol_robot' for CMake config files
[1.255s] Level 1:colcon.colcon_core.environment:checking '/home/nayr/auto_patrol_robot/autopatrol_ws/install/autopatrol_robot/lib'
[1.255s] Level 1:colcon.colcon_core.environment:checking '/home/nayr/auto_patrol_robot/autopatrol_ws/install/autopatrol_robot/bin'
[1.255s] Level 1:colcon.colcon_core.environment:checking '/home/nayr/auto_patrol_robot/autopatrol_ws/install/autopatrol_robot/lib/pkgconfig/autopatrol_robot.pc'
[1.255s] Level 1:colcon.colcon_core.environment:checking '/home/nayr/auto_patrol_robot/autopatrol_ws/install/autopatrol_robot/lib/python3.10/site-packages'
[1.255s] Level 1:colcon.colcon_core.shell:create_environment_hook('autopatrol_robot', 'pythonpath')
[1.255s] INFO:colcon.colcon_core.shell:Creating environment hook '/home/nayr/auto_patrol_robot/autopatrol_ws/install/autopatrol_robot/share/autopatrol_robot/hook/pythonpath.ps1'
[1.256s] INFO:colcon.colcon_core.shell:Creating environment descriptor '/home/nayr/auto_patrol_robot/autopatrol_ws/install/autopatrol_robot/share/autopatrol_robot/hook/pythonpath.dsv'
[1.302s] INFO:colcon.colcon_core.shell:Creating environment hook '/home/nayr/auto_patrol_robot/autopatrol_ws/install/autopatrol_robot/share/autopatrol_robot/hook/pythonpath.sh'
[1.304s] Level 1:colcon.colcon_core.environment:checking '/home/nayr/auto_patrol_robot/autopatrol_ws/install/autopatrol_robot/bin'
[1.305s] Level 1:colcon.colcon_core.environment:create_environment_scripts_only(autopatrol_robot)
[1.306s] INFO:colcon.colcon_core.shell:Creating package script '/home/nayr/auto_patrol_robot/autopatrol_ws/install/autopatrol_robot/share/autopatrol_robot/package.ps1'
[1.307s] INFO:colcon.colcon_core.shell:Creating package descriptor '/home/nayr/auto_patrol_robot/autopatrol_ws/install/autopatrol_robot/share/autopatrol_robot/package.dsv'
[1.309s] INFO:colcon.colcon_core.shell:Creating package script '/home/nayr/auto_patrol_robot/autopatrol_ws/install/autopatrol_robot/share/autopatrol_robot/package.sh'
[1.310s] INFO:colcon.colcon_core.shell:Creating package script '/home/nayr/auto_patrol_robot/autopatrol_ws/install/autopatrol_robot/share/autopatrol_robot/package.bash'
[1.377s] INFO:colcon.colcon_core.shell:Creating package script '/home/nayr/auto_patrol_robot/autopatrol_ws/install/autopatrol_robot/share/autopatrol_robot/package.zsh'
[1.378s] Level 1:colcon.colcon_core.environment:create_file_with_runtime_dependencies(/home/nayr/auto_patrol_robot/autopatrol_ws/install/autopatrol_robot/share/colcon-core/packages/autopatrol_robot)
[1.378s] DEBUG:colcon.colcon_parallel_executor.executor.parallel:closing loop
[1.378s] DEBUG:colcon.colcon_parallel_executor.executor.parallel:loop closed
[1.378s] DEBUG:colcon.colcon_parallel_executor.executor.parallel:run_until_complete finished with '0'
[1.378s] DEBUG:colcon.colcon_core.event_reactor:joining thread
[1.382s] INFO:colcon.colcon_core.plugin_system:Skipping extension 'colcon_notification.desktop_notification.terminal_notifier': Not used on non-Darwin systems
[1.382s] INFO:colcon.colcon_core.plugin_system:Skipping extension 'colcon_notification.desktop_notification.win32': Not used on non-Windows systems
[1.382s] INFO:colcon.colcon_notification.desktop_notification:Sending desktop notification using 'notify2'
[1.392s] DEBUG:colcon.colcon_core.event_reactor:joined thread
[1.393s] INFO:colcon.colcon_core.shell:Creating prefix script '/home/nayr/auto_patrol_robot/autopatrol_ws/install/local_setup.ps1'
[1.394s] INFO:colcon.colcon_core.shell:Creating prefix util module '/home/nayr/auto_patrol_robot/autopatrol_ws/install/_local_setup_util_ps1.py'
[1.395s] INFO:colcon.colcon_core.shell:Creating prefix chain script '/home/nayr/auto_patrol_robot/autopatrol_ws/install/setup.ps1'
[1.444s] INFO:colcon.colcon_core.shell:Creating prefix script '/home/nayr/auto_patrol_robot/autopatrol_ws/install/local_setup.sh'
[1.446s] INFO:colcon.colcon_core.shell:Creating prefix util module '/home/nayr/auto_patrol_robot/autopatrol_ws/install/_local_setup_util_sh.py'
[1.447s] INFO:colcon.colcon_core.shell:Creating prefix chain script '/home/nayr/auto_patrol_robot/autopatrol_ws/install/setup.sh'
[1.449s] INFO:colcon.colcon_core.shell:Creating prefix script '/home/nayr/auto_patrol_robot/autopatrol_ws/install/local_setup.bash'
[1.449s] INFO:colcon.colcon_core.shell:Creating prefix chain script '/home/nayr/auto_patrol_robot/autopatrol_ws/install/setup.bash'
[1.451s] INFO:colcon.colcon_core.shell:Creating prefix script '/home/nayr/auto_patrol_robot/autopatrol_ws/install/local_setup.zsh'
[1.513s] INFO:colcon.colcon_core.shell:Creating prefix chain script '/home/nayr/auto_patrol_robot/autopatrol_ws/install/setup.zsh'
