[0.706s] Invoking command in '/home/nayr/auto_patrol_robot/autopatrol_ws/src/autopatrol_robot': PYTHONPATH=/home/nayr/auto_patrol_robot/autopatrol_ws/build/autopatrol_robot/prefix_override:/usr/lib/python3/dist-packages/colcon_core/task/python/colcon_distutils_commands:/home/nayr/auto_patrol_robot/autopatrol_ws/install/autopatrol_robot/lib/python3.10/site-packages:${PYTHONPATH} /usr/bin/python3 -W ignore:setup.py install is deprecated -W ignore:easy_install command is deprecated setup.py egg_info --egg-base ../../build/autopatrol_robot build --build-base /home/nayr/auto_patrol_robot/autopatrol_ws/build/autopatrol_robot/build install --record /home/nayr/auto_patrol_robot/autopatrol_ws/build/autopatrol_robot/install.log --single-version-externally-managed install_data
[0.821s] running egg_info
[0.821s] writing ../../build/autopatrol_robot/autopatrol_robot.egg-info/PKG-INFO
[0.851s] writing dependency_links to ../../build/autopatrol_robot/autopatrol_robot.egg-info/dependency_links.txt
[0.851s] writing entry points to ../../build/autopatrol_robot/autopatrol_robot.egg-info/entry_points.txt
[0.852s] writing requirements to ../../build/autopatrol_robot/autopatrol_robot.egg-info/requires.txt
[0.852s] writing top-level names to ../../build/autopatrol_robot/autopatrol_robot.egg-info/top_level.txt
[0.856s] reading manifest file '../../build/autopatrol_robot/autopatrol_robot.egg-info/SOURCES.txt'
[0.856s] adding license file 'LICENSE'
[0.858s] writing manifest file '../../build/autopatrol_robot/autopatrol_robot.egg-info/SOURCES.txt'
[0.858s] running build
[0.858s] running build_py
[0.858s] copying autopatrol_robot/patrol_node.py -> /home/nayr/auto_patrol_robot/autopatrol_ws/build/autopatrol_robot/build/lib/autopatrol_robot
[0.859s] running install
[0.860s] running install_lib
[0.861s] copying /home/nayr/auto_patrol_robot/autopatrol_ws/build/autopatrol_robot/build/lib/autopatrol_robot/patrol_node.py -> /home/nayr/auto_patrol_robot/autopatrol_ws/install/autopatrol_robot/lib/python3.10/site-packages/autopatrol_robot
[0.862s] byte-compiling /home/nayr/auto_patrol_robot/autopatrol_ws/install/autopatrol_robot/lib/python3.10/site-packages/autopatrol_robot/patrol_node.py to patrol_node.cpython-310.pyc
[0.921s] running install_data
[0.924s] copying launch/autopatrol.launch.py -> /home/nayr/auto_patrol_robot/autopatrol_ws/install/autopatrol_robot/share/autopatrol_robot/launch
[0.925s] running install_egg_info
[0.926s] removing '/home/nayr/auto_patrol_robot/autopatrol_ws/install/autopatrol_robot/lib/python3.10/site-packages/autopatrol_robot-0.0.0-py3.10.egg-info' (and everything under it)
[0.926s] Copying ../../build/autopatrol_robot/autopatrol_robot.egg-info to /home/nayr/auto_patrol_robot/autopatrol_ws/install/autopatrol_robot/lib/python3.10/site-packages/autopatrol_robot-0.0.0-py3.10.egg-info
[0.927s] running install_scripts
[0.945s] Installing patrol_node script to /home/nayr/auto_patrol_robot/autopatrol_ws/install/autopatrol_robot/lib/autopatrol_robot
[0.998s] Installing speaker script to /home/nayr/auto_patrol_robot/autopatrol_ws/install/autopatrol_robot/lib/autopatrol_robot
[1.000s] writing list of installed files to '/home/nayr/auto_patrol_robot/autopatrol_ws/build/autopatrol_robot/install.log'
[1.019s] Invoked command in '/home/nayr/auto_patrol_robot/autopatrol_ws/src/autopatrol_robot' returned '0': PYTHONPATH=/home/nayr/auto_patrol_robot/autopatrol_ws/build/autopatrol_robot/prefix_override:/usr/lib/python3/dist-packages/colcon_core/task/python/colcon_distutils_commands:/home/nayr/auto_patrol_robot/autopatrol_ws/install/autopatrol_robot/lib/python3.10/site-packages:${PYTHONPATH} /usr/bin/python3 -W ignore:setup.py install is deprecated -W ignore:easy_install command is deprecated setup.py egg_info --egg-base ../../build/autopatrol_robot build --build-base /home/nayr/auto_patrol_robot/autopatrol_ws/build/autopatrol_robot/build install --record /home/nayr/auto_patrol_robot/autopatrol_ws/build/autopatrol_robot/install.log --single-version-externally-managed install_data
