[0.158s] Invoking command in '/home/nayr/auto_patrol_robot/autopatrol_ws/build/robot_description': CMAKE_PREFIX_PATH=${CMAKE_PREFIX_PATH}:/home/nayr/FishRos/ch7/ch7_ws/install/fishbot_application:/home/nayr/FishRos/ch7/ch7_ws/install/autopatrol_robot:/opt/ros/humble /usr/bin/cmake /home/nayr/auto_patrol_robot/autopatrol_ws/src/robot_description -DCMAKE_INSTALL_PREFIX=/home/nayr/auto_patrol_robot/autopatrol_ws/install/robot_description
[0.908s] -- The C compiler identification is GNU 11.4.0
[1.379s] -- The CXX compiler identification is GNU 11.4.0
[1.455s] -- Detecting C compiler ABI info
[1.719s] -- Detecting C compiler ABI info - done
[1.724s] -- Check for working C compiler: /usr/bin/cc - skipped
[1.725s] -- Detecting C compile features
[1.738s] -- Detecting C compile features - done
[1.774s] -- Detecting CXX compiler ABI info
[1.974s] -- Detecting CXX compiler ABI info - done
[1.978s] -- Check for working CXX compiler: /usr/bin/c++ - skipped
[1.978s] -- Detecting CXX compile features
[1.979s] -- Detecting CXX compile features - done
[2.030s] -- Found ament_cmake: 1.3.12 (/opt/ros/humble/share/ament_cmake/cmake)
[2.231s] -- Found Python3: /usr/bin/python3 (found version "3.10.12") found components: Interpreter 
[2.626s] -- Found ament_lint_auto: 0.12.14 (/opt/ros/humble/share/ament_lint_auto/cmake)
[3.104s] -- Added test 'flake8' to check Python code syntax and style conventions
[3.106s] -- Added test 'lint_cmake' to check CMake code style
[3.147s] -- Added test 'pep257' to check Python code against some of the docstring style conventions in PEP 257
[3.170s] -- Added test 'xmllint' to check XML markup files
[3.173s] -- Configuring done
[3.177s] -- Generating done
[3.178s] -- Build files have been written to: /home/nayr/auto_patrol_robot/autopatrol_ws/build/robot_description
[3.181s] Invoked command in '/home/nayr/auto_patrol_robot/autopatrol_ws/build/robot_description' returned '0': CMAKE_PREFIX_PATH=${CMAKE_PREFIX_PATH}:/home/nayr/FishRos/ch7/ch7_ws/install/fishbot_application:/home/nayr/FishRos/ch7/ch7_ws/install/autopatrol_robot:/opt/ros/humble /usr/bin/cmake /home/nayr/auto_patrol_robot/autopatrol_ws/src/robot_description -DCMAKE_INSTALL_PREFIX=/home/nayr/auto_patrol_robot/autopatrol_ws/install/robot_description
[3.182s] Invoking command in '/home/nayr/auto_patrol_robot/autopatrol_ws/build/robot_description': CMAKE_PREFIX_PATH=${CMAKE_PREFIX_PATH}:/home/nayr/FishRos/ch7/ch7_ws/install/fishbot_application:/home/nayr/FishRos/ch7/ch7_ws/install/autopatrol_robot:/opt/ros/humble /usr/bin/cmake --build /home/nayr/auto_patrol_robot/autopatrol_ws/build/robot_description -- -j16 -l16
[3.218s] Invoked command in '/home/nayr/auto_patrol_robot/autopatrol_ws/build/robot_description' returned '0': CMAKE_PREFIX_PATH=${CMAKE_PREFIX_PATH}:/home/nayr/FishRos/ch7/ch7_ws/install/fishbot_application:/home/nayr/FishRos/ch7/ch7_ws/install/autopatrol_robot:/opt/ros/humble /usr/bin/cmake --build /home/nayr/auto_patrol_robot/autopatrol_ws/build/robot_description -- -j16 -l16
[3.225s] Invoking command in '/home/nayr/auto_patrol_robot/autopatrol_ws/build/robot_description': CMAKE_PREFIX_PATH=${CMAKE_PREFIX_PATH}:/home/nayr/FishRos/ch7/ch7_ws/install/fishbot_application:/home/nayr/FishRos/ch7/ch7_ws/install/autopatrol_robot:/opt/ros/humble /usr/bin/cmake --install /home/nayr/auto_patrol_robot/autopatrol_ws/build/robot_description
[3.230s] -- Install configuration: ""
[3.230s] -- Installing: /home/nayr/auto_patrol_robot/autopatrol_ws/install/robot_description/share/robot_description/launch
[3.230s] -- Installing: /home/nayr/auto_patrol_robot/autopatrol_ws/install/robot_description/share/robot_description/launch/gazebo_sim.launch.py
[3.230s] -- Installing: /home/nayr/auto_patrol_robot/autopatrol_ws/install/robot_description/share/robot_description/urdf
[3.230s] -- Installing: /home/nayr/auto_patrol_robot/autopatrol_ws/install/robot_description/share/robot_description/urdf/robot
[3.230s] -- Installing: /home/nayr/auto_patrol_robot/autopatrol_ws/install/robot_description/share/robot_description/urdf/robot/actuator
[3.230s] -- Installing: /home/nayr/auto_patrol_robot/autopatrol_ws/install/robot_description/share/robot_description/urdf/robot/actuator/wheel.urdf.xacro
[3.230s] -- Installing: /home/nayr/auto_patrol_robot/autopatrol_ws/install/robot_description/share/robot_description/urdf/robot/actuator/caster.urdf.xacro
[3.230s] -- Installing: /home/nayr/auto_patrol_robot/autopatrol_ws/install/robot_description/share/robot_description/urdf/robot/sensor
[3.230s] -- Installing: /home/nayr/auto_patrol_robot/autopatrol_ws/install/robot_description/share/robot_description/urdf/robot/sensor/imu.urdf.xacro
[3.230s] -- Installing: /home/nayr/auto_patrol_robot/autopatrol_ws/install/robot_description/share/robot_description/urdf/robot/sensor/laser.urdf.xacro
[3.230s] -- Installing: /home/nayr/auto_patrol_robot/autopatrol_ws/install/robot_description/share/robot_description/urdf/robot/sensor/camera.urdf.xacro
[3.231s] -- Installing: /home/nayr/auto_patrol_robot/autopatrol_ws/install/robot_description/share/robot_description/urdf/robot/robot.urdf.xacro
[3.231s] -- Installing: /home/nayr/auto_patrol_robot/autopatrol_ws/install/robot_description/share/robot_description/urdf/robot/common_inertia.xacro
[3.231s] -- Installing: /home/nayr/auto_patrol_robot/autopatrol_ws/install/robot_description/share/robot_description/urdf/robot/base.urdf.xacro
[3.231s] -- Installing: /home/nayr/auto_patrol_robot/autopatrol_ws/install/robot_description/share/robot_description/urdf/robot/plugins
[3.231s] -- Installing: /home/nayr/auto_patrol_robot/autopatrol_ws/install/robot_description/share/robot_description/urdf/robot/plugins/gazebo_sensor_plugins.xacro
[3.231s] -- Installing: /home/nayr/auto_patrol_robot/autopatrol_ws/install/robot_description/share/robot_description/urdf/robot/plugins/gazebo_control_plugins.xacro
[3.231s] -- Installing: /home/nayr/auto_patrol_robot/autopatrol_ws/install/robot_description/share/robot_description/config
[3.231s] -- Installing: /home/nayr/auto_patrol_robot/autopatrol_ws/install/robot_description/share/robot_description/config/robot_ros2_controller.yaml
[3.231s] -- Installing: /home/nayr/auto_patrol_robot/autopatrol_ws/install/robot_description/share/robot_description/config/robot_config.rviz
[3.231s] -- Installing: /home/nayr/auto_patrol_robot/autopatrol_ws/install/robot_description/share/robot_description/world
[3.231s] -- Installing: /home/nayr/auto_patrol_robot/autopatrol_ws/install/robot_description/share/robot_description/world/custom_room.world
[3.231s] -- Installing: /home/nayr/auto_patrol_robot/autopatrol_ws/install/robot_description/share/ament_index/resource_index/package_run_dependencies/robot_description
[3.231s] -- Installing: /home/nayr/auto_patrol_robot/autopatrol_ws/install/robot_description/share/ament_index/resource_index/parent_prefix_path/robot_description
[3.232s] -- Installing: /home/nayr/auto_patrol_robot/autopatrol_ws/install/robot_description/share/robot_description/environment/ament_prefix_path.sh
[3.232s] -- Installing: /home/nayr/auto_patrol_robot/autopatrol_ws/install/robot_description/share/robot_description/environment/ament_prefix_path.dsv
[3.232s] -- Installing: /home/nayr/auto_patrol_robot/autopatrol_ws/install/robot_description/share/robot_description/environment/path.sh
[3.232s] -- Installing: /home/nayr/auto_patrol_robot/autopatrol_ws/install/robot_description/share/robot_description/environment/path.dsv
[3.232s] -- Installing: /home/nayr/auto_patrol_robot/autopatrol_ws/install/robot_description/share/robot_description/local_setup.bash
[3.232s] -- Installing: /home/nayr/auto_patrol_robot/autopatrol_ws/install/robot_description/share/robot_description/local_setup.sh
[3.232s] -- Installing: /home/nayr/auto_patrol_robot/autopatrol_ws/install/robot_description/share/robot_description/local_setup.zsh
[3.232s] -- Installing: /home/nayr/auto_patrol_robot/autopatrol_ws/install/robot_description/share/robot_description/local_setup.dsv
[3.232s] -- Installing: /home/nayr/auto_patrol_robot/autopatrol_ws/install/robot_description/share/robot_description/package.dsv
[3.232s] -- Installing: /home/nayr/auto_patrol_robot/autopatrol_ws/install/robot_description/share/ament_index/resource_index/packages/robot_description
[3.232s] -- Installing: /home/nayr/auto_patrol_robot/autopatrol_ws/install/robot_description/share/robot_description/cmake/robot_descriptionConfig.cmake
[3.232s] -- Installing: /home/nayr/auto_patrol_robot/autopatrol_ws/install/robot_description/share/robot_description/cmake/robot_descriptionConfig-version.cmake
[3.233s] -- Installing: /home/nayr/auto_patrol_robot/autopatrol_ws/install/robot_description/share/robot_description/package.xml
[3.234s] Invoked command in '/home/nayr/auto_patrol_robot/autopatrol_ws/build/robot_description' returned '0': CMAKE_PREFIX_PATH=${CMAKE_PREFIX_PATH}:/home/nayr/FishRos/ch7/ch7_ws/install/fishbot_application:/home/nayr/FishRos/ch7/ch7_ws/install/autopatrol_robot:/opt/ros/humble /usr/bin/cmake --install /home/nayr/auto_patrol_robot/autopatrol_ws/build/robot_description
