[0.044s] Invoking command in '/home/nayr/auto_patrol_robot/autopatrol_ws/build/autopatrol_interfaces': CMAKE_PREFIX_PATH=${CMAKE_PREFIX_PATH}:/home/nayr/auto_patrol_robot/autopatrol_ws/install/autopatrol_robot:/home/nayr/FishRos/ch7/ch7_ws/install/fishbot_application:/home/nayr/FishRos/ch7/ch7_ws/install/autopatrol_robot:/opt/ros/humble /usr/bin/cmake --build /home/nayr/auto_patrol_robot/autopatrol_ws/build/autopatrol_interfaces -- -j16 -l16
[0.220s] [  3%] Built target autopatrol_interfaces__cpp
[0.220s] [ 12%] Built target autopatrol_interfaces__rosidl_generator_c
[0.220s] [ 12%] Built target ament_cmake_python_copy_autopatrol_interfaces
[0.220s] [ 29%] Built target autopatrol_interfaces__rosidl_typesupport_introspection_cpp
[0.220s] [ 32%] Built target autopatrol_interfaces__rosidl_typesupport_fastrtps_cpp
[0.221s] [ 41%] Built target autopatrol_interfaces__rosidl_typesupport_cpp
[0.221s] [ 51%] Built target autopatrol_interfaces__rosidl_typesupport_introspection_c
[0.221s] [ 61%] Built target autopatrol_interfaces__rosidl_typesupport_fastrtps_c
[0.221s] [ 70%] Built target autopatrol_interfaces__rosidl_typesupport_c
[0.221s] [ 70%] Built target autopatrol_interfaces
[0.221s] [ 74%] Built target autopatrol_interfaces__py
[0.221s] [ 80%] Built target autopatrol_interfaces__rosidl_generator_py
[0.221s] [ 87%] Built target autopatrol_interfaces__rosidl_typesupport_introspection_c__pyext
[0.221s] [ 93%] Built target autopatrol_interfaces__rosidl_typesupport_c__pyext
[0.221s] [100%] Built target autopatrol_interfaces__rosidl_typesupport_fastrtps_c__pyext
[0.245s] running egg_info
[0.245s] writing autopatrol_interfaces.egg-info/PKG-INFO
[0.245s] writing dependency_links to autopatrol_interfaces.egg-info/dependency_links.txt
[0.245s] writing top-level names to autopatrol_interfaces.egg-info/top_level.txt
[0.247s] reading manifest file 'autopatrol_interfaces.egg-info/SOURCES.txt'
[0.248s] writing manifest file 'autopatrol_interfaces.egg-info/SOURCES.txt'
[0.268s] [100%] Built target ament_cmake_python_build_autopatrol_interfaces_egg
[0.278s] Invoked command in '/home/nayr/auto_patrol_robot/autopatrol_ws/build/autopatrol_interfaces' returned '0': CMAKE_PREFIX_PATH=${CMAKE_PREFIX_PATH}:/home/nayr/auto_patrol_robot/autopatrol_ws/install/autopatrol_robot:/home/nayr/FishRos/ch7/ch7_ws/install/fishbot_application:/home/nayr/FishRos/ch7/ch7_ws/install/autopatrol_robot:/opt/ros/humble /usr/bin/cmake --build /home/nayr/auto_patrol_robot/autopatrol_ws/build/autopatrol_interfaces -- -j16 -l16
[0.279s] Invoking command in '/home/nayr/auto_patrol_robot/autopatrol_ws/build/autopatrol_interfaces': CMAKE_PREFIX_PATH=${CMAKE_PREFIX_PATH}:/home/nayr/auto_patrol_robot/autopatrol_ws/install/autopatrol_robot:/home/nayr/FishRos/ch7/ch7_ws/install/fishbot_application:/home/nayr/FishRos/ch7/ch7_ws/install/autopatrol_robot:/opt/ros/humble /usr/bin/cmake --install /home/nayr/auto_patrol_robot/autopatrol_ws/build/autopatrol_interfaces
[0.283s] -- Install configuration: ""
[0.283s] -- Up-to-date: /home/nayr/auto_patrol_robot/autopatrol_ws/install/autopatrol_interfaces/share/ament_index/resource_index/rosidl_interfaces/autopatrol_interfaces
[0.284s] -- Up-to-date: /home/nayr/auto_patrol_robot/autopatrol_ws/install/autopatrol_interfaces/include/autopatrol_interfaces/autopatrol_interfaces
[0.284s] -- Up-to-date: /home/nayr/auto_patrol_robot/autopatrol_ws/install/autopatrol_interfaces/include/autopatrol_interfaces/autopatrol_interfaces/msg
[0.284s] -- Up-to-date: /home/nayr/auto_patrol_robot/autopatrol_ws/install/autopatrol_interfaces/include/autopatrol_interfaces/autopatrol_interfaces/msg/rosidl_generator_c__visibility_control.h
[0.284s] -- Up-to-date: /home/nayr/auto_patrol_robot/autopatrol_ws/install/autopatrol_interfaces/include/autopatrol_interfaces/autopatrol_interfaces/srv
[0.284s] -- Up-to-date: /home/nayr/auto_patrol_robot/autopatrol_ws/install/autopatrol_interfaces/include/autopatrol_interfaces/autopatrol_interfaces/srv/detail
[0.284s] -- Up-to-date: /home/nayr/auto_patrol_robot/autopatrol_ws/install/autopatrol_interfaces/include/autopatrol_interfaces/autopatrol_interfaces/srv/detail/speech_text__functions.c
[0.284s] -- Up-to-date: /home/nayr/auto_patrol_robot/autopatrol_ws/install/autopatrol_interfaces/include/autopatrol_interfaces/autopatrol_interfaces/srv/detail/speech_text__functions.h
[0.284s] -- Up-to-date: /home/nayr/auto_patrol_robot/autopatrol_ws/install/autopatrol_interfaces/include/autopatrol_interfaces/autopatrol_interfaces/srv/detail/speech_text__struct.h
[0.284s] -- Up-to-date: /home/nayr/auto_patrol_robot/autopatrol_ws/install/autopatrol_interfaces/include/autopatrol_interfaces/autopatrol_interfaces/srv/detail/speech_text__type_support.h
[0.284s] -- Up-to-date: /home/nayr/auto_patrol_robot/autopatrol_ws/install/autopatrol_interfaces/include/autopatrol_interfaces/autopatrol_interfaces/srv/speech_text.h
[0.284s] -- Up-to-date: /home/nayr/auto_patrol_robot/autopatrol_ws/install/autopatrol_interfaces/share/autopatrol_interfaces/environment/library_path.sh
[0.284s] -- Up-to-date: /home/nayr/auto_patrol_robot/autopatrol_ws/install/autopatrol_interfaces/share/autopatrol_interfaces/environment/library_path.dsv
[0.285s] -- Up-to-date: /home/nayr/auto_patrol_robot/autopatrol_ws/install/autopatrol_interfaces/lib/libautopatrol_interfaces__rosidl_generator_c.so
[0.285s] -- Up-to-date: /home/nayr/auto_patrol_robot/autopatrol_ws/install/autopatrol_interfaces/include/autopatrol_interfaces/autopatrol_interfaces
[0.285s] -- Up-to-date: /home/nayr/auto_patrol_robot/autopatrol_ws/install/autopatrol_interfaces/include/autopatrol_interfaces/autopatrol_interfaces/msg
[0.285s] -- Up-to-date: /home/nayr/auto_patrol_robot/autopatrol_ws/install/autopatrol_interfaces/include/autopatrol_interfaces/autopatrol_interfaces/msg/rosidl_typesupport_fastrtps_c__visibility_control.h
[0.285s] -- Up-to-date: /home/nayr/auto_patrol_robot/autopatrol_ws/install/autopatrol_interfaces/include/autopatrol_interfaces/autopatrol_interfaces/srv
[0.285s] -- Up-to-date: /home/nayr/auto_patrol_robot/autopatrol_ws/install/autopatrol_interfaces/include/autopatrol_interfaces/autopatrol_interfaces/srv/detail
[0.285s] -- Up-to-date: /home/nayr/auto_patrol_robot/autopatrol_ws/install/autopatrol_interfaces/include/autopatrol_interfaces/autopatrol_interfaces/srv/detail/speech_text__rosidl_typesupport_fastrtps_c.h
[0.285s] -- Up-to-date: /home/nayr/auto_patrol_robot/autopatrol_ws/install/autopatrol_interfaces/lib/libautopatrol_interfaces__rosidl_typesupport_fastrtps_c.so
[0.285s] -- Up-to-date: /home/nayr/auto_patrol_robot/autopatrol_ws/install/autopatrol_interfaces/include/autopatrol_interfaces/autopatrol_interfaces
[0.285s] -- Up-to-date: /home/nayr/auto_patrol_robot/autopatrol_ws/install/autopatrol_interfaces/include/autopatrol_interfaces/autopatrol_interfaces/msg
[0.285s] -- Up-to-date: /home/nayr/auto_patrol_robot/autopatrol_ws/install/autopatrol_interfaces/include/autopatrol_interfaces/autopatrol_interfaces/msg/rosidl_typesupport_introspection_c__visibility_control.h
[0.285s] -- Up-to-date: /home/nayr/auto_patrol_robot/autopatrol_ws/install/autopatrol_interfaces/include/autopatrol_interfaces/autopatrol_interfaces/srv
[0.285s] -- Up-to-date: /home/nayr/auto_patrol_robot/autopatrol_ws/install/autopatrol_interfaces/include/autopatrol_interfaces/autopatrol_interfaces/srv/detail
[0.286s] -- Up-to-date: /home/nayr/auto_patrol_robot/autopatrol_ws/install/autopatrol_interfaces/include/autopatrol_interfaces/autopatrol_interfaces/srv/detail/speech_text__rosidl_typesupport_introspection_c.h
[0.286s] -- Up-to-date: /home/nayr/auto_patrol_robot/autopatrol_ws/install/autopatrol_interfaces/include/autopatrol_interfaces/autopatrol_interfaces/srv/detail/speech_text__type_support.c
[0.286s] -- Up-to-date: /home/nayr/auto_patrol_robot/autopatrol_ws/install/autopatrol_interfaces/lib/libautopatrol_interfaces__rosidl_typesupport_introspection_c.so
[0.286s] -- Up-to-date: /home/nayr/auto_patrol_robot/autopatrol_ws/install/autopatrol_interfaces/lib/libautopatrol_interfaces__rosidl_typesupport_c.so
[0.286s] -- Up-to-date: /home/nayr/auto_patrol_robot/autopatrol_ws/install/autopatrol_interfaces/include/autopatrol_interfaces/autopatrol_interfaces
[0.286s] -- Up-to-date: /home/nayr/auto_patrol_robot/autopatrol_ws/install/autopatrol_interfaces/include/autopatrol_interfaces/autopatrol_interfaces/msg
[0.286s] -- Up-to-date: /home/nayr/auto_patrol_robot/autopatrol_ws/install/autopatrol_interfaces/include/autopatrol_interfaces/autopatrol_interfaces/msg/rosidl_generator_cpp__visibility_control.hpp
[0.286s] -- Up-to-date: /home/nayr/auto_patrol_robot/autopatrol_ws/install/autopatrol_interfaces/include/autopatrol_interfaces/autopatrol_interfaces/srv
[0.286s] -- Up-to-date: /home/nayr/auto_patrol_robot/autopatrol_ws/install/autopatrol_interfaces/include/autopatrol_interfaces/autopatrol_interfaces/srv/detail
[0.286s] -- Up-to-date: /home/nayr/auto_patrol_robot/autopatrol_ws/install/autopatrol_interfaces/include/autopatrol_interfaces/autopatrol_interfaces/srv/detail/speech_text__type_support.hpp
[0.286s] -- Up-to-date: /home/nayr/auto_patrol_robot/autopatrol_ws/install/autopatrol_interfaces/include/autopatrol_interfaces/autopatrol_interfaces/srv/detail/speech_text__builder.hpp
[0.286s] -- Up-to-date: /home/nayr/auto_patrol_robot/autopatrol_ws/install/autopatrol_interfaces/include/autopatrol_interfaces/autopatrol_interfaces/srv/detail/speech_text__traits.hpp
[0.286s] -- Up-to-date: /home/nayr/auto_patrol_robot/autopatrol_ws/install/autopatrol_interfaces/include/autopatrol_interfaces/autopatrol_interfaces/srv/detail/speech_text__struct.hpp
[0.286s] -- Up-to-date: /home/nayr/auto_patrol_robot/autopatrol_ws/install/autopatrol_interfaces/include/autopatrol_interfaces/autopatrol_interfaces/srv/speech_text.hpp
[0.286s] -- Up-to-date: /home/nayr/auto_patrol_robot/autopatrol_ws/install/autopatrol_interfaces/include/autopatrol_interfaces/autopatrol_interfaces
[0.287s] -- Up-to-date: /home/nayr/auto_patrol_robot/autopatrol_ws/install/autopatrol_interfaces/include/autopatrol_interfaces/autopatrol_interfaces/msg
[0.287s] -- Up-to-date: /home/nayr/auto_patrol_robot/autopatrol_ws/install/autopatrol_interfaces/include/autopatrol_interfaces/autopatrol_interfaces/msg/rosidl_typesupport_fastrtps_cpp__visibility_control.h
[0.287s] -- Up-to-date: /home/nayr/auto_patrol_robot/autopatrol_ws/install/autopatrol_interfaces/include/autopatrol_interfaces/autopatrol_interfaces/srv
[0.287s] -- Up-to-date: /home/nayr/auto_patrol_robot/autopatrol_ws/install/autopatrol_interfaces/include/autopatrol_interfaces/autopatrol_interfaces/srv/detail
[0.287s] -- Up-to-date: /home/nayr/auto_patrol_robot/autopatrol_ws/install/autopatrol_interfaces/include/autopatrol_interfaces/autopatrol_interfaces/srv/detail/speech_text__rosidl_typesupport_fastrtps_cpp.hpp
[0.287s] -- Up-to-date: /home/nayr/auto_patrol_robot/autopatrol_ws/install/autopatrol_interfaces/include/autopatrol_interfaces/autopatrol_interfaces/srv/detail/dds_fastrtps
[0.287s] -- Up-to-date: /home/nayr/auto_patrol_robot/autopatrol_ws/install/autopatrol_interfaces/lib/libautopatrol_interfaces__rosidl_typesupport_fastrtps_cpp.so
[0.287s] -- Up-to-date: /home/nayr/auto_patrol_robot/autopatrol_ws/install/autopatrol_interfaces/include/autopatrol_interfaces/autopatrol_interfaces
[0.287s] -- Up-to-date: /home/nayr/auto_patrol_robot/autopatrol_ws/install/autopatrol_interfaces/include/autopatrol_interfaces/autopatrol_interfaces/srv
[0.287s] -- Up-to-date: /home/nayr/auto_patrol_robot/autopatrol_ws/install/autopatrol_interfaces/include/autopatrol_interfaces/autopatrol_interfaces/srv/detail
[0.287s] -- Up-to-date: /home/nayr/auto_patrol_robot/autopatrol_ws/install/autopatrol_interfaces/include/autopatrol_interfaces/autopatrol_interfaces/srv/detail/speech_text__type_support.cpp
[0.287s] -- Up-to-date: /home/nayr/auto_patrol_robot/autopatrol_ws/install/autopatrol_interfaces/include/autopatrol_interfaces/autopatrol_interfaces/srv/detail/speech_text__rosidl_typesupport_introspection_cpp.hpp
[0.287s] -- Up-to-date: /home/nayr/auto_patrol_robot/autopatrol_ws/install/autopatrol_interfaces/lib/libautopatrol_interfaces__rosidl_typesupport_introspection_cpp.so
[0.287s] -- Up-to-date: /home/nayr/auto_patrol_robot/autopatrol_ws/install/autopatrol_interfaces/lib/libautopatrol_interfaces__rosidl_typesupport_cpp.so
[0.287s] -- Up-to-date: /home/nayr/auto_patrol_robot/autopatrol_ws/install/autopatrol_interfaces/share/autopatrol_interfaces/environment/pythonpath.sh
[0.287s] -- Up-to-date: /home/nayr/auto_patrol_robot/autopatrol_ws/install/autopatrol_interfaces/share/autopatrol_interfaces/environment/pythonpath.dsv
[0.288s] -- Up-to-date: /home/nayr/auto_patrol_robot/autopatrol_ws/install/autopatrol_interfaces/local/lib/python3.10/dist-packages/autopatrol_interfaces-0.0.0-py3.10.egg-info
[0.288s] -- Installing: /home/nayr/auto_patrol_robot/autopatrol_ws/install/autopatrol_interfaces/local/lib/python3.10/dist-packages/autopatrol_interfaces-0.0.0-py3.10.egg-info/SOURCES.txt
[0.288s] -- Installing: /home/nayr/auto_patrol_robot/autopatrol_ws/install/autopatrol_interfaces/local/lib/python3.10/dist-packages/autopatrol_interfaces-0.0.0-py3.10.egg-info/PKG-INFO
[0.288s] -- Installing: /home/nayr/auto_patrol_robot/autopatrol_ws/install/autopatrol_interfaces/local/lib/python3.10/dist-packages/autopatrol_interfaces-0.0.0-py3.10.egg-info/dependency_links.txt
[0.288s] -- Installing: /home/nayr/auto_patrol_robot/autopatrol_ws/install/autopatrol_interfaces/local/lib/python3.10/dist-packages/autopatrol_interfaces-0.0.0-py3.10.egg-info/top_level.txt
[0.288s] -- Up-to-date: /home/nayr/auto_patrol_robot/autopatrol_ws/install/autopatrol_interfaces/local/lib/python3.10/dist-packages/autopatrol_interfaces
[0.288s] -- Up-to-date: /home/nayr/auto_patrol_robot/autopatrol_ws/install/autopatrol_interfaces/local/lib/python3.10/dist-packages/autopatrol_interfaces/autopatrol_interfaces_s__rosidl_typesupport_fastrtps_c.cpython-310-x86_64-linux-gnu.so
[0.288s] -- Up-to-date: /home/nayr/auto_patrol_robot/autopatrol_ws/install/autopatrol_interfaces/local/lib/python3.10/dist-packages/autopatrol_interfaces/autopatrol_interfaces_s__rosidl_typesupport_c.cpython-310-x86_64-linux-gnu.so
[0.288s] -- Up-to-date: /home/nayr/auto_patrol_robot/autopatrol_ws/install/autopatrol_interfaces/local/lib/python3.10/dist-packages/autopatrol_interfaces/_autopatrol_interfaces_s.ep.rosidl_typesupport_fastrtps_c.c
[0.288s] -- Up-to-date: /home/nayr/auto_patrol_robot/autopatrol_ws/install/autopatrol_interfaces/local/lib/python3.10/dist-packages/autopatrol_interfaces/__init__.py
[0.288s] -- Up-to-date: /home/nayr/auto_patrol_robot/autopatrol_ws/install/autopatrol_interfaces/local/lib/python3.10/dist-packages/autopatrol_interfaces/_autopatrol_interfaces_s.ep.rosidl_typesupport_c.c
[0.288s] -- Up-to-date: /home/nayr/auto_patrol_robot/autopatrol_ws/install/autopatrol_interfaces/local/lib/python3.10/dist-packages/autopatrol_interfaces/srv
[0.288s] -- Up-to-date: /home/nayr/auto_patrol_robot/autopatrol_ws/install/autopatrol_interfaces/local/lib/python3.10/dist-packages/autopatrol_interfaces/srv/_speech_text.py
[0.288s] -- Up-to-date: /home/nayr/auto_patrol_robot/autopatrol_ws/install/autopatrol_interfaces/local/lib/python3.10/dist-packages/autopatrol_interfaces/srv/__init__.py
[0.288s] -- Up-to-date: /home/nayr/auto_patrol_robot/autopatrol_ws/install/autopatrol_interfaces/local/lib/python3.10/dist-packages/autopatrol_interfaces/srv/_speech_text_s.c
[0.289s] -- Up-to-date: /home/nayr/auto_patrol_robot/autopatrol_ws/install/autopatrol_interfaces/local/lib/python3.10/dist-packages/autopatrol_interfaces/autopatrol_interfaces_s__rosidl_typesupport_introspection_c.cpython-310-x86_64-linux-gnu.so
[0.289s] -- Up-to-date: /home/nayr/auto_patrol_robot/autopatrol_ws/install/autopatrol_interfaces/local/lib/python3.10/dist-packages/autopatrol_interfaces/libautopatrol_interfaces__rosidl_generator_py.so
[0.289s] -- Up-to-date: /home/nayr/auto_patrol_robot/autopatrol_ws/install/autopatrol_interfaces/local/lib/python3.10/dist-packages/autopatrol_interfaces/_autopatrol_interfaces_s.ep.rosidl_typesupport_introspection_c.c
[0.307s] Listing '/home/nayr/auto_patrol_robot/autopatrol_ws/install/autopatrol_interfaces/local/lib/python3.10/dist-packages/autopatrol_interfaces'...
[0.307s] Listing '/home/nayr/auto_patrol_robot/autopatrol_ws/install/autopatrol_interfaces/local/lib/python3.10/dist-packages/autopatrol_interfaces/srv'...
[0.310s] -- Up-to-date: /home/nayr/auto_patrol_robot/autopatrol_ws/install/autopatrol_interfaces/local/lib/python3.10/dist-packages/autopatrol_interfaces/autopatrol_interfaces_s__rosidl_typesupport_fastrtps_c.cpython-310-x86_64-linux-gnu.so
[0.310s] -- Up-to-date: /home/nayr/auto_patrol_robot/autopatrol_ws/install/autopatrol_interfaces/local/lib/python3.10/dist-packages/autopatrol_interfaces/autopatrol_interfaces_s__rosidl_typesupport_introspection_c.cpython-310-x86_64-linux-gnu.so
[0.310s] -- Up-to-date: /home/nayr/auto_patrol_robot/autopatrol_ws/install/autopatrol_interfaces/local/lib/python3.10/dist-packages/autopatrol_interfaces/autopatrol_interfaces_s__rosidl_typesupport_c.cpython-310-x86_64-linux-gnu.so
[0.311s] -- Up-to-date: /home/nayr/auto_patrol_robot/autopatrol_ws/install/autopatrol_interfaces/lib/libautopatrol_interfaces__rosidl_generator_py.so
[0.311s] -- Up-to-date: /home/nayr/auto_patrol_robot/autopatrol_ws/install/autopatrol_interfaces/share/autopatrol_interfaces/srv/SpeechText.idl
[0.311s] -- Up-to-date: /home/nayr/auto_patrol_robot/autopatrol_ws/install/autopatrol_interfaces/share/autopatrol_interfaces/srv/SpeechText.srv
[0.311s] -- Up-to-date: /home/nayr/auto_patrol_robot/autopatrol_ws/install/autopatrol_interfaces/share/autopatrol_interfaces/srv/SpeechText_Request.msg
[0.311s] -- Up-to-date: /home/nayr/auto_patrol_robot/autopatrol_ws/install/autopatrol_interfaces/share/autopatrol_interfaces/srv/SpeechText_Response.msg
[0.311s] -- Up-to-date: /home/nayr/auto_patrol_robot/autopatrol_ws/install/autopatrol_interfaces/share/ament_index/resource_index/package_run_dependencies/autopatrol_interfaces
[0.311s] -- Up-to-date: /home/nayr/auto_patrol_robot/autopatrol_ws/install/autopatrol_interfaces/share/ament_index/resource_index/parent_prefix_path/autopatrol_interfaces
[0.311s] -- Up-to-date: /home/nayr/auto_patrol_robot/autopatrol_ws/install/autopatrol_interfaces/share/autopatrol_interfaces/environment/ament_prefix_path.sh
[0.311s] -- Up-to-date: /home/nayr/auto_patrol_robot/autopatrol_ws/install/autopatrol_interfaces/share/autopatrol_interfaces/environment/ament_prefix_path.dsv
[0.311s] -- Up-to-date: /home/nayr/auto_patrol_robot/autopatrol_ws/install/autopatrol_interfaces/share/autopatrol_interfaces/environment/path.sh
[0.311s] -- Up-to-date: /home/nayr/auto_patrol_robot/autopatrol_ws/install/autopatrol_interfaces/share/autopatrol_interfaces/environment/path.dsv
[0.311s] -- Up-to-date: /home/nayr/auto_patrol_robot/autopatrol_ws/install/autopatrol_interfaces/share/autopatrol_interfaces/local_setup.bash
[0.311s] -- Up-to-date: /home/nayr/auto_patrol_robot/autopatrol_ws/install/autopatrol_interfaces/share/autopatrol_interfaces/local_setup.sh
[0.311s] -- Up-to-date: /home/nayr/auto_patrol_robot/autopatrol_ws/install/autopatrol_interfaces/share/autopatrol_interfaces/local_setup.zsh
[0.311s] -- Up-to-date: /home/nayr/auto_patrol_robot/autopatrol_ws/install/autopatrol_interfaces/share/autopatrol_interfaces/local_setup.dsv
[0.311s] -- Installing: /home/nayr/auto_patrol_robot/autopatrol_ws/install/autopatrol_interfaces/share/autopatrol_interfaces/package.dsv
[0.311s] -- Up-to-date: /home/nayr/auto_patrol_robot/autopatrol_ws/install/autopatrol_interfaces/share/ament_index/resource_index/packages/autopatrol_interfaces
[0.311s] -- Up-to-date: /home/nayr/auto_patrol_robot/autopatrol_ws/install/autopatrol_interfaces/share/autopatrol_interfaces/cmake/export_autopatrol_interfaces__rosidl_generator_cExport.cmake
[0.311s] -- Up-to-date: /home/nayr/auto_patrol_robot/autopatrol_ws/install/autopatrol_interfaces/share/autopatrol_interfaces/cmake/export_autopatrol_interfaces__rosidl_generator_cExport-noconfig.cmake
[0.311s] -- Up-to-date: /home/nayr/auto_patrol_robot/autopatrol_ws/install/autopatrol_interfaces/share/autopatrol_interfaces/cmake/export_autopatrol_interfaces__rosidl_typesupport_fastrtps_cExport.cmake
[0.311s] -- Up-to-date: /home/nayr/auto_patrol_robot/autopatrol_ws/install/autopatrol_interfaces/share/autopatrol_interfaces/cmake/export_autopatrol_interfaces__rosidl_typesupport_fastrtps_cExport-noconfig.cmake
[0.311s] -- Up-to-date: /home/nayr/auto_patrol_robot/autopatrol_ws/install/autopatrol_interfaces/share/autopatrol_interfaces/cmake/autopatrol_interfaces__rosidl_typesupport_introspection_cExport.cmake
[0.311s] -- Up-to-date: /home/nayr/auto_patrol_robot/autopatrol_ws/install/autopatrol_interfaces/share/autopatrol_interfaces/cmake/autopatrol_interfaces__rosidl_typesupport_introspection_cExport-noconfig.cmake
[0.311s] -- Up-to-date: /home/nayr/auto_patrol_robot/autopatrol_ws/install/autopatrol_interfaces/share/autopatrol_interfaces/cmake/autopatrol_interfaces__rosidl_typesupport_cExport.cmake
[0.311s] -- Up-to-date: /home/nayr/auto_patrol_robot/autopatrol_ws/install/autopatrol_interfaces/share/autopatrol_interfaces/cmake/autopatrol_interfaces__rosidl_typesupport_cExport-noconfig.cmake
[0.311s] -- Up-to-date: /home/nayr/auto_patrol_robot/autopatrol_ws/install/autopatrol_interfaces/share/autopatrol_interfaces/cmake/export_autopatrol_interfaces__rosidl_generator_cppExport.cmake
[0.312s] -- Up-to-date: /home/nayr/auto_patrol_robot/autopatrol_ws/install/autopatrol_interfaces/share/autopatrol_interfaces/cmake/export_autopatrol_interfaces__rosidl_typesupport_fastrtps_cppExport.cmake
[0.312s] -- Up-to-date: /home/nayr/auto_patrol_robot/autopatrol_ws/install/autopatrol_interfaces/share/autopatrol_interfaces/cmake/export_autopatrol_interfaces__rosidl_typesupport_fastrtps_cppExport-noconfig.cmake
[0.312s] -- Up-to-date: /home/nayr/auto_patrol_robot/autopatrol_ws/install/autopatrol_interfaces/share/autopatrol_interfaces/cmake/autopatrol_interfaces__rosidl_typesupport_introspection_cppExport.cmake
[0.312s] -- Up-to-date: /home/nayr/auto_patrol_robot/autopatrol_ws/install/autopatrol_interfaces/share/autopatrol_interfaces/cmake/autopatrol_interfaces__rosidl_typesupport_introspection_cppExport-noconfig.cmake
[0.312s] -- Up-to-date: /home/nayr/auto_patrol_robot/autopatrol_ws/install/autopatrol_interfaces/share/autopatrol_interfaces/cmake/autopatrol_interfaces__rosidl_typesupport_cppExport.cmake
[0.312s] -- Up-to-date: /home/nayr/auto_patrol_robot/autopatrol_ws/install/autopatrol_interfaces/share/autopatrol_interfaces/cmake/autopatrol_interfaces__rosidl_typesupport_cppExport-noconfig.cmake
[0.312s] -- Up-to-date: /home/nayr/auto_patrol_robot/autopatrol_ws/install/autopatrol_interfaces/share/autopatrol_interfaces/cmake/export_autopatrol_interfaces__rosidl_generator_pyExport.cmake
[0.312s] -- Up-to-date: /home/nayr/auto_patrol_robot/autopatrol_ws/install/autopatrol_interfaces/share/autopatrol_interfaces/cmake/export_autopatrol_interfaces__rosidl_generator_pyExport-noconfig.cmake
[0.312s] -- Up-to-date: /home/nayr/auto_patrol_robot/autopatrol_ws/install/autopatrol_interfaces/share/autopatrol_interfaces/cmake/rosidl_cmake-extras.cmake
[0.312s] -- Up-to-date: /home/nayr/auto_patrol_robot/autopatrol_ws/install/autopatrol_interfaces/share/autopatrol_interfaces/cmake/ament_cmake_export_include_directories-extras.cmake
[0.312s] -- Up-to-date: /home/nayr/auto_patrol_robot/autopatrol_ws/install/autopatrol_interfaces/share/autopatrol_interfaces/cmake/ament_cmake_export_libraries-extras.cmake
[0.312s] -- Up-to-date: /home/nayr/auto_patrol_robot/autopatrol_ws/install/autopatrol_interfaces/share/autopatrol_interfaces/cmake/ament_cmake_export_targets-extras.cmake
[0.312s] -- Up-to-date: /home/nayr/auto_patrol_robot/autopatrol_ws/install/autopatrol_interfaces/share/autopatrol_interfaces/cmake/rosidl_cmake_export_typesupport_targets-extras.cmake
[0.312s] -- Up-to-date: /home/nayr/auto_patrol_robot/autopatrol_ws/install/autopatrol_interfaces/share/autopatrol_interfaces/cmake/ament_cmake_export_dependencies-extras.cmake
[0.312s] -- Up-to-date: /home/nayr/auto_patrol_robot/autopatrol_ws/install/autopatrol_interfaces/share/autopatrol_interfaces/cmake/rosidl_cmake_export_typesupport_libraries-extras.cmake
[0.312s] -- Up-to-date: /home/nayr/auto_patrol_robot/autopatrol_ws/install/autopatrol_interfaces/share/autopatrol_interfaces/cmake/autopatrol_interfacesConfig.cmake
[0.312s] -- Up-to-date: /home/nayr/auto_patrol_robot/autopatrol_ws/install/autopatrol_interfaces/share/autopatrol_interfaces/cmake/autopatrol_interfacesConfig-version.cmake
[0.312s] -- Up-to-date: /home/nayr/auto_patrol_robot/autopatrol_ws/install/autopatrol_interfaces/share/autopatrol_interfaces/package.xml
[0.314s] Invoked command in '/home/nayr/auto_patrol_robot/autopatrol_ws/build/autopatrol_interfaces' returned '0': CMAKE_PREFIX_PATH=${CMAKE_PREFIX_PATH}:/home/nayr/auto_patrol_robot/autopatrol_ws/install/autopatrol_robot:/home/nayr/FishRos/ch7/ch7_ws/install/fishbot_application:/home/nayr/FishRos/ch7/ch7_ws/install/autopatrol_robot:/opt/ros/humble /usr/bin/cmake --install /home/nayr/auto_patrol_robot/autopatrol_ws/build/autopatrol_interfaces
