[0.184s] Invoking command in '/home/nayr/auto_patrol_robot/autopatrol_ws/build/robot_navigation2': CMAKE_PREFIX_PATH=${CMAKE_PREFIX_PATH}:/home/nayr/auto_patrol_robot/autopatrol_ws/install/autopatrol_robot:/home/nayr/FishRos/ch7/ch7_ws/install/fishbot_application:/home/nayr/FishRos/ch7/ch7_ws/install/autopatrol_robot:/opt/ros/humble /usr/bin/cmake --build /home/nayr/auto_patrol_robot/autopatrol_ws/build/robot_navigation2 -- -j16 -l16
[0.232s] Invoked command in '/home/nayr/auto_patrol_robot/autopatrol_ws/build/robot_navigation2' returned '0': CMAKE_PREFIX_PATH=${CMAKE_PREFIX_PATH}:/home/nayr/auto_patrol_robot/autopatrol_ws/install/autopatrol_robot:/home/nayr/FishRos/ch7/ch7_ws/install/fishbot_application:/home/nayr/FishRos/ch7/ch7_ws/install/autopatrol_robot:/opt/ros/humble /usr/bin/cmake --build /home/nayr/auto_patrol_robot/autopatrol_ws/build/robot_navigation2 -- -j16 -l16
[0.233s] Invoking command in '/home/nayr/auto_patrol_robot/autopatrol_ws/build/robot_navigation2': CMAKE_PREFIX_PATH=${CMAKE_PREFIX_PATH}:/home/nayr/auto_patrol_robot/autopatrol_ws/install/autopatrol_robot:/home/nayr/FishRos/ch7/ch7_ws/install/fishbot_application:/home/nayr/FishRos/ch7/ch7_ws/install/autopatrol_robot:/opt/ros/humble /usr/bin/cmake --install /home/nayr/auto_patrol_robot/autopatrol_ws/build/robot_navigation2
[0.238s] -- Install configuration: ""
[0.238s] -- Up-to-date: /home/nayr/auto_patrol_robot/autopatrol_ws/install/robot_navigation2/share/robot_navigation2/launch
[0.238s] -- Up-to-date: /home/nayr/auto_patrol_robot/autopatrol_ws/install/robot_navigation2/share/robot_navigation2/launch/navigation2.launch.py
[0.238s] -- Up-to-date: /home/nayr/auto_patrol_robot/autopatrol_ws/install/robot_navigation2/share/robot_navigation2/maps
[0.238s] -- Up-to-date: /home/nayr/auto_patrol_robot/autopatrol_ws/install/robot_navigation2/share/robot_navigation2/maps/room.yaml
[0.238s] -- Up-to-date: /home/nayr/auto_patrol_robot/autopatrol_ws/install/robot_navigation2/share/robot_navigation2/maps/room.pgm
[0.238s] -- Up-to-date: /home/nayr/auto_patrol_robot/autopatrol_ws/install/robot_navigation2/share/robot_navigation2/config
[0.238s] -- Up-to-date: /home/nayr/auto_patrol_robot/autopatrol_ws/install/robot_navigation2/share/robot_navigation2/config/nav2_params.yaml
[0.238s] -- Up-to-date: /home/nayr/auto_patrol_robot/autopatrol_ws/install/robot_navigation2/share/ament_index/resource_index/package_run_dependencies/robot_navigation2
[0.238s] -- Up-to-date: /home/nayr/auto_patrol_robot/autopatrol_ws/install/robot_navigation2/share/ament_index/resource_index/parent_prefix_path/robot_navigation2
[0.238s] -- Up-to-date: /home/nayr/auto_patrol_robot/autopatrol_ws/install/robot_navigation2/share/robot_navigation2/environment/ament_prefix_path.sh
[0.238s] -- Up-to-date: /home/nayr/auto_patrol_robot/autopatrol_ws/install/robot_navigation2/share/robot_navigation2/environment/ament_prefix_path.dsv
[0.238s] -- Up-to-date: /home/nayr/auto_patrol_robot/autopatrol_ws/install/robot_navigation2/share/robot_navigation2/environment/path.sh
[0.238s] -- Up-to-date: /home/nayr/auto_patrol_robot/autopatrol_ws/install/robot_navigation2/share/robot_navigation2/environment/path.dsv
[0.238s] -- Up-to-date: /home/nayr/auto_patrol_robot/autopatrol_ws/install/robot_navigation2/share/robot_navigation2/local_setup.bash
[0.238s] -- Up-to-date: /home/nayr/auto_patrol_robot/autopatrol_ws/install/robot_navigation2/share/robot_navigation2/local_setup.sh
[0.238s] -- Up-to-date: /home/nayr/auto_patrol_robot/autopatrol_ws/install/robot_navigation2/share/robot_navigation2/local_setup.zsh
[0.238s] -- Up-to-date: /home/nayr/auto_patrol_robot/autopatrol_ws/install/robot_navigation2/share/robot_navigation2/local_setup.dsv
[0.238s] -- Installing: /home/nayr/auto_patrol_robot/autopatrol_ws/install/robot_navigation2/share/robot_navigation2/package.dsv
[0.239s] -- Up-to-date: /home/nayr/auto_patrol_robot/autopatrol_ws/install/robot_navigation2/share/ament_index/resource_index/packages/robot_navigation2
[0.239s] -- Up-to-date: /home/nayr/auto_patrol_robot/autopatrol_ws/install/robot_navigation2/share/robot_navigation2/cmake/robot_navigation2Config.cmake
[0.239s] -- Up-to-date: /home/nayr/auto_patrol_robot/autopatrol_ws/install/robot_navigation2/share/robot_navigation2/cmake/robot_navigation2Config-version.cmake
[0.239s] -- Up-to-date: /home/nayr/auto_patrol_robot/autopatrol_ws/install/robot_navigation2/share/robot_navigation2/package.xml
[0.448s] Invoked command in '/home/nayr/auto_patrol_robot/autopatrol_ws/build/robot_navigation2' returned '0': CMAKE_PREFIX_PATH=${CMAKE_PREFIX_PATH}:/home/nayr/auto_patrol_robot/autopatrol_ws/install/autopatrol_robot:/home/nayr/FishRos/ch7/ch7_ws/install/fishbot_application:/home/nayr/FishRos/ch7/ch7_ws/install/autopatrol_robot:/opt/ros/humble /usr/bin/cmake --install /home/nayr/auto_patrol_robot/autopatrol_ws/build/robot_navigation2
