[0.067s] DEBUG:colcon:Command line arguments: ['/usr/bin/colcon', 'build']
[0.067s] DEBUG:colcon:Parsed command line arguments: Namespace(log_base=None, log_level=None, verb_name='build', build_base='build', install_base='install', merge_install=False, symlink_install=False, test_result_base=None, continue_on_error=False, executor='parallel', parallel_workers=16, event_handlers=None, ignore_user_meta=False, metas=['./colcon.meta'], base_paths=['.'], packages_ignore=None, packages_ignore_regex=None, paths=None, packages_up_to=None, packages_up_to_regex=None, packages_above=None, packages_above_and_dependencies=None, packages_above_depth=None, packages_select_by_dep=None, packages_skip_by_dep=None, packages_skip_up_to=None, packages_select_build_failed=False, packages_skip_build_finished=False, packages_select_test_failures=False, packages_skip_test_passed=False, packages_select=None, packages_skip=None, packages_select_regex=None, packages_skip_regex=None, packages_start=None, packages_end=None, allow_overriding=[], cmake_args=None, cmake_target=None, cmake_target_skip_unavailable=False, cmake_clean_cache=False, cmake_clean_first=False, cmake_force_configure=False, ament_cmake_args=None, catkin_cmake_args=None, catkin_skip_building_tests=False, mixin_files=None, mixin=None, verb_parser=<colcon_mixin.mixin.mixin_argument.MixinArgumentDecorator object at 0x74939780ff70>, verb_extension=<colcon_core.verb.build.BuildVerb object at 0x74939798ce50>, main=<bound method BuildVerb.main of <colcon_core.verb.build.BuildVerb object at 0x74939798ce50>>, mixin_verb=('build',))
[0.168s] Level 1:colcon.colcon_core.package_discovery:discover_packages(colcon_meta) check parameters
[0.168s] Level 1:colcon.colcon_core.package_discovery:discover_packages(recursive) check parameters
[0.168s] Level 1:colcon.colcon_core.package_discovery:discover_packages(ignore) check parameters
[0.168s] Level 1:colcon.colcon_core.package_discovery:discover_packages(path) check parameters
[0.168s] Level 1:colcon.colcon_core.package_discovery:discover_packages(colcon_meta) discover
[0.168s] Level 1:colcon.colcon_core.package_discovery:discover_packages(recursive) discover
[0.168s] INFO:colcon.colcon_core.package_discovery:Crawling recursively for packages in '/home/nayr/auto_patrol_robot/autopatrol_ws'
[0.168s] Level 1:colcon.colcon_core.package_identification:_identify(.) by extensions ['ignore', 'ignore_ament_install']
[0.168s] Level 1:colcon.colcon_core.package_identification:_identify(.) by extension 'ignore'
[0.168s] Level 1:colcon.colcon_core.package_identification:_identify(.) by extension 'ignore_ament_install'
[0.168s] Level 1:colcon.colcon_core.package_identification:_identify(.) by extensions ['colcon_pkg']
[0.168s] Level 1:colcon.colcon_core.package_identification:_identify(.) by extension 'colcon_pkg'
[0.168s] Level 1:colcon.colcon_core.package_identification:_identify(.) by extensions ['colcon_meta']
[0.168s] Level 1:colcon.colcon_core.package_identification:_identify(.) by extension 'colcon_meta'
[0.168s] Level 1:colcon.colcon_core.package_identification:_identify(.) by extensions ['ros']
[0.168s] Level 1:colcon.colcon_core.package_identification:_identify(.) by extension 'ros'
[0.175s] Level 1:colcon.colcon_core.package_identification:_identify(.) by extensions ['cmake', 'python']
[0.175s] Level 1:colcon.colcon_core.package_identification:_identify(.) by extension 'cmake'
[0.175s] Level 1:colcon.colcon_core.package_identification:_identify(.) by extension 'python'
[0.175s] Level 1:colcon.colcon_core.package_identification:_identify(.) by extensions ['python_setup_py']
[0.175s] Level 1:colcon.colcon_core.package_identification:_identify(.) by extension 'python_setup_py'
[0.175s] Level 1:colcon.colcon_core.package_identification:_identify(build) by extensions ['ignore', 'ignore_ament_install']
[0.175s] Level 1:colcon.colcon_core.package_identification:_identify(build) by extension 'ignore'
[0.175s] Level 1:colcon.colcon_core.package_identification:_identify(build) ignored
[0.175s] Level 1:colcon.colcon_core.package_identification:_identify(install) by extensions ['ignore', 'ignore_ament_install']
[0.175s] Level 1:colcon.colcon_core.package_identification:_identify(install) by extension 'ignore'
[0.175s] Level 1:colcon.colcon_core.package_identification:_identify(install) ignored
[0.175s] Level 1:colcon.colcon_core.package_identification:_identify(log) by extensions ['ignore', 'ignore_ament_install']
[0.175s] Level 1:colcon.colcon_core.package_identification:_identify(log) by extension 'ignore'
[0.175s] Level 1:colcon.colcon_core.package_identification:_identify(log) ignored
[0.175s] Level 1:colcon.colcon_core.package_identification:_identify(media) by extensions ['ignore', 'ignore_ament_install']
[0.175s] Level 1:colcon.colcon_core.package_identification:_identify(media) by extension 'ignore'
[0.175s] Level 1:colcon.colcon_core.package_identification:_identify(media) by extension 'ignore_ament_install'
[0.176s] Level 1:colcon.colcon_core.package_identification:_identify(media) by extensions ['colcon_pkg']
[0.176s] Level 1:colcon.colcon_core.package_identification:_identify(media) by extension 'colcon_pkg'
[0.176s] Level 1:colcon.colcon_core.package_identification:_identify(media) by extensions ['colcon_meta']
[0.176s] Level 1:colcon.colcon_core.package_identification:_identify(media) by extension 'colcon_meta'
[0.176s] Level 1:colcon.colcon_core.package_identification:_identify(media) by extensions ['ros']
[0.176s] Level 1:colcon.colcon_core.package_identification:_identify(media) by extension 'ros'
[0.176s] Level 1:colcon.colcon_core.package_identification:_identify(media) by extensions ['cmake', 'python']
[0.176s] Level 1:colcon.colcon_core.package_identification:_identify(media) by extension 'cmake'
[0.176s] Level 1:colcon.colcon_core.package_identification:_identify(media) by extension 'python'
[0.176s] Level 1:colcon.colcon_core.package_identification:_identify(media) by extensions ['python_setup_py']
[0.176s] Level 1:colcon.colcon_core.package_identification:_identify(media) by extension 'python_setup_py'
[0.176s] Level 1:colcon.colcon_core.package_identification:_identify(src) by extensions ['ignore', 'ignore_ament_install']
[0.176s] Level 1:colcon.colcon_core.package_identification:_identify(src) by extension 'ignore'
[0.176s] Level 1:colcon.colcon_core.package_identification:_identify(src) by extension 'ignore_ament_install'
[0.176s] Level 1:colcon.colcon_core.package_identification:_identify(src) by extensions ['colcon_pkg']
[0.176s] Level 1:colcon.colcon_core.package_identification:_identify(src) by extension 'colcon_pkg'
[0.176s] Level 1:colcon.colcon_core.package_identification:_identify(src) by extensions ['colcon_meta']
[0.176s] Level 1:colcon.colcon_core.package_identification:_identify(src) by extension 'colcon_meta'
[0.176s] Level 1:colcon.colcon_core.package_identification:_identify(src) by extensions ['ros']
[0.176s] Level 1:colcon.colcon_core.package_identification:_identify(src) by extension 'ros'
[0.176s] Level 1:colcon.colcon_core.package_identification:_identify(src) by extensions ['cmake', 'python']
[0.176s] Level 1:colcon.colcon_core.package_identification:_identify(src) by extension 'cmake'
[0.176s] Level 1:colcon.colcon_core.package_identification:_identify(src) by extension 'python'
[0.176s] Level 1:colcon.colcon_core.package_identification:_identify(src) by extensions ['python_setup_py']
[0.176s] Level 1:colcon.colcon_core.package_identification:_identify(src) by extension 'python_setup_py'
[0.176s] Level 1:colcon.colcon_core.package_identification:_identify(src/autopatrol_interfaces) by extensions ['ignore', 'ignore_ament_install']
[0.176s] Level 1:colcon.colcon_core.package_identification:_identify(src/autopatrol_interfaces) by extension 'ignore'
[0.176s] Level 1:colcon.colcon_core.package_identification:_identify(src/autopatrol_interfaces) by extension 'ignore_ament_install'
[0.176s] Level 1:colcon.colcon_core.package_identification:_identify(src/autopatrol_interfaces) by extensions ['colcon_pkg']
[0.176s] Level 1:colcon.colcon_core.package_identification:_identify(src/autopatrol_interfaces) by extension 'colcon_pkg'
[0.176s] Level 1:colcon.colcon_core.package_identification:_identify(src/autopatrol_interfaces) by extensions ['colcon_meta']
[0.176s] Level 1:colcon.colcon_core.package_identification:_identify(src/autopatrol_interfaces) by extension 'colcon_meta'
[0.176s] Level 1:colcon.colcon_core.package_identification:_identify(src/autopatrol_interfaces) by extensions ['ros']
[0.176s] Level 1:colcon.colcon_core.package_identification:_identify(src/autopatrol_interfaces) by extension 'ros'
[0.178s] DEBUG:colcon.colcon_core.package_identification:Package 'src/autopatrol_interfaces' with type 'ros.ament_cmake' and name 'autopatrol_interfaces'
[0.178s] Level 1:colcon.colcon_core.package_identification:_identify(src/autopatrol_robot) by extensions ['ignore', 'ignore_ament_install']
[0.178s] Level 1:colcon.colcon_core.package_identification:_identify(src/autopatrol_robot) by extension 'ignore'
[0.178s] Level 1:colcon.colcon_core.package_identification:_identify(src/autopatrol_robot) by extension 'ignore_ament_install'
[0.178s] Level 1:colcon.colcon_core.package_identification:_identify(src/autopatrol_robot) by extensions ['colcon_pkg']
[0.178s] Level 1:colcon.colcon_core.package_identification:_identify(src/autopatrol_robot) by extension 'colcon_pkg'
[0.178s] Level 1:colcon.colcon_core.package_identification:_identify(src/autopatrol_robot) by extensions ['colcon_meta']
[0.178s] Level 1:colcon.colcon_core.package_identification:_identify(src/autopatrol_robot) by extension 'colcon_meta'
[0.178s] Level 1:colcon.colcon_core.package_identification:_identify(src/autopatrol_robot) by extensions ['ros']
[0.178s] Level 1:colcon.colcon_core.package_identification:_identify(src/autopatrol_robot) by extension 'ros'
[0.179s] DEBUG:colcon.colcon_core.package_identification:Package 'src/autopatrol_robot' with type 'ros.ament_python' and name 'autopatrol_robot'
[0.179s] Level 1:colcon.colcon_core.package_identification:_identify(src/robot_description) by extensions ['ignore', 'ignore_ament_install']
[0.179s] Level 1:colcon.colcon_core.package_identification:_identify(src/robot_description) by extension 'ignore'
[0.179s] Level 1:colcon.colcon_core.package_identification:_identify(src/robot_description) by extension 'ignore_ament_install'
[0.179s] Level 1:colcon.colcon_core.package_identification:_identify(src/robot_description) by extensions ['colcon_pkg']
[0.179s] Level 1:colcon.colcon_core.package_identification:_identify(src/robot_description) by extension 'colcon_pkg'
[0.179s] Level 1:colcon.colcon_core.package_identification:_identify(src/robot_description) by extensions ['colcon_meta']
[0.179s] Level 1:colcon.colcon_core.package_identification:_identify(src/robot_description) by extension 'colcon_meta'
[0.179s] Level 1:colcon.colcon_core.package_identification:_identify(src/robot_description) by extensions ['ros']
[0.179s] Level 1:colcon.colcon_core.package_identification:_identify(src/robot_description) by extension 'ros'
[0.179s] DEBUG:colcon.colcon_core.package_identification:Package 'src/robot_description' with type 'ros.ament_cmake' and name 'robot_description'
[0.179s] Level 1:colcon.colcon_core.package_identification:_identify(src/robot_navigation2) by extensions ['ignore', 'ignore_ament_install']
[0.179s] Level 1:colcon.colcon_core.package_identification:_identify(src/robot_navigation2) by extension 'ignore'
[0.179s] Level 1:colcon.colcon_core.package_identification:_identify(src/robot_navigation2) by extension 'ignore_ament_install'
[0.179s] Level 1:colcon.colcon_core.package_identification:_identify(src/robot_navigation2) by extensions ['colcon_pkg']
[0.179s] Level 1:colcon.colcon_core.package_identification:_identify(src/robot_navigation2) by extension 'colcon_pkg'
[0.179s] Level 1:colcon.colcon_core.package_identification:_identify(src/robot_navigation2) by extensions ['colcon_meta']
[0.179s] Level 1:colcon.colcon_core.package_identification:_identify(src/robot_navigation2) by extension 'colcon_meta'
[0.179s] Level 1:colcon.colcon_core.package_identification:_identify(src/robot_navigation2) by extensions ['ros']
[0.179s] Level 1:colcon.colcon_core.package_identification:_identify(src/robot_navigation2) by extension 'ros'
[0.180s] DEBUG:colcon.colcon_core.package_identification:Package 'src/robot_navigation2' with type 'ros.ament_cmake' and name 'robot_navigation2'
[0.180s] Level 1:colcon.colcon_core.package_discovery:discover_packages(recursive) using defaults
[0.180s] Level 1:colcon.colcon_core.package_discovery:discover_packages(ignore) discover
[0.180s] Level 1:colcon.colcon_core.package_discovery:discover_packages(ignore) using defaults
[0.180s] Level 1:colcon.colcon_core.package_discovery:discover_packages(path) discover
[0.180s] Level 1:colcon.colcon_core.package_discovery:discover_packages(path) using defaults
[0.199s] Level 1:colcon.colcon_core.package_discovery:discover_packages(prefix_path) check parameters
[0.199s] Level 1:colcon.colcon_core.package_discovery:discover_packages(prefix_path) discover
[0.200s] DEBUG:colcon.colcon_installed_package_information.package_discovery:Found 4 installed packages in /home/nayr/auto_patrol_robot/autopatrol_ws/install
[0.200s] DEBUG:colcon.colcon_installed_package_information.package_discovery:Found 5 installed packages in /home/nayr/FishRos/ch7/ch7_ws/install
[0.201s] DEBUG:colcon.colcon_installed_package_information.package_discovery:Found 376 installed packages in /opt/ros/humble
[0.202s] Level 1:colcon.colcon_core.package_discovery:discover_packages(prefix_path) using defaults
[0.228s] Level 5:colcon.colcon_core.verb:set package 'autopatrol_interfaces' build argument 'cmake_args' from command line to 'None'
[0.228s] Level 5:colcon.colcon_core.verb:set package 'autopatrol_interfaces' build argument 'cmake_target' from command line to 'None'
[0.228s] Level 5:colcon.colcon_core.verb:set package 'autopatrol_interfaces' build argument 'cmake_target_skip_unavailable' from command line to 'False'
[0.228s] Level 5:colcon.colcon_core.verb:set package 'autopatrol_interfaces' build argument 'cmake_clean_cache' from command line to 'False'
[0.228s] Level 5:colcon.colcon_core.verb:set package 'autopatrol_interfaces' build argument 'cmake_clean_first' from command line to 'False'
[0.228s] Level 5:colcon.colcon_core.verb:set package 'autopatrol_interfaces' build argument 'cmake_force_configure' from command line to 'False'
[0.228s] Level 5:colcon.colcon_core.verb:set package 'autopatrol_interfaces' build argument 'ament_cmake_args' from command line to 'None'
[0.228s] Level 5:colcon.colcon_core.verb:set package 'autopatrol_interfaces' build argument 'catkin_cmake_args' from command line to 'None'
[0.228s] Level 5:colcon.colcon_core.verb:set package 'autopatrol_interfaces' build argument 'catkin_skip_building_tests' from command line to 'False'
[0.228s] DEBUG:colcon.colcon_core.verb:Building package 'autopatrol_interfaces' with the following arguments: {'ament_cmake_args': None, 'build_base': '/home/nayr/auto_patrol_robot/autopatrol_ws/build/autopatrol_interfaces', 'catkin_cmake_args': None, 'catkin_skip_building_tests': False, 'cmake_args': None, 'cmake_clean_cache': False, 'cmake_clean_first': False, 'cmake_force_configure': False, 'cmake_target': None, 'cmake_target_skip_unavailable': False, 'install_base': '/home/nayr/auto_patrol_robot/autopatrol_ws/install/autopatrol_interfaces', 'merge_install': False, 'path': '/home/nayr/auto_patrol_robot/autopatrol_ws/src/autopatrol_interfaces', 'symlink_install': False, 'test_result_base': None}
[0.228s] Level 5:colcon.colcon_core.verb:set package 'autopatrol_robot' build argument 'cmake_args' from command line to 'None'
[0.228s] Level 5:colcon.colcon_core.verb:set package 'autopatrol_robot' build argument 'cmake_target' from command line to 'None'
[0.228s] Level 5:colcon.colcon_core.verb:set package 'autopatrol_robot' build argument 'cmake_target_skip_unavailable' from command line to 'False'
[0.228s] Level 5:colcon.colcon_core.verb:set package 'autopatrol_robot' build argument 'cmake_clean_cache' from command line to 'False'
[0.228s] Level 5:colcon.colcon_core.verb:set package 'autopatrol_robot' build argument 'cmake_clean_first' from command line to 'False'
[0.228s] Level 5:colcon.colcon_core.verb:set package 'autopatrol_robot' build argument 'cmake_force_configure' from command line to 'False'
[0.228s] Level 5:colcon.colcon_core.verb:set package 'autopatrol_robot' build argument 'ament_cmake_args' from command line to 'None'
[0.228s] Level 5:colcon.colcon_core.verb:set package 'autopatrol_robot' build argument 'catkin_cmake_args' from command line to 'None'
[0.228s] Level 5:colcon.colcon_core.verb:set package 'autopatrol_robot' build argument 'catkin_skip_building_tests' from command line to 'False'
[0.228s] DEBUG:colcon.colcon_core.verb:Building package 'autopatrol_robot' with the following arguments: {'ament_cmake_args': None, 'build_base': '/home/nayr/auto_patrol_robot/autopatrol_ws/build/autopatrol_robot', 'catkin_cmake_args': None, 'catkin_skip_building_tests': False, 'cmake_args': None, 'cmake_clean_cache': False, 'cmake_clean_first': False, 'cmake_force_configure': False, 'cmake_target': None, 'cmake_target_skip_unavailable': False, 'install_base': '/home/nayr/auto_patrol_robot/autopatrol_ws/install/autopatrol_robot', 'merge_install': False, 'path': '/home/nayr/auto_patrol_robot/autopatrol_ws/src/autopatrol_robot', 'symlink_install': False, 'test_result_base': None}
[0.228s] Level 5:colcon.colcon_core.verb:set package 'robot_description' build argument 'cmake_args' from command line to 'None'
[0.228s] Level 5:colcon.colcon_core.verb:set package 'robot_description' build argument 'cmake_target' from command line to 'None'
[0.228s] Level 5:colcon.colcon_core.verb:set package 'robot_description' build argument 'cmake_target_skip_unavailable' from command line to 'False'
[0.228s] Level 5:colcon.colcon_core.verb:set package 'robot_description' build argument 'cmake_clean_cache' from command line to 'False'
[0.228s] Level 5:colcon.colcon_core.verb:set package 'robot_description' build argument 'cmake_clean_first' from command line to 'False'
[0.228s] Level 5:colcon.colcon_core.verb:set package 'robot_description' build argument 'cmake_force_configure' from command line to 'False'
[0.228s] Level 5:colcon.colcon_core.verb:set package 'robot_description' build argument 'ament_cmake_args' from command line to 'None'
[0.228s] Level 5:colcon.colcon_core.verb:set package 'robot_description' build argument 'catkin_cmake_args' from command line to 'None'
[0.228s] Level 5:colcon.colcon_core.verb:set package 'robot_description' build argument 'catkin_skip_building_tests' from command line to 'False'
[0.229s] DEBUG:colcon.colcon_core.verb:Building package 'robot_description' with the following arguments: {'ament_cmake_args': None, 'build_base': '/home/nayr/auto_patrol_robot/autopatrol_ws/build/robot_description', 'catkin_cmake_args': None, 'catkin_skip_building_tests': False, 'cmake_args': None, 'cmake_clean_cache': False, 'cmake_clean_first': False, 'cmake_force_configure': False, 'cmake_target': None, 'cmake_target_skip_unavailable': False, 'install_base': '/home/nayr/auto_patrol_robot/autopatrol_ws/install/robot_description', 'merge_install': False, 'path': '/home/nayr/auto_patrol_robot/autopatrol_ws/src/robot_description', 'symlink_install': False, 'test_result_base': None}
[0.229s] Level 5:colcon.colcon_core.verb:set package 'robot_navigation2' build argument 'cmake_args' from command line to 'None'
[0.229s] Level 5:colcon.colcon_core.verb:set package 'robot_navigation2' build argument 'cmake_target' from command line to 'None'
[0.229s] Level 5:colcon.colcon_core.verb:set package 'robot_navigation2' build argument 'cmake_target_skip_unavailable' from command line to 'False'
[0.229s] Level 5:colcon.colcon_core.verb:set package 'robot_navigation2' build argument 'cmake_clean_cache' from command line to 'False'
[0.229s] Level 5:colcon.colcon_core.verb:set package 'robot_navigation2' build argument 'cmake_clean_first' from command line to 'False'
[0.229s] Level 5:colcon.colcon_core.verb:set package 'robot_navigation2' build argument 'cmake_force_configure' from command line to 'False'
[0.229s] Level 5:colcon.colcon_core.verb:set package 'robot_navigation2' build argument 'ament_cmake_args' from command line to 'None'
[0.229s] Level 5:colcon.colcon_core.verb:set package 'robot_navigation2' build argument 'catkin_cmake_args' from command line to 'None'
[0.229s] Level 5:colcon.colcon_core.verb:set package 'robot_navigation2' build argument 'catkin_skip_building_tests' from command line to 'False'
[0.229s] DEBUG:colcon.colcon_core.verb:Building package 'robot_navigation2' with the following arguments: {'ament_cmake_args': None, 'build_base': '/home/nayr/auto_patrol_robot/autopatrol_ws/build/robot_navigation2', 'catkin_cmake_args': None, 'catkin_skip_building_tests': False, 'cmake_args': None, 'cmake_clean_cache': False, 'cmake_clean_first': False, 'cmake_force_configure': False, 'cmake_target': None, 'cmake_target_skip_unavailable': False, 'install_base': '/home/nayr/auto_patrol_robot/autopatrol_ws/install/robot_navigation2', 'merge_install': False, 'path': '/home/nayr/auto_patrol_robot/autopatrol_ws/src/robot_navigation2', 'symlink_install': False, 'test_result_base': None}
[0.229s] INFO:colcon.colcon_core.executor:Executing jobs using 'parallel' executor
[0.230s] DEBUG:colcon.colcon_parallel_executor.executor.parallel:run_until_complete
[0.230s] INFO:colcon.colcon_ros.task.ament_cmake.build:Building ROS package in '/home/nayr/auto_patrol_robot/autopatrol_ws/src/autopatrol_interfaces' with build type 'ament_cmake'
[0.230s] INFO:colcon.colcon_cmake.task.cmake.build:Building CMake package in '/home/nayr/auto_patrol_robot/autopatrol_ws/src/autopatrol_interfaces'
[0.231s] INFO:colcon.colcon_core.plugin_system:Skipping extension 'colcon_core.shell.bat': Not used on non-Windows systems
[0.231s] INFO:colcon.colcon_core.shell:Skip shell extension 'powershell' for command environment: Not usable outside of PowerShell
[0.231s] DEBUG:colcon.colcon_core.shell:Skip shell extension 'dsv' for command environment
[0.234s] INFO:colcon.colcon_ros.task.ament_python.build:Building ROS package in '/home/nayr/auto_patrol_robot/autopatrol_ws/src/autopatrol_robot' with build type 'ament_python'
[0.234s] Level 1:colcon.colcon_core.shell:create_environment_hook('autopatrol_robot', 'ament_prefix_path')
[0.234s] INFO:colcon.colcon_core.shell:Creating environment hook '/home/nayr/auto_patrol_robot/autopatrol_ws/install/autopatrol_robot/share/autopatrol_robot/hook/ament_prefix_path.ps1'
[0.234s] INFO:colcon.colcon_core.shell:Creating environment descriptor '/home/nayr/auto_patrol_robot/autopatrol_ws/install/autopatrol_robot/share/autopatrol_robot/hook/ament_prefix_path.dsv'
[0.235s] INFO:colcon.colcon_core.shell:Creating environment hook '/home/nayr/auto_patrol_robot/autopatrol_ws/install/autopatrol_robot/share/autopatrol_robot/hook/ament_prefix_path.sh'
[0.235s] INFO:colcon.colcon_core.shell:Skip shell extension 'powershell' for command environment: Not usable outside of PowerShell
[0.235s] DEBUG:colcon.colcon_core.shell:Skip shell extension 'dsv' for command environment
[0.237s] INFO:colcon.colcon_ros.task.ament_cmake.build:Building ROS package in '/home/nayr/auto_patrol_robot/autopatrol_ws/src/robot_description' with build type 'ament_cmake'
[0.237s] INFO:colcon.colcon_cmake.task.cmake.build:Building CMake package in '/home/nayr/auto_patrol_robot/autopatrol_ws/src/robot_description'
[0.237s] INFO:colcon.colcon_core.shell:Skip shell extension 'powershell' for command environment: Not usable outside of PowerShell
[0.237s] DEBUG:colcon.colcon_core.shell:Skip shell extension 'dsv' for command environment
[0.254s] INFO:colcon.colcon_ros.task.ament_cmake.build:Building ROS package in '/home/nayr/auto_patrol_robot/autopatrol_ws/src/robot_navigation2' with build type 'ament_cmake'
[0.254s] INFO:colcon.colcon_cmake.task.cmake.build:Building CMake package in '/home/nayr/auto_patrol_robot/autopatrol_ws/src/robot_navigation2'
[0.255s] INFO:colcon.colcon_core.shell:Skip shell extension 'powershell' for command environment: Not usable outside of PowerShell
[0.255s] DEBUG:colcon.colcon_core.shell:Skip shell extension 'dsv' for command environment
[0.261s] DEBUG:colcon.colcon_core.event_handler.log_command:Invoking command in '/home/nayr/auto_patrol_robot/autopatrol_ws/build/autopatrol_interfaces': CMAKE_PREFIX_PATH=${CMAKE_PREFIX_PATH}:/home/nayr/auto_patrol_robot/autopatrol_ws/install/autopatrol_robot:/home/nayr/FishRos/ch7/ch7_ws/install/fishbot_application:/home/nayr/FishRos/ch7/ch7_ws/install/autopatrol_robot:/opt/ros/humble /usr/bin/cmake --build /home/nayr/auto_patrol_robot/autopatrol_ws/build/autopatrol_interfaces -- -j16 -l16
[0.431s] INFO:colcon.colcon_core.task.python.build:Building Python package in '/home/nayr/auto_patrol_robot/autopatrol_ws/src/autopatrol_robot'
[0.432s] INFO:colcon.colcon_core.shell:Skip shell extension 'powershell' for command environment: Not usable outside of PowerShell
[0.432s] DEBUG:colcon.colcon_core.shell:Skip shell extension 'dsv' for command environment
[0.437s] DEBUG:colcon.colcon_core.event_handler.log_command:Invoking command in '/home/nayr/auto_patrol_robot/autopatrol_ws/build/robot_description': CMAKE_PREFIX_PATH=${CMAKE_PREFIX_PATH}:/home/nayr/auto_patrol_robot/autopatrol_ws/install/autopatrol_robot:/home/nayr/FishRos/ch7/ch7_ws/install/fishbot_application:/home/nayr/FishRos/ch7/ch7_ws/install/autopatrol_robot:/opt/ros/humble /usr/bin/cmake --build /home/nayr/auto_patrol_robot/autopatrol_ws/build/robot_description -- -j16 -l16
[0.440s] DEBUG:colcon.colcon_core.event_handler.log_command:Invoking command in '/home/nayr/auto_patrol_robot/autopatrol_ws/build/robot_navigation2': CMAKE_PREFIX_PATH=${CMAKE_PREFIX_PATH}:/home/nayr/auto_patrol_robot/autopatrol_ws/install/autopatrol_robot:/home/nayr/FishRos/ch7/ch7_ws/install/fishbot_application:/home/nayr/FishRos/ch7/ch7_ws/install/autopatrol_robot:/opt/ros/humble /usr/bin/cmake --build /home/nayr/auto_patrol_robot/autopatrol_ws/build/robot_navigation2 -- -j16 -l16
[0.532s] DEBUG:colcon.colcon_core.event_handler.log_command:Invoked command in '/home/nayr/auto_patrol_robot/autopatrol_ws/build/robot_navigation2' returned '0': CMAKE_PREFIX_PATH=${CMAKE_PREFIX_PATH}:/home/nayr/auto_patrol_robot/autopatrol_ws/install/autopatrol_robot:/home/nayr/FishRos/ch7/ch7_ws/install/fishbot_application:/home/nayr/FishRos/ch7/ch7_ws/install/autopatrol_robot:/opt/ros/humble /usr/bin/cmake --build /home/nayr/auto_patrol_robot/autopatrol_ws/build/robot_navigation2 -- -j16 -l16
[0.542s] DEBUG:colcon.colcon_core.event_handler.log_command:Invoking command in '/home/nayr/auto_patrol_robot/autopatrol_ws/build/robot_navigation2': CMAKE_PREFIX_PATH=${CMAKE_PREFIX_PATH}:/home/nayr/auto_patrol_robot/autopatrol_ws/install/autopatrol_robot:/home/nayr/FishRos/ch7/ch7_ws/install/fishbot_application:/home/nayr/FishRos/ch7/ch7_ws/install/autopatrol_robot:/opt/ros/humble /usr/bin/cmake --install /home/nayr/auto_patrol_robot/autopatrol_ws/build/robot_navigation2
[0.543s] DEBUG:colcon.colcon_core.event_handler.log_command:Invoked command in '/home/nayr/auto_patrol_robot/autopatrol_ws/build/robot_description' returned '0': CMAKE_PREFIX_PATH=${CMAKE_PREFIX_PATH}:/home/nayr/auto_patrol_robot/autopatrol_ws/install/autopatrol_robot:/home/nayr/FishRos/ch7/ch7_ws/install/fishbot_application:/home/nayr/FishRos/ch7/ch7_ws/install/autopatrol_robot:/opt/ros/humble /usr/bin/cmake --build /home/nayr/auto_patrol_robot/autopatrol_ws/build/robot_description -- -j16 -l16
[0.545s] DEBUG:colcon.colcon_core.event_handler.log_command:Invoking command in '/home/nayr/auto_patrol_robot/autopatrol_ws/build/robot_description': CMAKE_PREFIX_PATH=${CMAKE_PREFIX_PATH}:/home/nayr/auto_patrol_robot/autopatrol_ws/install/autopatrol_robot:/home/nayr/FishRos/ch7/ch7_ws/install/fishbot_application:/home/nayr/FishRos/ch7/ch7_ws/install/autopatrol_robot:/opt/ros/humble /usr/bin/cmake --install /home/nayr/auto_patrol_robot/autopatrol_ws/build/robot_description
[0.557s] DEBUG:colcon.colcon_core.event_handler.log_command:Invoked command in '/home/nayr/auto_patrol_robot/autopatrol_ws/build/autopatrol_interfaces' returned '0': CMAKE_PREFIX_PATH=${CMAKE_PREFIX_PATH}:/home/nayr/auto_patrol_robot/autopatrol_ws/install/autopatrol_robot:/home/nayr/FishRos/ch7/ch7_ws/install/fishbot_application:/home/nayr/FishRos/ch7/ch7_ws/install/autopatrol_robot:/opt/ros/humble /usr/bin/cmake --build /home/nayr/auto_patrol_robot/autopatrol_ws/build/autopatrol_interfaces -- -j16 -l16
[0.559s] DEBUG:colcon.colcon_core.event_handler.log_command:Invoking command in '/home/nayr/auto_patrol_robot/autopatrol_ws/build/autopatrol_interfaces': CMAKE_PREFIX_PATH=${CMAKE_PREFIX_PATH}:/home/nayr/auto_patrol_robot/autopatrol_ws/install/autopatrol_robot:/home/nayr/FishRos/ch7/ch7_ws/install/fishbot_application:/home/nayr/FishRos/ch7/ch7_ws/install/autopatrol_robot:/opt/ros/humble /usr/bin/cmake --install /home/nayr/auto_patrol_robot/autopatrol_ws/build/autopatrol_interfaces
[0.605s] Level 1:colcon.colcon_core.environment:create_environment_scripts_only(robot_description)
[0.605s] DEBUG:colcon.colcon_core.event_handler.log_command:Invoked command in '/home/nayr/auto_patrol_robot/autopatrol_ws/build/robot_description' returned '0': CMAKE_PREFIX_PATH=${CMAKE_PREFIX_PATH}:/home/nayr/auto_patrol_robot/autopatrol_ws/install/autopatrol_robot:/home/nayr/FishRos/ch7/ch7_ws/install/fishbot_application:/home/nayr/FishRos/ch7/ch7_ws/install/autopatrol_robot:/opt/ros/humble /usr/bin/cmake --install /home/nayr/auto_patrol_robot/autopatrol_ws/build/robot_description
[0.606s] Level 1:colcon.colcon_core.environment:checking '/home/nayr/auto_patrol_robot/autopatrol_ws/install/robot_description' for CMake module files
[0.607s] Level 1:colcon.colcon_core.environment:checking '/home/nayr/auto_patrol_robot/autopatrol_ws/install/robot_description' for CMake config files
[0.607s] Level 1:colcon.colcon_core.shell:create_environment_hook('robot_description', 'cmake_prefix_path')
[0.607s] INFO:colcon.colcon_core.shell:Creating environment hook '/home/nayr/auto_patrol_robot/autopatrol_ws/install/robot_description/share/robot_description/hook/cmake_prefix_path.ps1'
[0.607s] INFO:colcon.colcon_core.shell:Creating environment descriptor '/home/nayr/auto_patrol_robot/autopatrol_ws/install/robot_description/share/robot_description/hook/cmake_prefix_path.dsv'
[0.608s] INFO:colcon.colcon_core.shell:Creating environment hook '/home/nayr/auto_patrol_robot/autopatrol_ws/install/robot_description/share/robot_description/hook/cmake_prefix_path.sh'
[0.608s] Level 1:colcon.colcon_core.environment:checking '/home/nayr/auto_patrol_robot/autopatrol_ws/install/robot_description/bin'
[0.608s] Level 1:colcon.colcon_core.environment:checking '/home/nayr/auto_patrol_robot/autopatrol_ws/install/robot_description/lib/pkgconfig/robot_description.pc'
[0.608s] Level 1:colcon.colcon_core.environment:checking '/home/nayr/auto_patrol_robot/autopatrol_ws/install/robot_description/lib/python3.10/site-packages'
[0.608s] Level 1:colcon.colcon_core.environment:checking '/home/nayr/auto_patrol_robot/autopatrol_ws/install/robot_description/bin'
[0.609s] INFO:colcon.colcon_core.shell:Creating package script '/home/nayr/auto_patrol_robot/autopatrol_ws/install/robot_description/share/robot_description/package.ps1'
[0.609s] INFO:colcon.colcon_core.shell:Creating package descriptor '/home/nayr/auto_patrol_robot/autopatrol_ws/install/robot_description/share/robot_description/package.dsv'
[0.609s] INFO:colcon.colcon_core.shell:Creating package script '/home/nayr/auto_patrol_robot/autopatrol_ws/install/robot_description/share/robot_description/package.sh'
[0.714s] INFO:colcon.colcon_core.shell:Creating package script '/home/nayr/auto_patrol_robot/autopatrol_ws/install/robot_description/share/robot_description/package.bash'
[0.715s] INFO:colcon.colcon_core.shell:Creating package script '/home/nayr/auto_patrol_robot/autopatrol_ws/install/robot_description/share/robot_description/package.zsh'
[0.715s] Level 1:colcon.colcon_core.environment:create_file_with_runtime_dependencies(/home/nayr/auto_patrol_robot/autopatrol_ws/install/robot_description/share/colcon-core/packages/robot_description)
[0.715s] Level 1:colcon.colcon_core.environment:create_environment_scripts_only(robot_description)
[0.716s] Level 1:colcon.colcon_core.environment:checking '/home/nayr/auto_patrol_robot/autopatrol_ws/install/robot_description' for CMake module files
[0.716s] Level 1:colcon.colcon_core.environment:checking '/home/nayr/auto_patrol_robot/autopatrol_ws/install/robot_description' for CMake config files
[0.716s] Level 1:colcon.colcon_core.shell:create_environment_hook('robot_description', 'cmake_prefix_path')
[0.716s] INFO:colcon.colcon_core.shell:Creating environment hook '/home/nayr/auto_patrol_robot/autopatrol_ws/install/robot_description/share/robot_description/hook/cmake_prefix_path.ps1'
[0.716s] INFO:colcon.colcon_core.shell:Creating environment descriptor '/home/nayr/auto_patrol_robot/autopatrol_ws/install/robot_description/share/robot_description/hook/cmake_prefix_path.dsv'
[0.716s] INFO:colcon.colcon_core.shell:Creating environment hook '/home/nayr/auto_patrol_robot/autopatrol_ws/install/robot_description/share/robot_description/hook/cmake_prefix_path.sh'
[0.717s] Level 1:colcon.colcon_core.environment:checking '/home/nayr/auto_patrol_robot/autopatrol_ws/install/robot_description/bin'
[0.717s] Level 1:colcon.colcon_core.environment:checking '/home/nayr/auto_patrol_robot/autopatrol_ws/install/robot_description/lib/pkgconfig/robot_description.pc'
[0.717s] Level 1:colcon.colcon_core.environment:checking '/home/nayr/auto_patrol_robot/autopatrol_ws/install/robot_description/lib/python3.10/site-packages'
[0.717s] Level 1:colcon.colcon_core.environment:checking '/home/nayr/auto_patrol_robot/autopatrol_ws/install/robot_description/bin'
[0.717s] INFO:colcon.colcon_core.shell:Creating package script '/home/nayr/auto_patrol_robot/autopatrol_ws/install/robot_description/share/robot_description/package.ps1'
[0.769s] INFO:colcon.colcon_core.shell:Creating package descriptor '/home/nayr/auto_patrol_robot/autopatrol_ws/install/robot_description/share/robot_description/package.dsv'
[0.770s] INFO:colcon.colcon_core.shell:Creating package script '/home/nayr/auto_patrol_robot/autopatrol_ws/install/robot_description/share/robot_description/package.sh'
[0.770s] INFO:colcon.colcon_core.shell:Creating package script '/home/nayr/auto_patrol_robot/autopatrol_ws/install/robot_description/share/robot_description/package.bash'
[0.770s] INFO:colcon.colcon_core.shell:Creating package script '/home/nayr/auto_patrol_robot/autopatrol_ws/install/robot_description/share/robot_description/package.zsh'
[0.771s] Level 1:colcon.colcon_core.environment:create_file_with_runtime_dependencies(/home/nayr/auto_patrol_robot/autopatrol_ws/install/robot_description/share/colcon-core/packages/robot_description)
[0.771s] Level 1:colcon.colcon_core.environment:create_environment_scripts_only(robot_navigation2)
[0.771s] Level 1:colcon.colcon_core.environment:checking '/home/nayr/auto_patrol_robot/autopatrol_ws/install/robot_navigation2' for CMake module files
[0.772s] Level 1:colcon.colcon_core.environment:checking '/home/nayr/auto_patrol_robot/autopatrol_ws/install/robot_navigation2' for CMake config files
[0.772s] DEBUG:colcon.colcon_core.event_handler.log_command:Invoked command in '/home/nayr/auto_patrol_robot/autopatrol_ws/build/robot_navigation2' returned '0': CMAKE_PREFIX_PATH=${CMAKE_PREFIX_PATH}:/home/nayr/auto_patrol_robot/autopatrol_ws/install/autopatrol_robot:/home/nayr/FishRos/ch7/ch7_ws/install/fishbot_application:/home/nayr/FishRos/ch7/ch7_ws/install/autopatrol_robot:/opt/ros/humble /usr/bin/cmake --install /home/nayr/auto_patrol_robot/autopatrol_ws/build/robot_navigation2
[0.772s] Level 1:colcon.colcon_core.shell:create_environment_hook('robot_navigation2', 'cmake_prefix_path')
[0.772s] INFO:colcon.colcon_core.shell:Creating environment hook '/home/nayr/auto_patrol_robot/autopatrol_ws/install/robot_navigation2/share/robot_navigation2/hook/cmake_prefix_path.ps1'
[0.826s] INFO:colcon.colcon_core.shell:Creating environment descriptor '/home/nayr/auto_patrol_robot/autopatrol_ws/install/robot_navigation2/share/robot_navigation2/hook/cmake_prefix_path.dsv'
[0.826s] INFO:colcon.colcon_core.shell:Creating environment hook '/home/nayr/auto_patrol_robot/autopatrol_ws/install/robot_navigation2/share/robot_navigation2/hook/cmake_prefix_path.sh'
[0.827s] Level 1:colcon.colcon_core.environment:checking '/home/nayr/auto_patrol_robot/autopatrol_ws/install/robot_navigation2/bin'
[0.827s] Level 1:colcon.colcon_core.environment:checking '/home/nayr/auto_patrol_robot/autopatrol_ws/install/robot_navigation2/lib/pkgconfig/robot_navigation2.pc'
[0.827s] Level 1:colcon.colcon_core.environment:checking '/home/nayr/auto_patrol_robot/autopatrol_ws/install/robot_navigation2/lib/python3.10/site-packages'
[0.827s] Level 1:colcon.colcon_core.environment:checking '/home/nayr/auto_patrol_robot/autopatrol_ws/install/robot_navigation2/bin'
[0.827s] INFO:colcon.colcon_core.shell:Creating package script '/home/nayr/auto_patrol_robot/autopatrol_ws/install/robot_navigation2/share/robot_navigation2/package.ps1'
[0.828s] INFO:colcon.colcon_core.shell:Creating package descriptor '/home/nayr/auto_patrol_robot/autopatrol_ws/install/robot_navigation2/share/robot_navigation2/package.dsv'
[0.828s] INFO:colcon.colcon_core.shell:Creating package script '/home/nayr/auto_patrol_robot/autopatrol_ws/install/robot_navigation2/share/robot_navigation2/package.sh'
[0.828s] INFO:colcon.colcon_core.shell:Creating package script '/home/nayr/auto_patrol_robot/autopatrol_ws/install/robot_navigation2/share/robot_navigation2/package.bash'
[0.881s] INFO:colcon.colcon_core.shell:Creating package script '/home/nayr/auto_patrol_robot/autopatrol_ws/install/robot_navigation2/share/robot_navigation2/package.zsh'
[0.883s] Level 1:colcon.colcon_core.environment:create_file_with_runtime_dependencies(/home/nayr/auto_patrol_robot/autopatrol_ws/install/robot_navigation2/share/colcon-core/packages/robot_navigation2)
[0.884s] Level 1:colcon.colcon_core.environment:create_environment_scripts_only(robot_navigation2)
[0.885s] Level 1:colcon.colcon_core.environment:checking '/home/nayr/auto_patrol_robot/autopatrol_ws/install/robot_navigation2' for CMake module files
[0.887s] Level 1:colcon.colcon_core.environment:checking '/home/nayr/auto_patrol_robot/autopatrol_ws/install/robot_navigation2' for CMake config files
[0.887s] Level 1:colcon.colcon_core.shell:create_environment_hook('robot_navigation2', 'cmake_prefix_path')
[0.888s] INFO:colcon.colcon_core.shell:Creating environment hook '/home/nayr/auto_patrol_robot/autopatrol_ws/install/robot_navigation2/share/robot_navigation2/hook/cmake_prefix_path.ps1'
[0.889s] INFO:colcon.colcon_core.shell:Creating environment descriptor '/home/nayr/auto_patrol_robot/autopatrol_ws/install/robot_navigation2/share/robot_navigation2/hook/cmake_prefix_path.dsv'
[0.890s] INFO:colcon.colcon_core.shell:Creating environment hook '/home/nayr/auto_patrol_robot/autopatrol_ws/install/robot_navigation2/share/robot_navigation2/hook/cmake_prefix_path.sh'
[0.892s] Level 1:colcon.colcon_core.environment:checking '/home/nayr/auto_patrol_robot/autopatrol_ws/install/robot_navigation2/bin'
[0.892s] Level 1:colcon.colcon_core.environment:checking '/home/nayr/auto_patrol_robot/autopatrol_ws/install/robot_navigation2/lib/pkgconfig/robot_navigation2.pc'
[0.893s] Level 1:colcon.colcon_core.environment:checking '/home/nayr/auto_patrol_robot/autopatrol_ws/install/robot_navigation2/lib/python3.10/site-packages'
[0.894s] Level 1:colcon.colcon_core.environment:checking '/home/nayr/auto_patrol_robot/autopatrol_ws/install/robot_navigation2/bin'
[0.895s] INFO:colcon.colcon_core.shell:Creating package script '/home/nayr/auto_patrol_robot/autopatrol_ws/install/robot_navigation2/share/robot_navigation2/package.ps1'
[0.896s] INFO:colcon.colcon_core.shell:Creating package descriptor '/home/nayr/auto_patrol_robot/autopatrol_ws/install/robot_navigation2/share/robot_navigation2/package.dsv'
[0.937s] INFO:colcon.colcon_core.shell:Creating package script '/home/nayr/auto_patrol_robot/autopatrol_ws/install/robot_navigation2/share/robot_navigation2/package.sh'
[0.939s] INFO:colcon.colcon_core.shell:Creating package script '/home/nayr/auto_patrol_robot/autopatrol_ws/install/robot_navigation2/share/robot_navigation2/package.bash'
[0.940s] INFO:colcon.colcon_core.shell:Creating package script '/home/nayr/auto_patrol_robot/autopatrol_ws/install/robot_navigation2/share/robot_navigation2/package.zsh'
[0.941s] Level 1:colcon.colcon_core.environment:create_file_with_runtime_dependencies(/home/nayr/auto_patrol_robot/autopatrol_ws/install/robot_navigation2/share/colcon-core/packages/robot_navigation2)
[0.942s] Level 1:colcon.colcon_core.environment:create_environment_scripts_only(autopatrol_interfaces)
[0.943s] Level 1:colcon.colcon_core.environment:checking '/home/nayr/auto_patrol_robot/autopatrol_ws/install/autopatrol_interfaces' for CMake module files
[0.946s] DEBUG:colcon.colcon_core.event_handler.log_command:Invoked command in '/home/nayr/auto_patrol_robot/autopatrol_ws/build/autopatrol_interfaces' returned '0': CMAKE_PREFIX_PATH=${CMAKE_PREFIX_PATH}:/home/nayr/auto_patrol_robot/autopatrol_ws/install/autopatrol_robot:/home/nayr/FishRos/ch7/ch7_ws/install/fishbot_application:/home/nayr/FishRos/ch7/ch7_ws/install/autopatrol_robot:/opt/ros/humble /usr/bin/cmake --install /home/nayr/auto_patrol_robot/autopatrol_ws/build/autopatrol_interfaces
[0.947s] Level 1:colcon.colcon_core.environment:checking '/home/nayr/auto_patrol_robot/autopatrol_ws/install/autopatrol_interfaces' for CMake config files
[0.948s] Level 1:colcon.colcon_core.shell:create_environment_hook('autopatrol_interfaces', 'cmake_prefix_path')
[0.949s] INFO:colcon.colcon_core.shell:Creating environment hook '/home/nayr/auto_patrol_robot/autopatrol_ws/install/autopatrol_interfaces/share/autopatrol_interfaces/hook/cmake_prefix_path.ps1'
[0.988s] INFO:colcon.colcon_core.shell:Creating environment descriptor '/home/nayr/auto_patrol_robot/autopatrol_ws/install/autopatrol_interfaces/share/autopatrol_interfaces/hook/cmake_prefix_path.dsv'
[0.989s] INFO:colcon.colcon_core.shell:Creating environment hook '/home/nayr/auto_patrol_robot/autopatrol_ws/install/autopatrol_interfaces/share/autopatrol_interfaces/hook/cmake_prefix_path.sh'
[0.991s] Level 1:colcon.colcon_core.environment:checking '/home/nayr/auto_patrol_robot/autopatrol_ws/install/autopatrol_interfaces/lib'
[0.992s] Level 1:colcon.colcon_core.shell:create_environment_hook('autopatrol_interfaces', 'ld_library_path_lib')
[0.992s] INFO:colcon.colcon_core.shell:Creating environment hook '/home/nayr/auto_patrol_robot/autopatrol_ws/install/autopatrol_interfaces/share/autopatrol_interfaces/hook/ld_library_path_lib.ps1'
[0.993s] INFO:colcon.colcon_core.shell:Creating environment descriptor '/home/nayr/auto_patrol_robot/autopatrol_ws/install/autopatrol_interfaces/share/autopatrol_interfaces/hook/ld_library_path_lib.dsv'
[0.994s] INFO:colcon.colcon_core.shell:Creating environment hook '/home/nayr/auto_patrol_robot/autopatrol_ws/install/autopatrol_interfaces/share/autopatrol_interfaces/hook/ld_library_path_lib.sh'
[0.995s] Level 1:colcon.colcon_core.environment:checking '/home/nayr/auto_patrol_robot/autopatrol_ws/install/autopatrol_interfaces/bin'
[0.995s] Level 1:colcon.colcon_core.environment:checking '/home/nayr/auto_patrol_robot/autopatrol_ws/install/autopatrol_interfaces/lib/pkgconfig/autopatrol_interfaces.pc'
[0.995s] Level 1:colcon.colcon_core.environment:checking '/home/nayr/auto_patrol_robot/autopatrol_ws/install/autopatrol_interfaces/lib/python3.10/site-packages'
[0.996s] Level 1:colcon.colcon_core.environment:checking '/home/nayr/auto_patrol_robot/autopatrol_ws/install/autopatrol_interfaces/bin'
[0.997s] INFO:colcon.colcon_core.shell:Creating package script '/home/nayr/auto_patrol_robot/autopatrol_ws/install/autopatrol_interfaces/share/autopatrol_interfaces/package.ps1'
[1.071s] INFO:colcon.colcon_core.shell:Creating package descriptor '/home/nayr/auto_patrol_robot/autopatrol_ws/install/autopatrol_interfaces/share/autopatrol_interfaces/package.dsv'
[1.073s] INFO:colcon.colcon_core.shell:Creating package script '/home/nayr/auto_patrol_robot/autopatrol_ws/install/autopatrol_interfaces/share/autopatrol_interfaces/package.sh'
[1.074s] INFO:colcon.colcon_core.shell:Creating package script '/home/nayr/auto_patrol_robot/autopatrol_ws/install/autopatrol_interfaces/share/autopatrol_interfaces/package.bash'
[1.075s] INFO:colcon.colcon_core.shell:Creating package script '/home/nayr/auto_patrol_robot/autopatrol_ws/install/autopatrol_interfaces/share/autopatrol_interfaces/package.zsh'
[1.076s] Level 1:colcon.colcon_core.environment:create_file_with_runtime_dependencies(/home/nayr/auto_patrol_robot/autopatrol_ws/install/autopatrol_interfaces/share/colcon-core/packages/autopatrol_interfaces)
[1.077s] Level 1:colcon.colcon_core.environment:create_environment_scripts_only(autopatrol_interfaces)
[1.078s] Level 1:colcon.colcon_core.environment:checking '/home/nayr/auto_patrol_robot/autopatrol_ws/install/autopatrol_interfaces' for CMake module files
[1.079s] Level 1:colcon.colcon_core.environment:checking '/home/nayr/auto_patrol_robot/autopatrol_ws/install/autopatrol_interfaces' for CMake config files
[1.080s] Level 1:colcon.colcon_core.shell:create_environment_hook('autopatrol_interfaces', 'cmake_prefix_path')
[1.080s] INFO:colcon.colcon_core.shell:Creating environment hook '/home/nayr/auto_patrol_robot/autopatrol_ws/install/autopatrol_interfaces/share/autopatrol_interfaces/hook/cmake_prefix_path.ps1'
[1.116s] INFO:colcon.colcon_core.shell:Creating environment descriptor '/home/nayr/auto_patrol_robot/autopatrol_ws/install/autopatrol_interfaces/share/autopatrol_interfaces/hook/cmake_prefix_path.dsv'
[1.117s] INFO:colcon.colcon_core.shell:Creating environment hook '/home/nayr/auto_patrol_robot/autopatrol_ws/install/autopatrol_interfaces/share/autopatrol_interfaces/hook/cmake_prefix_path.sh'
[1.119s] Level 1:colcon.colcon_core.environment:checking '/home/nayr/auto_patrol_robot/autopatrol_ws/install/autopatrol_interfaces/lib'
[1.119s] Level 1:colcon.colcon_core.shell:create_environment_hook('autopatrol_interfaces', 'ld_library_path_lib')
[1.120s] INFO:colcon.colcon_core.shell:Creating environment hook '/home/nayr/auto_patrol_robot/autopatrol_ws/install/autopatrol_interfaces/share/autopatrol_interfaces/hook/ld_library_path_lib.ps1'
[1.121s] INFO:colcon.colcon_core.shell:Creating environment descriptor '/home/nayr/auto_patrol_robot/autopatrol_ws/install/autopatrol_interfaces/share/autopatrol_interfaces/hook/ld_library_path_lib.dsv'
[1.122s] INFO:colcon.colcon_core.shell:Creating environment hook '/home/nayr/auto_patrol_robot/autopatrol_ws/install/autopatrol_interfaces/share/autopatrol_interfaces/hook/ld_library_path_lib.sh'
[1.124s] Level 1:colcon.colcon_core.environment:checking '/home/nayr/auto_patrol_robot/autopatrol_ws/install/autopatrol_interfaces/bin'
[1.124s] Level 1:colcon.colcon_core.environment:checking '/home/nayr/auto_patrol_robot/autopatrol_ws/install/autopatrol_interfaces/lib/pkgconfig/autopatrol_interfaces.pc'
[1.125s] Level 1:colcon.colcon_core.environment:checking '/home/nayr/auto_patrol_robot/autopatrol_ws/install/autopatrol_interfaces/lib/python3.10/site-packages'
[1.126s] Level 1:colcon.colcon_core.environment:checking '/home/nayr/auto_patrol_robot/autopatrol_ws/install/autopatrol_interfaces/bin'
[1.127s] INFO:colcon.colcon_core.shell:Creating package script '/home/nayr/auto_patrol_robot/autopatrol_ws/install/autopatrol_interfaces/share/autopatrol_interfaces/package.ps1'
[1.128s] INFO:colcon.colcon_core.shell:Creating package descriptor '/home/nayr/auto_patrol_robot/autopatrol_ws/install/autopatrol_interfaces/share/autopatrol_interfaces/package.dsv'
[1.129s] INFO:colcon.colcon_core.shell:Creating package script '/home/nayr/auto_patrol_robot/autopatrol_ws/install/autopatrol_interfaces/share/autopatrol_interfaces/package.sh'
[1.129s] INFO:colcon.colcon_core.shell:Creating package script '/home/nayr/auto_patrol_robot/autopatrol_ws/install/autopatrol_interfaces/share/autopatrol_interfaces/package.bash'
[1.130s] INFO:colcon.colcon_core.shell:Creating package script '/home/nayr/auto_patrol_robot/autopatrol_ws/install/autopatrol_interfaces/share/autopatrol_interfaces/package.zsh'
[1.183s] Level 1:colcon.colcon_core.environment:create_file_with_runtime_dependencies(/home/nayr/auto_patrol_robot/autopatrol_ws/install/autopatrol_interfaces/share/colcon-core/packages/autopatrol_interfaces)
[1.193s] DEBUG:colcon.colcon_core.event_handler.log_command:Invoking command in '/home/nayr/auto_patrol_robot/autopatrol_ws/src/autopatrol_robot': PYTHONPATH=/home/nayr/auto_patrol_robot/autopatrol_ws/build/autopatrol_robot/prefix_override:/usr/lib/python3/dist-packages/colcon_core/task/python/colcon_distutils_commands:/home/nayr/auto_patrol_robot/autopatrol_ws/install/autopatrol_robot/lib/python3.10/site-packages:${PYTHONPATH} /usr/bin/python3 -W ignore:setup.py install is deprecated -W ignore:easy_install command is deprecated setup.py egg_info --egg-base ../../build/autopatrol_robot build --build-base /home/nayr/auto_patrol_robot/autopatrol_ws/build/autopatrol_robot/build install --record /home/nayr/auto_patrol_robot/autopatrol_ws/build/autopatrol_robot/install.log --single-version-externally-managed install_data
[1.393s] Level 1:colcon.colcon_core.environment:checking '/home/nayr/auto_patrol_robot/autopatrol_ws/install/autopatrol_robot' for CMake module files
[1.394s] DEBUG:colcon.colcon_core.event_handler.log_command:Invoked command in '/home/nayr/auto_patrol_robot/autopatrol_ws/src/autopatrol_robot' returned '0': PYTHONPATH=/home/nayr/auto_patrol_robot/autopatrol_ws/build/autopatrol_robot/prefix_override:/usr/lib/python3/dist-packages/colcon_core/task/python/colcon_distutils_commands:/home/nayr/auto_patrol_robot/autopatrol_ws/install/autopatrol_robot/lib/python3.10/site-packages:${PYTHONPATH} /usr/bin/python3 -W ignore:setup.py install is deprecated -W ignore:easy_install command is deprecated setup.py egg_info --egg-base ../../build/autopatrol_robot build --build-base /home/nayr/auto_patrol_robot/autopatrol_ws/build/autopatrol_robot/build install --record /home/nayr/auto_patrol_robot/autopatrol_ws/build/autopatrol_robot/install.log --single-version-externally-managed install_data
[1.394s] Level 1:colcon.colcon_core.environment:checking '/home/nayr/auto_patrol_robot/autopatrol_ws/install/autopatrol_robot' for CMake config files
[1.394s] Level 1:colcon.colcon_core.environment:checking '/home/nayr/auto_patrol_robot/autopatrol_ws/install/autopatrol_robot/lib'
[1.394s] Level 1:colcon.colcon_core.environment:checking '/home/nayr/auto_patrol_robot/autopatrol_ws/install/autopatrol_robot/bin'
[1.394s] Level 1:colcon.colcon_core.environment:checking '/home/nayr/auto_patrol_robot/autopatrol_ws/install/autopatrol_robot/lib/pkgconfig/autopatrol_robot.pc'
[1.395s] Level 1:colcon.colcon_core.environment:checking '/home/nayr/auto_patrol_robot/autopatrol_ws/install/autopatrol_robot/lib/python3.10/site-packages'
[1.395s] Level 1:colcon.colcon_core.shell:create_environment_hook('autopatrol_robot', 'pythonpath')
[1.395s] INFO:colcon.colcon_core.shell:Creating environment hook '/home/nayr/auto_patrol_robot/autopatrol_ws/install/autopatrol_robot/share/autopatrol_robot/hook/pythonpath.ps1'
[1.395s] INFO:colcon.colcon_core.shell:Creating environment descriptor '/home/nayr/auto_patrol_robot/autopatrol_ws/install/autopatrol_robot/share/autopatrol_robot/hook/pythonpath.dsv'
[1.395s] INFO:colcon.colcon_core.shell:Creating environment hook '/home/nayr/auto_patrol_robot/autopatrol_ws/install/autopatrol_robot/share/autopatrol_robot/hook/pythonpath.sh'
[1.443s] Level 1:colcon.colcon_core.environment:checking '/home/nayr/auto_patrol_robot/autopatrol_ws/install/autopatrol_robot/bin'
[1.444s] Level 1:colcon.colcon_core.environment:create_environment_scripts_only(autopatrol_robot)
[1.445s] INFO:colcon.colcon_core.shell:Creating package script '/home/nayr/auto_patrol_robot/autopatrol_ws/install/autopatrol_robot/share/autopatrol_robot/package.ps1'
[1.448s] INFO:colcon.colcon_core.shell:Creating package descriptor '/home/nayr/auto_patrol_robot/autopatrol_ws/install/autopatrol_robot/share/autopatrol_robot/package.dsv'
[1.450s] INFO:colcon.colcon_core.shell:Creating package script '/home/nayr/auto_patrol_robot/autopatrol_ws/install/autopatrol_robot/share/autopatrol_robot/package.sh'
[1.451s] INFO:colcon.colcon_core.shell:Creating package script '/home/nayr/auto_patrol_robot/autopatrol_ws/install/autopatrol_robot/share/autopatrol_robot/package.bash'
[1.452s] INFO:colcon.colcon_core.shell:Creating package script '/home/nayr/auto_patrol_robot/autopatrol_ws/install/autopatrol_robot/share/autopatrol_robot/package.zsh'
[1.497s] Level 1:colcon.colcon_core.environment:create_file_with_runtime_dependencies(/home/nayr/auto_patrol_robot/autopatrol_ws/install/autopatrol_robot/share/colcon-core/packages/autopatrol_robot)
[1.498s] DEBUG:colcon.colcon_parallel_executor.executor.parallel:closing loop
[1.499s] DEBUG:colcon.colcon_parallel_executor.executor.parallel:loop closed
[1.499s] DEBUG:colcon.colcon_parallel_executor.executor.parallel:run_until_complete finished with '0'
[1.499s] DEBUG:colcon.colcon_core.event_reactor:joining thread
[1.503s] INFO:colcon.colcon_core.plugin_system:Skipping extension 'colcon_notification.desktop_notification.terminal_notifier': Not used on non-Darwin systems
[1.503s] INFO:colcon.colcon_core.plugin_system:Skipping extension 'colcon_notification.desktop_notification.win32': Not used on non-Windows systems
[1.503s] INFO:colcon.colcon_notification.desktop_notification:Sending desktop notification using 'notify2'
[1.508s] DEBUG:colcon.colcon_core.event_reactor:joined thread
[1.509s] INFO:colcon.colcon_core.shell:Creating prefix script '/home/nayr/auto_patrol_robot/autopatrol_ws/install/local_setup.ps1'
[1.509s] INFO:colcon.colcon_core.shell:Creating prefix util module '/home/nayr/auto_patrol_robot/autopatrol_ws/install/_local_setup_util_ps1.py'
[1.510s] INFO:colcon.colcon_core.shell:Creating prefix chain script '/home/nayr/auto_patrol_robot/autopatrol_ws/install/setup.ps1'
[1.511s] INFO:colcon.colcon_core.shell:Creating prefix script '/home/nayr/auto_patrol_robot/autopatrol_ws/install/local_setup.sh'
[1.565s] INFO:colcon.colcon_core.shell:Creating prefix util module '/home/nayr/auto_patrol_robot/autopatrol_ws/install/_local_setup_util_sh.py'
[1.566s] INFO:colcon.colcon_core.shell:Creating prefix chain script '/home/nayr/auto_patrol_robot/autopatrol_ws/install/setup.sh'
[1.567s] INFO:colcon.colcon_core.shell:Creating prefix script '/home/nayr/auto_patrol_robot/autopatrol_ws/install/local_setup.bash'
[1.567s] INFO:colcon.colcon_core.shell:Creating prefix chain script '/home/nayr/auto_patrol_robot/autopatrol_ws/install/setup.bash'
[1.568s] INFO:colcon.colcon_core.shell:Creating prefix script '/home/nayr/auto_patrol_robot/autopatrol_ws/install/local_setup.zsh'
[1.569s] INFO:colcon.colcon_core.shell:Creating prefix chain script '/home/nayr/auto_patrol_robot/autopatrol_ws/install/setup.zsh'
