[0.013s] Invoking command in '/home/nayr/auto_patrol_robot/autopatrol_ws/build/autopatrol_interfaces': CMAKE_PREFIX_PATH=${CMAKE_PREFIX_PATH}:/home/nayr/FishRos/ch7/ch7_ws/install/fishbot_application:/home/nayr/FishRos/ch7/ch7_ws/install/autopatrol_robot:/opt/ros/humble /usr/bin/cmake /home/nayr/auto_patrol_robot/autopatrol_ws/src/autopatrol_interfaces -DCMAKE_INSTALL_PREFIX=/home/nayr/auto_patrol_robot/autopatrol_ws/install/autopatrol_interfaces
[0.915s] -- The C compiler identification is GNU 11.4.0
[1.386s] -- The CXX compiler identification is GNU 11.4.0
[1.461s] -- Detecting C compiler ABI info
[1.724s] -- Detecting C compiler ABI info - done
[1.729s] -- Check for working C compiler: /usr/bin/cc - skipped
[1.730s] -- Detecting C compile features
[1.744s] -- Detecting C compile features - done
[1.781s] -- Detecting CXX compiler ABI info
[1.980s] -- Detecting CXX compiler ABI info - done
[1.985s] -- Check for working CXX compiler: /usr/bin/c++ - skipped
[1.985s] -- Detecting CXX compile features
[1.985s] -- Detecting CXX compile features - done
[2.038s] -- Found ament_cmake: 1.3.12 (/opt/ros/humble/share/ament_cmake/cmake)
[2.236s] -- Found Python3: /usr/bin/python3 (found version "3.10.12") found components: Interpreter 
[2.616s] -- Found rosidl_default_generators: 1.2.0 (/opt/ros/humble/share/rosidl_default_generators/cmake)
[2.713s] -- Using all available rosidl_typesupport_c: rosidl_typesupport_fastrtps_c;rosidl_typesupport_introspection_c
[2.792s] -- Found rosidl_adapter: 3.1.7 (/opt/ros/humble/share/rosidl_adapter/cmake)
[3.341s] -- Using all available rosidl_typesupport_cpp: rosidl_typesupport_fastrtps_cpp;rosidl_typesupport_introspection_cpp
[3.880s] -- Found ament_cmake_ros: 0.10.0 (/opt/ros/humble/share/ament_cmake_ros/cmake)
[4.165s] -- Using all available rosidl_typesupport_c: rosidl_typesupport_fastrtps_c;rosidl_typesupport_introspection_c
[4.440s] -- Using all available rosidl_typesupport_cpp: rosidl_typesupport_fastrtps_cpp;rosidl_typesupport_introspection_cpp
[4.492s] -- Found PythonInterp: /usr/bin/python3 (found suitable version "3.10.12", minimum required is "3.6") 
[4.506s] -- Found python_cmake_module: 0.10.0 (/opt/ros/humble/share/python_cmake_module/cmake)
[4.585s] -- Found PythonLibs: /usr/lib/x86_64-linux-gnu/libpython3.10.so (found suitable version "3.10.12", minimum required is "3.5") 
[4.586s] -- Using PYTHON_EXECUTABLE: /usr/bin/python3
[4.586s] -- Using PYTHON_INCLUDE_DIRS: /usr/include/python3.10
[4.586s] -- Using PYTHON_LIBRARIES: /usr/lib/x86_64-linux-gnu/libpython3.10.so
[4.609s] -- Found PythonExtra: .so  
[4.684s] -- Found ament_lint_auto: 0.12.14 (/opt/ros/humble/share/ament_lint_auto/cmake)
[4.781s] -- Added test 'lint_cmake' to check CMake code style
[4.784s] -- Added test 'xmllint' to check XML markup files
[4.789s] -- Configuring done
[4.843s] -- Generating done
[4.849s] -- Build files have been written to: /home/nayr/auto_patrol_robot/autopatrol_ws/build/autopatrol_interfaces
[4.853s] Invoked command in '/home/nayr/auto_patrol_robot/autopatrol_ws/build/autopatrol_interfaces' returned '0': CMAKE_PREFIX_PATH=${CMAKE_PREFIX_PATH}:/home/nayr/FishRos/ch7/ch7_ws/install/fishbot_application:/home/nayr/FishRos/ch7/ch7_ws/install/autopatrol_robot:/opt/ros/humble /usr/bin/cmake /home/nayr/auto_patrol_robot/autopatrol_ws/src/autopatrol_interfaces -DCMAKE_INSTALL_PREFIX=/home/nayr/auto_patrol_robot/autopatrol_ws/install/autopatrol_interfaces
[4.854s] Invoking command in '/home/nayr/auto_patrol_robot/autopatrol_ws/build/autopatrol_interfaces': CMAKE_PREFIX_PATH=${CMAKE_PREFIX_PATH}:/home/nayr/FishRos/ch7/ch7_ws/install/fishbot_application:/home/nayr/FishRos/ch7/ch7_ws/install/autopatrol_robot:/opt/ros/humble /usr/bin/cmake --build /home/nayr/auto_patrol_robot/autopatrol_ws/build/autopatrol_interfaces -- -j16 -l16
[4.888s] [  3%] [34m[1mGenerating C code for ROS interfaces[0m
[4.896s] [  6%] [34m[1mGenerating C++ code for ROS interfaces[0m
[4.902s] [  6%] Built target ament_cmake_python_copy_autopatrol_interfaces
[5.050s] running egg_info
[5.051s] creating autopatrol_interfaces.egg-info
[5.051s] writing autopatrol_interfaces.egg-info/PKG-INFO
[5.051s] writing dependency_links to autopatrol_interfaces.egg-info/dependency_links.txt
[5.051s] writing top-level names to autopatrol_interfaces.egg-info/top_level.txt
[5.051s] writing manifest file 'autopatrol_interfaces.egg-info/SOURCES.txt'
[5.053s] reading manifest file 'autopatrol_interfaces.egg-info/SOURCES.txt'
[5.053s] writing manifest file 'autopatrol_interfaces.egg-info/SOURCES.txt'
[5.068s] [  6%] Built target autopatrol_interfaces__cpp
[5.069s] [  9%] [32mBuilding C object CMakeFiles/autopatrol_interfaces__rosidl_generator_c.dir/rosidl_generator_c/autopatrol_interfaces/srv/detail/speech_text__functions.c.o[0m
[5.074s] [  9%] Built target ament_cmake_python_build_autopatrol_interfaces_egg
[5.074s] [ 12%] [34m[1mGenerating C++ introspection for ROS interfaces[0m
[5.075s] [ 16%] [34m[1mGenerating C++ type support dispatch for ROS interfaces[0m
[5.076s] [ 19%] [34m[1mGenerating C++ type support for eProsima Fast-RTPS[0m
[5.236s] [ 22%] [32mBuilding CXX object CMakeFiles/autopatrol_interfaces__rosidl_typesupport_cpp.dir/rosidl_typesupport_cpp/autopatrol_interfaces/srv/speech_text__type_support.cpp.o[0m
[5.243s] [ 25%] [32mBuilding CXX object CMakeFiles/autopatrol_interfaces__rosidl_typesupport_fastrtps_cpp.dir/rosidl_typesupport_fastrtps_cpp/autopatrol_interfaces/srv/detail/dds_fastrtps/speech_text__type_support.cpp.o[0m
[5.390s] [ 29%] [32mBuilding CXX object CMakeFiles/autopatrol_interfaces__rosidl_typesupport_introspection_cpp.dir/rosidl_typesupport_introspection_cpp/autopatrol_interfaces/srv/detail/speech_text__type_support.cpp.o[0m
[5.830s] [ 32%] [32m[1mLinking C shared library libautopatrol_interfaces__rosidl_generator_c.so[0m
[5.983s] [ 32%] Built target autopatrol_interfaces__rosidl_generator_c
[6.003s] [ 35%] [34m[1mGenerating C type support for eProsima Fast-RTPS[0m
[6.003s] [ 38%] [34m[1mGenerating C type support dispatch for ROS interfaces[0m
[6.004s] [ 41%] [34m[1mGenerating C introspection for ROS interfaces[0m
[6.202s] [ 45%] [32mBuilding CXX object CMakeFiles/autopatrol_interfaces__rosidl_typesupport_c.dir/rosidl_typesupport_c/autopatrol_interfaces/srv/speech_text__type_support.cpp.o[0m
[6.217s] [ 48%] [32mBuilding CXX object CMakeFiles/autopatrol_interfaces__rosidl_typesupport_fastrtps_c.dir/rosidl_typesupport_fastrtps_c/autopatrol_interfaces/srv/detail/speech_text__type_support_c.cpp.o[0m
[6.313s] [ 51%] [32mBuilding C object CMakeFiles/autopatrol_interfaces__rosidl_typesupport_introspection_c.dir/rosidl_typesupport_introspection_c/autopatrol_interfaces/srv/detail/speech_text__type_support.c.o[0m
[6.442s] [ 54%] [32m[1mLinking C shared library libautopatrol_interfaces__rosidl_typesupport_introspection_c.so[0m
[6.487s] [ 54%] Built target autopatrol_interfaces__rosidl_typesupport_introspection_c
[6.588s] [ 58%] [32m[1mLinking CXX shared library libautopatrol_interfaces__rosidl_typesupport_c.so[0m
[6.634s] [ 58%] Built target autopatrol_interfaces__rosidl_typesupport_c
[7.356s] [ 61%] [32m[1mLinking CXX shared library libautopatrol_interfaces__rosidl_typesupport_cpp.so[0m
[7.397s] [ 61%] Built target autopatrol_interfaces__rosidl_typesupport_cpp
[7.666s] [ 64%] [32m[1mLinking CXX shared library libautopatrol_interfaces__rosidl_typesupport_introspection_cpp.so[0m
[7.712s] [ 64%] Built target autopatrol_interfaces__rosidl_typesupport_introspection_cpp
[7.737s] [ 67%] [32m[1mLinking CXX shared library libautopatrol_interfaces__rosidl_typesupport_fastrtps_c.so[0m
[7.787s] [ 67%] Built target autopatrol_interfaces__rosidl_typesupport_fastrtps_c
[7.805s] [ 70%] [32m[1mLinking CXX shared library libautopatrol_interfaces__rosidl_typesupport_fastrtps_cpp.so[0m
[7.858s] [ 70%] Built target autopatrol_interfaces__rosidl_typesupport_fastrtps_cpp
[7.879s] [ 70%] Built target autopatrol_interfaces
[7.908s] [ 74%] [34m[1mGenerating Python code for ROS interfaces[0m
[8.158s] [ 74%] Built target autopatrol_interfaces__py
[8.176s] [ 77%] [32mBuilding C object CMakeFiles/autopatrol_interfaces__rosidl_generator_py.dir/rosidl_generator_py/autopatrol_interfaces/srv/_speech_text_s.c.o[0m
[8.798s] [ 80%] [32m[1mLinking C shared library rosidl_generator_py/autopatrol_interfaces/libautopatrol_interfaces__rosidl_generator_py.so[0m
[8.830s] [ 80%] Built target autopatrol_interfaces__rosidl_generator_py
[8.843s] [ 83%] [32mBuilding C object CMakeFiles/autopatrol_interfaces__rosidl_typesupport_fastrtps_c__pyext.dir/rosidl_generator_py/autopatrol_interfaces/_autopatrol_interfaces_s.ep.rosidl_typesupport_fastrtps_c.c.o[0m
[8.844s] [ 87%] [32mBuilding C object CMakeFiles/autopatrol_interfaces__rosidl_typesupport_c__pyext.dir/rosidl_generator_py/autopatrol_interfaces/_autopatrol_interfaces_s.ep.rosidl_typesupport_c.c.o[0m
[8.844s] [ 90%] [32mBuilding C object CMakeFiles/autopatrol_interfaces__rosidl_typesupport_introspection_c__pyext.dir/rosidl_generator_py/autopatrol_interfaces/_autopatrol_interfaces_s.ep.rosidl_typesupport_introspection_c.c.o[0m
[8.914s] [ 93%] [32m[1mLinking C shared library rosidl_generator_py/autopatrol_interfaces/autopatrol_interfaces_s__rosidl_typesupport_introspection_c.cpython-310-x86_64-linux-gnu.so[0m
[8.915s] [100%] [32m[1mLinking C shared library rosidl_generator_py/autopatrol_interfaces/autopatrol_interfaces_s__rosidl_typesupport_c.cpython-310-x86_64-linux-gnu.so[0m
[8.915s] [100%] [32m[1mLinking C shared library rosidl_generator_py/autopatrol_interfaces/autopatrol_interfaces_s__rosidl_typesupport_fastrtps_c.cpython-310-x86_64-linux-gnu.so[0m
[8.936s] [100%] Built target autopatrol_interfaces__rosidl_typesupport_introspection_c__pyext
[8.939s] [100%] Built target autopatrol_interfaces__rosidl_typesupport_c__pyext
[8.940s] [100%] Built target autopatrol_interfaces__rosidl_typesupport_fastrtps_c__pyext
[8.949s] Invoked command in '/home/nayr/auto_patrol_robot/autopatrol_ws/build/autopatrol_interfaces' returned '0': CMAKE_PREFIX_PATH=${CMAKE_PREFIX_PATH}:/home/nayr/FishRos/ch7/ch7_ws/install/fishbot_application:/home/nayr/FishRos/ch7/ch7_ws/install/autopatrol_robot:/opt/ros/humble /usr/bin/cmake --build /home/nayr/auto_patrol_robot/autopatrol_ws/build/autopatrol_interfaces -- -j16 -l16
[8.950s] Invoking command in '/home/nayr/auto_patrol_robot/autopatrol_ws/build/autopatrol_interfaces': CMAKE_PREFIX_PATH=${CMAKE_PREFIX_PATH}:/home/nayr/FishRos/ch7/ch7_ws/install/fishbot_application:/home/nayr/FishRos/ch7/ch7_ws/install/autopatrol_robot:/opt/ros/humble /usr/bin/cmake --install /home/nayr/auto_patrol_robot/autopatrol_ws/build/autopatrol_interfaces
[8.956s] -- Install configuration: ""
[8.956s] -- Installing: /home/nayr/auto_patrol_robot/autopatrol_ws/install/autopatrol_interfaces/share/ament_index/resource_index/rosidl_interfaces/autopatrol_interfaces
[8.957s] -- Installing: /home/nayr/auto_patrol_robot/autopatrol_ws/install/autopatrol_interfaces/include/autopatrol_interfaces/autopatrol_interfaces
[8.957s] -- Installing: /home/nayr/auto_patrol_robot/autopatrol_ws/install/autopatrol_interfaces/include/autopatrol_interfaces/autopatrol_interfaces/msg
[8.957s] -- Installing: /home/nayr/auto_patrol_robot/autopatrol_ws/install/autopatrol_interfaces/include/autopatrol_interfaces/autopatrol_interfaces/msg/rosidl_generator_c__visibility_control.h
[8.957s] -- Installing: /home/nayr/auto_patrol_robot/autopatrol_ws/install/autopatrol_interfaces/include/autopatrol_interfaces/autopatrol_interfaces/srv
[8.957s] -- Installing: /home/nayr/auto_patrol_robot/autopatrol_ws/install/autopatrol_interfaces/include/autopatrol_interfaces/autopatrol_interfaces/srv/detail
[8.957s] -- Installing: /home/nayr/auto_patrol_robot/autopatrol_ws/install/autopatrol_interfaces/include/autopatrol_interfaces/autopatrol_interfaces/srv/detail/speech_text__functions.c
[8.957s] -- Installing: /home/nayr/auto_patrol_robot/autopatrol_ws/install/autopatrol_interfaces/include/autopatrol_interfaces/autopatrol_interfaces/srv/detail/speech_text__functions.h
[8.957s] -- Installing: /home/nayr/auto_patrol_robot/autopatrol_ws/install/autopatrol_interfaces/include/autopatrol_interfaces/autopatrol_interfaces/srv/detail/speech_text__struct.h
[8.957s] -- Installing: /home/nayr/auto_patrol_robot/autopatrol_ws/install/autopatrol_interfaces/include/autopatrol_interfaces/autopatrol_interfaces/srv/detail/speech_text__type_support.h
[8.957s] -- Installing: /home/nayr/auto_patrol_robot/autopatrol_ws/install/autopatrol_interfaces/include/autopatrol_interfaces/autopatrol_interfaces/srv/speech_text.h
[8.957s] -- Installing: /home/nayr/auto_patrol_robot/autopatrol_ws/install/autopatrol_interfaces/share/autopatrol_interfaces/environment/library_path.sh
[8.957s] -- Installing: /home/nayr/auto_patrol_robot/autopatrol_ws/install/autopatrol_interfaces/share/autopatrol_interfaces/environment/library_path.dsv
[8.957s] -- Installing: /home/nayr/auto_patrol_robot/autopatrol_ws/install/autopatrol_interfaces/lib/libautopatrol_interfaces__rosidl_generator_c.so
[8.958s] -- Set runtime path of "/home/nayr/auto_patrol_robot/autopatrol_ws/install/autopatrol_interfaces/lib/libautopatrol_interfaces__rosidl_generator_c.so" to ""
[8.958s] -- Up-to-date: /home/nayr/auto_patrol_robot/autopatrol_ws/install/autopatrol_interfaces/include/autopatrol_interfaces/autopatrol_interfaces
[8.958s] -- Up-to-date: /home/nayr/auto_patrol_robot/autopatrol_ws/install/autopatrol_interfaces/include/autopatrol_interfaces/autopatrol_interfaces/msg
[8.958s] -- Installing: /home/nayr/auto_patrol_robot/autopatrol_ws/install/autopatrol_interfaces/include/autopatrol_interfaces/autopatrol_interfaces/msg/rosidl_typesupport_fastrtps_c__visibility_control.h
[8.958s] -- Up-to-date: /home/nayr/auto_patrol_robot/autopatrol_ws/install/autopatrol_interfaces/include/autopatrol_interfaces/autopatrol_interfaces/srv
[8.958s] -- Up-to-date: /home/nayr/auto_patrol_robot/autopatrol_ws/install/autopatrol_interfaces/include/autopatrol_interfaces/autopatrol_interfaces/srv/detail
[8.958s] -- Installing: /home/nayr/auto_patrol_robot/autopatrol_ws/install/autopatrol_interfaces/include/autopatrol_interfaces/autopatrol_interfaces/srv/detail/speech_text__rosidl_typesupport_fastrtps_c.h
[8.958s] -- Installing: /home/nayr/auto_patrol_robot/autopatrol_ws/install/autopatrol_interfaces/lib/libautopatrol_interfaces__rosidl_typesupport_fastrtps_c.so
[8.958s] -- Set runtime path of "/home/nayr/auto_patrol_robot/autopatrol_ws/install/autopatrol_interfaces/lib/libautopatrol_interfaces__rosidl_typesupport_fastrtps_c.so" to ""
[8.958s] -- Up-to-date: /home/nayr/auto_patrol_robot/autopatrol_ws/install/autopatrol_interfaces/include/autopatrol_interfaces/autopatrol_interfaces
[8.958s] -- Up-to-date: /home/nayr/auto_patrol_robot/autopatrol_ws/install/autopatrol_interfaces/include/autopatrol_interfaces/autopatrol_interfaces/msg
[8.958s] -- Installing: /home/nayr/auto_patrol_robot/autopatrol_ws/install/autopatrol_interfaces/include/autopatrol_interfaces/autopatrol_interfaces/msg/rosidl_typesupport_introspection_c__visibility_control.h
[8.958s] -- Up-to-date: /home/nayr/auto_patrol_robot/autopatrol_ws/install/autopatrol_interfaces/include/autopatrol_interfaces/autopatrol_interfaces/srv
[8.959s] -- Up-to-date: /home/nayr/auto_patrol_robot/autopatrol_ws/install/autopatrol_interfaces/include/autopatrol_interfaces/autopatrol_interfaces/srv/detail
[8.959s] -- Installing: /home/nayr/auto_patrol_robot/autopatrol_ws/install/autopatrol_interfaces/include/autopatrol_interfaces/autopatrol_interfaces/srv/detail/speech_text__rosidl_typesupport_introspection_c.h
[8.959s] -- Installing: /home/nayr/auto_patrol_robot/autopatrol_ws/install/autopatrol_interfaces/include/autopatrol_interfaces/autopatrol_interfaces/srv/detail/speech_text__type_support.c
[8.959s] -- Installing: /home/nayr/auto_patrol_robot/autopatrol_ws/install/autopatrol_interfaces/lib/libautopatrol_interfaces__rosidl_typesupport_introspection_c.so
[8.959s] -- Set runtime path of "/home/nayr/auto_patrol_robot/autopatrol_ws/install/autopatrol_interfaces/lib/libautopatrol_interfaces__rosidl_typesupport_introspection_c.so" to ""
[8.959s] -- Installing: /home/nayr/auto_patrol_robot/autopatrol_ws/install/autopatrol_interfaces/lib/libautopatrol_interfaces__rosidl_typesupport_c.so
[8.959s] -- Set runtime path of "/home/nayr/auto_patrol_robot/autopatrol_ws/install/autopatrol_interfaces/lib/libautopatrol_interfaces__rosidl_typesupport_c.so" to ""
[8.959s] -- Up-to-date: /home/nayr/auto_patrol_robot/autopatrol_ws/install/autopatrol_interfaces/include/autopatrol_interfaces/autopatrol_interfaces
[8.959s] -- Up-to-date: /home/nayr/auto_patrol_robot/autopatrol_ws/install/autopatrol_interfaces/include/autopatrol_interfaces/autopatrol_interfaces/msg
[8.959s] -- Installing: /home/nayr/auto_patrol_robot/autopatrol_ws/install/autopatrol_interfaces/include/autopatrol_interfaces/autopatrol_interfaces/msg/rosidl_generator_cpp__visibility_control.hpp
[8.959s] -- Up-to-date: /home/nayr/auto_patrol_robot/autopatrol_ws/install/autopatrol_interfaces/include/autopatrol_interfaces/autopatrol_interfaces/srv
[8.959s] -- Up-to-date: /home/nayr/auto_patrol_robot/autopatrol_ws/install/autopatrol_interfaces/include/autopatrol_interfaces/autopatrol_interfaces/srv/detail
[8.959s] -- Installing: /home/nayr/auto_patrol_robot/autopatrol_ws/install/autopatrol_interfaces/include/autopatrol_interfaces/autopatrol_interfaces/srv/detail/speech_text__type_support.hpp
[8.960s] -- Installing: /home/nayr/auto_patrol_robot/autopatrol_ws/install/autopatrol_interfaces/include/autopatrol_interfaces/autopatrol_interfaces/srv/detail/speech_text__builder.hpp
[8.960s] -- Installing: /home/nayr/auto_patrol_robot/autopatrol_ws/install/autopatrol_interfaces/include/autopatrol_interfaces/autopatrol_interfaces/srv/detail/speech_text__traits.hpp
[8.960s] -- Installing: /home/nayr/auto_patrol_robot/autopatrol_ws/install/autopatrol_interfaces/include/autopatrol_interfaces/autopatrol_interfaces/srv/detail/speech_text__struct.hpp
[8.960s] -- Installing: /home/nayr/auto_patrol_robot/autopatrol_ws/install/autopatrol_interfaces/include/autopatrol_interfaces/autopatrol_interfaces/srv/speech_text.hpp
[8.960s] -- Up-to-date: /home/nayr/auto_patrol_robot/autopatrol_ws/install/autopatrol_interfaces/include/autopatrol_interfaces/autopatrol_interfaces
[8.960s] -- Up-to-date: /home/nayr/auto_patrol_robot/autopatrol_ws/install/autopatrol_interfaces/include/autopatrol_interfaces/autopatrol_interfaces/msg
[8.960s] -- Installing: /home/nayr/auto_patrol_robot/autopatrol_ws/install/autopatrol_interfaces/include/autopatrol_interfaces/autopatrol_interfaces/msg/rosidl_typesupport_fastrtps_cpp__visibility_control.h
[8.960s] -- Up-to-date: /home/nayr/auto_patrol_robot/autopatrol_ws/install/autopatrol_interfaces/include/autopatrol_interfaces/autopatrol_interfaces/srv
[8.960s] -- Up-to-date: /home/nayr/auto_patrol_robot/autopatrol_ws/install/autopatrol_interfaces/include/autopatrol_interfaces/autopatrol_interfaces/srv/detail
[8.960s] -- Installing: /home/nayr/auto_patrol_robot/autopatrol_ws/install/autopatrol_interfaces/include/autopatrol_interfaces/autopatrol_interfaces/srv/detail/speech_text__rosidl_typesupport_fastrtps_cpp.hpp
[8.960s] -- Installing: /home/nayr/auto_patrol_robot/autopatrol_ws/install/autopatrol_interfaces/include/autopatrol_interfaces/autopatrol_interfaces/srv/detail/dds_fastrtps
[8.960s] -- Installing: /home/nayr/auto_patrol_robot/autopatrol_ws/install/autopatrol_interfaces/lib/libautopatrol_interfaces__rosidl_typesupport_fastrtps_cpp.so
[8.960s] -- Set runtime path of "/home/nayr/auto_patrol_robot/autopatrol_ws/install/autopatrol_interfaces/lib/libautopatrol_interfaces__rosidl_typesupport_fastrtps_cpp.so" to ""
[8.960s] -- Up-to-date: /home/nayr/auto_patrol_robot/autopatrol_ws/install/autopatrol_interfaces/include/autopatrol_interfaces/autopatrol_interfaces
[8.960s] -- Up-to-date: /home/nayr/auto_patrol_robot/autopatrol_ws/install/autopatrol_interfaces/include/autopatrol_interfaces/autopatrol_interfaces/srv
[8.960s] -- Up-to-date: /home/nayr/auto_patrol_robot/autopatrol_ws/install/autopatrol_interfaces/include/autopatrol_interfaces/autopatrol_interfaces/srv/detail
[8.960s] -- Installing: /home/nayr/auto_patrol_robot/autopatrol_ws/install/autopatrol_interfaces/include/autopatrol_interfaces/autopatrol_interfaces/srv/detail/speech_text__type_support.cpp
[8.960s] -- Installing: /home/nayr/auto_patrol_robot/autopatrol_ws/install/autopatrol_interfaces/include/autopatrol_interfaces/autopatrol_interfaces/srv/detail/speech_text__rosidl_typesupport_introspection_cpp.hpp
[8.960s] -- Installing: /home/nayr/auto_patrol_robot/autopatrol_ws/install/autopatrol_interfaces/lib/libautopatrol_interfaces__rosidl_typesupport_introspection_cpp.so
[8.961s] -- Set runtime path of "/home/nayr/auto_patrol_robot/autopatrol_ws/install/autopatrol_interfaces/lib/libautopatrol_interfaces__rosidl_typesupport_introspection_cpp.so" to ""
[8.961s] -- Installing: /home/nayr/auto_patrol_robot/autopatrol_ws/install/autopatrol_interfaces/lib/libautopatrol_interfaces__rosidl_typesupport_cpp.so
[8.961s] -- Set runtime path of "/home/nayr/auto_patrol_robot/autopatrol_ws/install/autopatrol_interfaces/lib/libautopatrol_interfaces__rosidl_typesupport_cpp.so" to ""
[8.961s] -- Installing: /home/nayr/auto_patrol_robot/autopatrol_ws/install/autopatrol_interfaces/share/autopatrol_interfaces/environment/pythonpath.sh
[8.961s] -- Installing: /home/nayr/auto_patrol_robot/autopatrol_ws/install/autopatrol_interfaces/share/autopatrol_interfaces/environment/pythonpath.dsv
[8.961s] -- Installing: /home/nayr/auto_patrol_robot/autopatrol_ws/install/autopatrol_interfaces/local/lib/python3.10/dist-packages/autopatrol_interfaces-0.0.0-py3.10.egg-info
[8.961s] -- Installing: /home/nayr/auto_patrol_robot/autopatrol_ws/install/autopatrol_interfaces/local/lib/python3.10/dist-packages/autopatrol_interfaces-0.0.0-py3.10.egg-info/SOURCES.txt
[8.961s] -- Installing: /home/nayr/auto_patrol_robot/autopatrol_ws/install/autopatrol_interfaces/local/lib/python3.10/dist-packages/autopatrol_interfaces-0.0.0-py3.10.egg-info/PKG-INFO
[8.961s] -- Installing: /home/nayr/auto_patrol_robot/autopatrol_ws/install/autopatrol_interfaces/local/lib/python3.10/dist-packages/autopatrol_interfaces-0.0.0-py3.10.egg-info/dependency_links.txt
[8.961s] -- Installing: /home/nayr/auto_patrol_robot/autopatrol_ws/install/autopatrol_interfaces/local/lib/python3.10/dist-packages/autopatrol_interfaces-0.0.0-py3.10.egg-info/top_level.txt
[8.961s] -- Installing: /home/nayr/auto_patrol_robot/autopatrol_ws/install/autopatrol_interfaces/local/lib/python3.10/dist-packages/autopatrol_interfaces
[8.961s] -- Installing: /home/nayr/auto_patrol_robot/autopatrol_ws/install/autopatrol_interfaces/local/lib/python3.10/dist-packages/autopatrol_interfaces/autopatrol_interfaces_s__rosidl_typesupport_fastrtps_c.cpython-310-x86_64-linux-gnu.so
[8.961s] -- Installing: /home/nayr/auto_patrol_robot/autopatrol_ws/install/autopatrol_interfaces/local/lib/python3.10/dist-packages/autopatrol_interfaces/autopatrol_interfaces_s__rosidl_typesupport_c.cpython-310-x86_64-linux-gnu.so
[8.961s] -- Installing: /home/nayr/auto_patrol_robot/autopatrol_ws/install/autopatrol_interfaces/local/lib/python3.10/dist-packages/autopatrol_interfaces/_autopatrol_interfaces_s.ep.rosidl_typesupport_fastrtps_c.c
[8.961s] -- Installing: /home/nayr/auto_patrol_robot/autopatrol_ws/install/autopatrol_interfaces/local/lib/python3.10/dist-packages/autopatrol_interfaces/__init__.py
[8.962s] -- Installing: /home/nayr/auto_patrol_robot/autopatrol_ws/install/autopatrol_interfaces/local/lib/python3.10/dist-packages/autopatrol_interfaces/_autopatrol_interfaces_s.ep.rosidl_typesupport_c.c
[8.962s] -- Installing: /home/nayr/auto_patrol_robot/autopatrol_ws/install/autopatrol_interfaces/local/lib/python3.10/dist-packages/autopatrol_interfaces/srv
[8.962s] -- Installing: /home/nayr/auto_patrol_robot/autopatrol_ws/install/autopatrol_interfaces/local/lib/python3.10/dist-packages/autopatrol_interfaces/srv/_speech_text.py
[8.962s] -- Installing: /home/nayr/auto_patrol_robot/autopatrol_ws/install/autopatrol_interfaces/local/lib/python3.10/dist-packages/autopatrol_interfaces/srv/__init__.py
[8.962s] -- Installing: /home/nayr/auto_patrol_robot/autopatrol_ws/install/autopatrol_interfaces/local/lib/python3.10/dist-packages/autopatrol_interfaces/srv/_speech_text_s.c
[8.962s] -- Installing: /home/nayr/auto_patrol_robot/autopatrol_ws/install/autopatrol_interfaces/local/lib/python3.10/dist-packages/autopatrol_interfaces/autopatrol_interfaces_s__rosidl_typesupport_introspection_c.cpython-310-x86_64-linux-gnu.so
[8.962s] -- Installing: /home/nayr/auto_patrol_robot/autopatrol_ws/install/autopatrol_interfaces/local/lib/python3.10/dist-packages/autopatrol_interfaces/libautopatrol_interfaces__rosidl_generator_py.so
[8.962s] -- Installing: /home/nayr/auto_patrol_robot/autopatrol_ws/install/autopatrol_interfaces/local/lib/python3.10/dist-packages/autopatrol_interfaces/_autopatrol_interfaces_s.ep.rosidl_typesupport_introspection_c.c
[8.987s] Listing '/home/nayr/auto_patrol_robot/autopatrol_ws/install/autopatrol_interfaces/local/lib/python3.10/dist-packages/autopatrol_interfaces'...
[8.987s] Compiling '/home/nayr/auto_patrol_robot/autopatrol_ws/install/autopatrol_interfaces/local/lib/python3.10/dist-packages/autopatrol_interfaces/__init__.py'...
[8.987s] Listing '/home/nayr/auto_patrol_robot/autopatrol_ws/install/autopatrol_interfaces/local/lib/python3.10/dist-packages/autopatrol_interfaces/srv'...
[8.987s] Compiling '/home/nayr/auto_patrol_robot/autopatrol_ws/install/autopatrol_interfaces/local/lib/python3.10/dist-packages/autopatrol_interfaces/srv/__init__.py'...
[8.988s] Compiling '/home/nayr/auto_patrol_robot/autopatrol_ws/install/autopatrol_interfaces/local/lib/python3.10/dist-packages/autopatrol_interfaces/srv/_speech_text.py'...
[8.990s] -- Installing: /home/nayr/auto_patrol_robot/autopatrol_ws/install/autopatrol_interfaces/local/lib/python3.10/dist-packages/autopatrol_interfaces/autopatrol_interfaces_s__rosidl_typesupport_fastrtps_c.cpython-310-x86_64-linux-gnu.so
[8.990s] -- Set runtime path of "/home/nayr/auto_patrol_robot/autopatrol_ws/install/autopatrol_interfaces/local/lib/python3.10/dist-packages/autopatrol_interfaces/autopatrol_interfaces_s__rosidl_typesupport_fastrtps_c.cpython-310-x86_64-linux-gnu.so" to ""
[8.991s] -- Installing: /home/nayr/auto_patrol_robot/autopatrol_ws/install/autopatrol_interfaces/local/lib/python3.10/dist-packages/autopatrol_interfaces/autopatrol_interfaces_s__rosidl_typesupport_introspection_c.cpython-310-x86_64-linux-gnu.so
[8.991s] -- Set runtime path of "/home/nayr/auto_patrol_robot/autopatrol_ws/install/autopatrol_interfaces/local/lib/python3.10/dist-packages/autopatrol_interfaces/autopatrol_interfaces_s__rosidl_typesupport_introspection_c.cpython-310-x86_64-linux-gnu.so" to ""
[8.991s] -- Installing: /home/nayr/auto_patrol_robot/autopatrol_ws/install/autopatrol_interfaces/local/lib/python3.10/dist-packages/autopatrol_interfaces/autopatrol_interfaces_s__rosidl_typesupport_c.cpython-310-x86_64-linux-gnu.so
[8.991s] -- Set runtime path of "/home/nayr/auto_patrol_robot/autopatrol_ws/install/autopatrol_interfaces/local/lib/python3.10/dist-packages/autopatrol_interfaces/autopatrol_interfaces_s__rosidl_typesupport_c.cpython-310-x86_64-linux-gnu.so" to ""
[8.991s] -- Installing: /home/nayr/auto_patrol_robot/autopatrol_ws/install/autopatrol_interfaces/lib/libautopatrol_interfaces__rosidl_generator_py.so
[8.991s] -- Set runtime path of "/home/nayr/auto_patrol_robot/autopatrol_ws/install/autopatrol_interfaces/lib/libautopatrol_interfaces__rosidl_generator_py.so" to ""
[8.991s] -- Installing: /home/nayr/auto_patrol_robot/autopatrol_ws/install/autopatrol_interfaces/share/autopatrol_interfaces/srv/SpeechText.idl
[8.991s] -- Installing: /home/nayr/auto_patrol_robot/autopatrol_ws/install/autopatrol_interfaces/share/autopatrol_interfaces/srv/SpeechText.srv
[8.991s] -- Installing: /home/nayr/auto_patrol_robot/autopatrol_ws/install/autopatrol_interfaces/share/autopatrol_interfaces/srv/SpeechText_Request.msg
[8.991s] -- Installing: /home/nayr/auto_patrol_robot/autopatrol_ws/install/autopatrol_interfaces/share/autopatrol_interfaces/srv/SpeechText_Response.msg
[8.991s] -- Installing: /home/nayr/auto_patrol_robot/autopatrol_ws/install/autopatrol_interfaces/share/ament_index/resource_index/package_run_dependencies/autopatrol_interfaces
[8.991s] -- Installing: /home/nayr/auto_patrol_robot/autopatrol_ws/install/autopatrol_interfaces/share/ament_index/resource_index/parent_prefix_path/autopatrol_interfaces
[8.991s] -- Installing: /home/nayr/auto_patrol_robot/autopatrol_ws/install/autopatrol_interfaces/share/autopatrol_interfaces/environment/ament_prefix_path.sh
[8.992s] -- Installing: /home/nayr/auto_patrol_robot/autopatrol_ws/install/autopatrol_interfaces/share/autopatrol_interfaces/environment/ament_prefix_path.dsv
[8.992s] -- Installing: /home/nayr/auto_patrol_robot/autopatrol_ws/install/autopatrol_interfaces/share/autopatrol_interfaces/environment/path.sh
[8.992s] -- Installing: /home/nayr/auto_patrol_robot/autopatrol_ws/install/autopatrol_interfaces/share/autopatrol_interfaces/environment/path.dsv
[8.992s] -- Installing: /home/nayr/auto_patrol_robot/autopatrol_ws/install/autopatrol_interfaces/share/autopatrol_interfaces/local_setup.bash
[8.992s] -- Installing: /home/nayr/auto_patrol_robot/autopatrol_ws/install/autopatrol_interfaces/share/autopatrol_interfaces/local_setup.sh
[8.992s] -- Installing: /home/nayr/auto_patrol_robot/autopatrol_ws/install/autopatrol_interfaces/share/autopatrol_interfaces/local_setup.zsh
[8.992s] -- Installing: /home/nayr/auto_patrol_robot/autopatrol_ws/install/autopatrol_interfaces/share/autopatrol_interfaces/local_setup.dsv
[8.992s] -- Installing: /home/nayr/auto_patrol_robot/autopatrol_ws/install/autopatrol_interfaces/share/autopatrol_interfaces/package.dsv
[8.992s] -- Installing: /home/nayr/auto_patrol_robot/autopatrol_ws/install/autopatrol_interfaces/share/ament_index/resource_index/packages/autopatrol_interfaces
[8.992s] -- Installing: /home/nayr/auto_patrol_robot/autopatrol_ws/install/autopatrol_interfaces/share/autopatrol_interfaces/cmake/export_autopatrol_interfaces__rosidl_generator_cExport.cmake
[8.992s] -- Installing: /home/nayr/auto_patrol_robot/autopatrol_ws/install/autopatrol_interfaces/share/autopatrol_interfaces/cmake/export_autopatrol_interfaces__rosidl_generator_cExport-noconfig.cmake
[8.992s] -- Installing: /home/nayr/auto_patrol_robot/autopatrol_ws/install/autopatrol_interfaces/share/autopatrol_interfaces/cmake/export_autopatrol_interfaces__rosidl_typesupport_fastrtps_cExport.cmake
[8.992s] -- Installing: /home/nayr/auto_patrol_robot/autopatrol_ws/install/autopatrol_interfaces/share/autopatrol_interfaces/cmake/export_autopatrol_interfaces__rosidl_typesupport_fastrtps_cExport-noconfig.cmake
[8.993s] -- Installing: /home/nayr/auto_patrol_robot/autopatrol_ws/install/autopatrol_interfaces/share/autopatrol_interfaces/cmake/autopatrol_interfaces__rosidl_typesupport_introspection_cExport.cmake
[8.993s] -- Installing: /home/nayr/auto_patrol_robot/autopatrol_ws/install/autopatrol_interfaces/share/autopatrol_interfaces/cmake/autopatrol_interfaces__rosidl_typesupport_introspection_cExport-noconfig.cmake
[8.993s] -- Installing: /home/nayr/auto_patrol_robot/autopatrol_ws/install/autopatrol_interfaces/share/autopatrol_interfaces/cmake/autopatrol_interfaces__rosidl_typesupport_cExport.cmake
[8.993s] -- Installing: /home/nayr/auto_patrol_robot/autopatrol_ws/install/autopatrol_interfaces/share/autopatrol_interfaces/cmake/autopatrol_interfaces__rosidl_typesupport_cExport-noconfig.cmake
[8.993s] -- Installing: /home/nayr/auto_patrol_robot/autopatrol_ws/install/autopatrol_interfaces/share/autopatrol_interfaces/cmake/export_autopatrol_interfaces__rosidl_generator_cppExport.cmake
[8.993s] -- Installing: /home/nayr/auto_patrol_robot/autopatrol_ws/install/autopatrol_interfaces/share/autopatrol_interfaces/cmake/export_autopatrol_interfaces__rosidl_typesupport_fastrtps_cppExport.cmake
[8.993s] -- Installing: /home/nayr/auto_patrol_robot/autopatrol_ws/install/autopatrol_interfaces/share/autopatrol_interfaces/cmake/export_autopatrol_interfaces__rosidl_typesupport_fastrtps_cppExport-noconfig.cmake
[8.993s] -- Installing: /home/nayr/auto_patrol_robot/autopatrol_ws/install/autopatrol_interfaces/share/autopatrol_interfaces/cmake/autopatrol_interfaces__rosidl_typesupport_introspection_cppExport.cmake
[8.993s] -- Installing: /home/nayr/auto_patrol_robot/autopatrol_ws/install/autopatrol_interfaces/share/autopatrol_interfaces/cmake/autopatrol_interfaces__rosidl_typesupport_introspection_cppExport-noconfig.cmake
[8.993s] -- Installing: /home/nayr/auto_patrol_robot/autopatrol_ws/install/autopatrol_interfaces/share/autopatrol_interfaces/cmake/autopatrol_interfaces__rosidl_typesupport_cppExport.cmake
[8.993s] -- Installing: /home/nayr/auto_patrol_robot/autopatrol_ws/install/autopatrol_interfaces/share/autopatrol_interfaces/cmake/autopatrol_interfaces__rosidl_typesupport_cppExport-noconfig.cmake
[8.993s] -- Installing: /home/nayr/auto_patrol_robot/autopatrol_ws/install/autopatrol_interfaces/share/autopatrol_interfaces/cmake/export_autopatrol_interfaces__rosidl_generator_pyExport.cmake
[8.993s] -- Installing: /home/nayr/auto_patrol_robot/autopatrol_ws/install/autopatrol_interfaces/share/autopatrol_interfaces/cmake/export_autopatrol_interfaces__rosidl_generator_pyExport-noconfig.cmake
[8.994s] -- Installing: /home/nayr/auto_patrol_robot/autopatrol_ws/install/autopatrol_interfaces/share/autopatrol_interfaces/cmake/rosidl_cmake-extras.cmake
[8.994s] -- Installing: /home/nayr/auto_patrol_robot/autopatrol_ws/install/autopatrol_interfaces/share/autopatrol_interfaces/cmake/ament_cmake_export_include_directories-extras.cmake
[8.994s] -- Installing: /home/nayr/auto_patrol_robot/autopatrol_ws/install/autopatrol_interfaces/share/autopatrol_interfaces/cmake/ament_cmake_export_libraries-extras.cmake
[8.994s] -- Installing: /home/nayr/auto_patrol_robot/autopatrol_ws/install/autopatrol_interfaces/share/autopatrol_interfaces/cmake/ament_cmake_export_targets-extras.cmake
[8.994s] -- Installing: /home/nayr/auto_patrol_robot/autopatrol_ws/install/autopatrol_interfaces/share/autopatrol_interfaces/cmake/rosidl_cmake_export_typesupport_targets-extras.cmake
[8.994s] -- Installing: /home/nayr/auto_patrol_robot/autopatrol_ws/install/autopatrol_interfaces/share/autopatrol_interfaces/cmake/ament_cmake_export_dependencies-extras.cmake
[8.994s] -- Installing: /home/nayr/auto_patrol_robot/autopatrol_ws/install/autopatrol_interfaces/share/autopatrol_interfaces/cmake/rosidl_cmake_export_typesupport_libraries-extras.cmake
[8.994s] -- Installing: /home/nayr/auto_patrol_robot/autopatrol_ws/install/autopatrol_interfaces/share/autopatrol_interfaces/cmake/autopatrol_interfacesConfig.cmake
[8.994s] -- Installing: /home/nayr/auto_patrol_robot/autopatrol_ws/install/autopatrol_interfaces/share/autopatrol_interfaces/cmake/autopatrol_interfacesConfig-version.cmake
[8.994s] -- Installing: /home/nayr/auto_patrol_robot/autopatrol_ws/install/autopatrol_interfaces/share/autopatrol_interfaces/package.xml
[8.995s] Invoked command in '/home/nayr/auto_patrol_robot/autopatrol_ws/build/autopatrol_interfaces' returned '0': CMAKE_PREFIX_PATH=${CMAKE_PREFIX_PATH}:/home/nayr/FishRos/ch7/ch7_ws/install/fishbot_application:/home/nayr/FishRos/ch7/ch7_ws/install/autopatrol_robot:/opt/ros/humble /usr/bin/cmake --install /home/nayr/auto_patrol_robot/autopatrol_ws/build/autopatrol_interfaces
