[0.428s] Invoking command in '/home/nayr/auto_patrol_robot/autopatrol_ws/src/autopatrol_robot': PYTHONPATH=/home/nayr/auto_patrol_robot/autopatrol_ws/build/autopatrol_robot/prefix_override:/usr/lib/python3/dist-packages/colcon_core/task/python/colcon_distutils_commands:/home/nayr/auto_patrol_robot/autopatrol_ws/install/autopatrol_robot/lib/python3.10/site-packages:${PYTHONPATH} /usr/bin/python3 -W ignore:setup.py install is deprecated -W ignore:easy_install command is deprecated setup.py egg_info --egg-base ../../build/autopatrol_robot build --build-base /home/nayr/auto_patrol_robot/autopatrol_ws/build/autopatrol_robot/build install --record /home/nayr/auto_patrol_robot/autopatrol_ws/build/autopatrol_robot/install.log --single-version-externally-managed install_data
[0.571s] running egg_info
[0.572s] writing ../../build/autopatrol_robot/autopatrol_robot.egg-info/PKG-INFO
[0.572s] writing dependency_links to ../../build/autopatrol_robot/autopatrol_robot.egg-info/dependency_links.txt
[0.572s] writing entry points to ../../build/autopatrol_robot/autopatrol_robot.egg-info/entry_points.txt
[0.572s] writing requirements to ../../build/autopatrol_robot/autopatrol_robot.egg-info/requires.txt
[0.572s] writing top-level names to ../../build/autopatrol_robot/autopatrol_robot.egg-info/top_level.txt
[0.573s] reading manifest file '../../build/autopatrol_robot/autopatrol_robot.egg-info/SOURCES.txt'
[0.573s] adding license file 'LICENSE'
[0.573s] writing manifest file '../../build/autopatrol_robot/autopatrol_robot.egg-info/SOURCES.txt'
[0.603s] running build
[0.603s] running build_py
[0.604s] copying autopatrol_robot/patrol_node.py -> /home/nayr/auto_patrol_robot/autopatrol_ws/build/autopatrol_robot/build/lib/autopatrol_robot
[0.604s] running install
[0.605s] running install_lib
[0.606s] copying /home/nayr/auto_patrol_robot/autopatrol_ws/build/autopatrol_robot/build/lib/autopatrol_robot/patrol_node.py -> /home/nayr/auto_patrol_robot/autopatrol_ws/install/autopatrol_robot/lib/python3.10/site-packages/autopatrol_robot
[0.606s] byte-compiling /home/nayr/auto_patrol_robot/autopatrol_ws/install/autopatrol_robot/lib/python3.10/site-packages/autopatrol_robot/patrol_node.py to patrol_node.cpython-310.pyc
[0.608s] running install_data
[0.608s] running install_egg_info
[0.610s] removing '/home/nayr/auto_patrol_robot/autopatrol_ws/install/autopatrol_robot/lib/python3.10/site-packages/autopatrol_robot-0.0.0-py3.10.egg-info' (and everything under it)
[0.610s] Copying ../../build/autopatrol_robot/autopatrol_robot.egg-info to /home/nayr/auto_patrol_robot/autopatrol_ws/install/autopatrol_robot/lib/python3.10/site-packages/autopatrol_robot-0.0.0-py3.10.egg-info
[0.610s] running install_scripts
[0.623s] Installing patrol_node script to /home/nayr/auto_patrol_robot/autopatrol_ws/install/autopatrol_robot/lib/autopatrol_robot
[0.623s] Installing speaker script to /home/nayr/auto_patrol_robot/autopatrol_ws/install/autopatrol_robot/lib/autopatrol_robot
[0.624s] writing list of installed files to '/home/nayr/auto_patrol_robot/autopatrol_ws/build/autopatrol_robot/install.log'
[0.639s] Invoked command in '/home/nayr/auto_patrol_robot/autopatrol_ws/src/autopatrol_robot' returned '0': PYTHONPATH=/home/nayr/auto_patrol_robot/autopatrol_ws/build/autopatrol_robot/prefix_override:/usr/lib/python3/dist-packages/colcon_core/task/python/colcon_distutils_commands:/home/nayr/auto_patrol_robot/autopatrol_ws/install/autopatrol_robot/lib/python3.10/site-packages:${PYTHONPATH} /usr/bin/python3 -W ignore:setup.py install is deprecated -W ignore:easy_install command is deprecated setup.py egg_info --egg-base ../../build/autopatrol_robot build --build-base /home/nayr/auto_patrol_robot/autopatrol_ws/build/autopatrol_robot/build install --record /home/nayr/auto_patrol_robot/autopatrol_ws/build/autopatrol_robot/install.log --single-version-externally-managed install_data
