[0.201s] Invoking command in '/home/nayr/auto_patrol_robot/autopatrol_ws/build/robot_description': CMAKE_PREFIX_PATH=${CMAKE_PREFIX_PATH}:/home/nayr/auto_patrol_robot/autopatrol_ws/install/autopatrol_robot:/home/nayr/FishRos/ch7/ch7_ws/install/fishbot_application:/home/nayr/FishRos/ch7/ch7_ws/install/autopatrol_robot:/opt/ros/humble /usr/bin/cmake --build /home/nayr/auto_patrol_robot/autopatrol_ws/build/robot_description -- -j16 -l16
[0.245s] Invoked command in '/home/nayr/auto_patrol_robot/autopatrol_ws/build/robot_description' returned '0': CMAKE_PREFIX_PATH=${CMAKE_PREFIX_PATH}:/home/nayr/auto_patrol_robot/autopatrol_ws/install/autopatrol_robot:/home/nayr/FishRos/ch7/ch7_ws/install/fishbot_application:/home/nayr/FishRos/ch7/ch7_ws/install/autopatrol_robot:/opt/ros/humble /usr/bin/cmake --build /home/nayr/auto_patrol_robot/autopatrol_ws/build/robot_description -- -j16 -l16
[0.253s] Invoking command in '/home/nayr/auto_patrol_robot/autopatrol_ws/build/robot_description': CMAKE_PREFIX_PATH=${CMAKE_PREFIX_PATH}:/home/nayr/auto_patrol_robot/autopatrol_ws/install/autopatrol_robot:/home/nayr/FishRos/ch7/ch7_ws/install/fishbot_application:/home/nayr/FishRos/ch7/ch7_ws/install/autopatrol_robot:/opt/ros/humble /usr/bin/cmake --install /home/nayr/auto_patrol_robot/autopatrol_ws/build/robot_description
[0.257s] -- Install configuration: ""
[0.257s] -- Up-to-date: /home/nayr/auto_patrol_robot/autopatrol_ws/install/robot_description/share/robot_description/launch
[0.257s] -- Installing: /home/nayr/auto_patrol_robot/autopatrol_ws/install/robot_description/share/robot_description/launch/gazebo_sim.launch.py
[0.257s] -- Up-to-date: /home/nayr/auto_patrol_robot/autopatrol_ws/install/robot_description/share/robot_description/urdf
[0.257s] -- Up-to-date: /home/nayr/auto_patrol_robot/autopatrol_ws/install/robot_description/share/robot_description/urdf/robot
[0.257s] -- Up-to-date: /home/nayr/auto_patrol_robot/autopatrol_ws/install/robot_description/share/robot_description/urdf/robot/actuator
[0.257s] -- Up-to-date: /home/nayr/auto_patrol_robot/autopatrol_ws/install/robot_description/share/robot_description/urdf/robot/actuator/wheel.urdf.xacro
[0.257s] -- Up-to-date: /home/nayr/auto_patrol_robot/autopatrol_ws/install/robot_description/share/robot_description/urdf/robot/actuator/caster.urdf.xacro
[0.257s] -- Up-to-date: /home/nayr/auto_patrol_robot/autopatrol_ws/install/robot_description/share/robot_description/urdf/robot/sensor
[0.257s] -- Up-to-date: /home/nayr/auto_patrol_robot/autopatrol_ws/install/robot_description/share/robot_description/urdf/robot/sensor/imu.urdf.xacro
[0.257s] -- Up-to-date: /home/nayr/auto_patrol_robot/autopatrol_ws/install/robot_description/share/robot_description/urdf/robot/sensor/laser.urdf.xacro
[0.257s] -- Up-to-date: /home/nayr/auto_patrol_robot/autopatrol_ws/install/robot_description/share/robot_description/urdf/robot/sensor/camera.urdf.xacro
[0.257s] -- Up-to-date: /home/nayr/auto_patrol_robot/autopatrol_ws/install/robot_description/share/robot_description/urdf/robot/robot.urdf.xacro
[0.257s] -- Up-to-date: /home/nayr/auto_patrol_robot/autopatrol_ws/install/robot_description/share/robot_description/urdf/robot/common_inertia.xacro
[0.257s] -- Up-to-date: /home/nayr/auto_patrol_robot/autopatrol_ws/install/robot_description/share/robot_description/urdf/robot/base.urdf.xacro
[0.258s] -- Up-to-date: /home/nayr/auto_patrol_robot/autopatrol_ws/install/robot_description/share/robot_description/urdf/robot/plugins
[0.258s] -- Up-to-date: /home/nayr/auto_patrol_robot/autopatrol_ws/install/robot_description/share/robot_description/urdf/robot/plugins/gazebo_sensor_plugins.xacro
[0.258s] -- Up-to-date: /home/nayr/auto_patrol_robot/autopatrol_ws/install/robot_description/share/robot_description/urdf/robot/plugins/gazebo_control_plugins.xacro
[0.258s] -- Up-to-date: /home/nayr/auto_patrol_robot/autopatrol_ws/install/robot_description/share/robot_description/config
[0.258s] -- Up-to-date: /home/nayr/auto_patrol_robot/autopatrol_ws/install/robot_description/share/robot_description/config/robot_ros2_controller.yaml
[0.258s] -- Up-to-date: /home/nayr/auto_patrol_robot/autopatrol_ws/install/robot_description/share/robot_description/config/robot_config.rviz
[0.258s] -- Up-to-date: /home/nayr/auto_patrol_robot/autopatrol_ws/install/robot_description/share/robot_description/world
[0.258s] -- Up-to-date: /home/nayr/auto_patrol_robot/autopatrol_ws/install/robot_description/share/robot_description/world/custom_room.world
[0.258s] -- Up-to-date: /home/nayr/auto_patrol_robot/autopatrol_ws/install/robot_description/share/ament_index/resource_index/package_run_dependencies/robot_description
[0.258s] -- Up-to-date: /home/nayr/auto_patrol_robot/autopatrol_ws/install/robot_description/share/ament_index/resource_index/parent_prefix_path/robot_description
[0.258s] -- Up-to-date: /home/nayr/auto_patrol_robot/autopatrol_ws/install/robot_description/share/robot_description/environment/ament_prefix_path.sh
[0.258s] -- Up-to-date: /home/nayr/auto_patrol_robot/autopatrol_ws/install/robot_description/share/robot_description/environment/ament_prefix_path.dsv
[0.258s] -- Up-to-date: /home/nayr/auto_patrol_robot/autopatrol_ws/install/robot_description/share/robot_description/environment/path.sh
[0.258s] -- Up-to-date: /home/nayr/auto_patrol_robot/autopatrol_ws/install/robot_description/share/robot_description/environment/path.dsv
[0.258s] -- Up-to-date: /home/nayr/auto_patrol_robot/autopatrol_ws/install/robot_description/share/robot_description/local_setup.bash
[0.258s] -- Up-to-date: /home/nayr/auto_patrol_robot/autopatrol_ws/install/robot_description/share/robot_description/local_setup.sh
[0.258s] -- Up-to-date: /home/nayr/auto_patrol_robot/autopatrol_ws/install/robot_description/share/robot_description/local_setup.zsh
[0.258s] -- Up-to-date: /home/nayr/auto_patrol_robot/autopatrol_ws/install/robot_description/share/robot_description/local_setup.dsv
[0.258s] -- Installing: /home/nayr/auto_patrol_robot/autopatrol_ws/install/robot_description/share/robot_description/package.dsv
[0.258s] -- Up-to-date: /home/nayr/auto_patrol_robot/autopatrol_ws/install/robot_description/share/ament_index/resource_index/packages/robot_description
[0.258s] -- Up-to-date: /home/nayr/auto_patrol_robot/autopatrol_ws/install/robot_description/share/robot_description/cmake/robot_descriptionConfig.cmake
[0.258s] -- Up-to-date: /home/nayr/auto_patrol_robot/autopatrol_ws/install/robot_description/share/robot_description/cmake/robot_descriptionConfig-version.cmake
[0.258s] -- Up-to-date: /home/nayr/auto_patrol_robot/autopatrol_ws/install/robot_description/share/robot_description/package.xml
[0.315s] Invoked command in '/home/nayr/auto_patrol_robot/autopatrol_ws/build/robot_description' returned '0': CMAKE_PREFIX_PATH=${CMAKE_PREFIX_PATH}:/home/nayr/auto_patrol_robot/autopatrol_ws/install/autopatrol_robot:/home/nayr/FishRos/ch7/ch7_ws/install/fishbot_application:/home/nayr/FishRos/ch7/ch7_ws/install/autopatrol_robot:/opt/ros/humble /usr/bin/cmake --install /home/nayr/auto_patrol_robot/autopatrol_ws/build/robot_description
