-- Install configuration: ""
-- Up-to-date: /home/nayr/auto_patrol_robot/autopatrol_ws/install/robot_description/share/robot_description/launch
-- Up-to-date: /home/nayr/auto_patrol_robot/autopatrol_ws/install/robot_description/share/robot_description/launch/gazebo_sim.launch.py
-- Up-to-date: /home/nayr/auto_patrol_robot/autopatrol_ws/install/robot_description/share/robot_description/urdf
-- Up-to-date: /home/nayr/auto_patrol_robot/autopatrol_ws/install/robot_description/share/robot_description/urdf/robot
-- Up-to-date: /home/nayr/auto_patrol_robot/autopatrol_ws/install/robot_description/share/robot_description/urdf/robot/actuator
-- Up-to-date: /home/nayr/auto_patrol_robot/autopatrol_ws/install/robot_description/share/robot_description/urdf/robot/actuator/wheel.urdf.xacro
-- Up-to-date: /home/nayr/auto_patrol_robot/autopatrol_ws/install/robot_description/share/robot_description/urdf/robot/actuator/caster.urdf.xacro
-- Up-to-date: /home/nayr/auto_patrol_robot/autopatrol_ws/install/robot_description/share/robot_description/urdf/robot/sensor
-- Up-to-date: /home/nayr/auto_patrol_robot/autopatrol_ws/install/robot_description/share/robot_description/urdf/robot/sensor/imu.urdf.xacro
-- Up-to-date: /home/nayr/auto_patrol_robot/autopatrol_ws/install/robot_description/share/robot_description/urdf/robot/sensor/laser.urdf.xacro
-- Up-to-date: /home/nayr/auto_patrol_robot/autopatrol_ws/install/robot_description/share/robot_description/urdf/robot/sensor/camera.urdf.xacro
-- Up-to-date: /home/nayr/auto_patrol_robot/autopatrol_ws/install/robot_description/share/robot_description/urdf/robot/robot.urdf.xacro
-- Up-to-date: /home/nayr/auto_patrol_robot/autopatrol_ws/install/robot_description/share/robot_description/urdf/robot/common_inertia.xacro
-- Up-to-date: /home/nayr/auto_patrol_robot/autopatrol_ws/install/robot_description/share/robot_description/urdf/robot/base.urdf.xacro
-- Up-to-date: /home/nayr/auto_patrol_robot/autopatrol_ws/install/robot_description/share/robot_description/urdf/robot/plugins
-- Up-to-date: /home/nayr/auto_patrol_robot/autopatrol_ws/install/robot_description/share/robot_description/urdf/robot/plugins/gazebo_sensor_plugins.xacro
-- Up-to-date: /home/nayr/auto_patrol_robot/autopatrol_ws/install/robot_description/share/robot_description/urdf/robot/plugins/gazebo_control_plugins.xacro
-- Up-to-date: /home/nayr/auto_patrol_robot/autopatrol_ws/install/robot_description/share/robot_description/config
-- Up-to-date: /home/nayr/auto_patrol_robot/autopatrol_ws/install/robot_description/share/robot_description/config/robot_ros2_controller.yaml
-- Up-to-date: /home/nayr/auto_patrol_robot/autopatrol_ws/install/robot_description/share/robot_description/config/robot_config.rviz
-- Up-to-date: /home/nayr/auto_patrol_robot/autopatrol_ws/install/robot_description/share/robot_description/world
-- Up-to-date: /home/nayr/auto_patrol_robot/autopatrol_ws/install/robot_description/share/robot_description/world/custom_room.world
-- Up-to-date: /home/nayr/auto_patrol_robot/autopatrol_ws/install/robot_description/share/ament_index/resource_index/package_run_dependencies/robot_description
-- Up-to-date: /home/nayr/auto_patrol_robot/autopatrol_ws/install/robot_description/share/ament_index/resource_index/parent_prefix_path/robot_description
-- Up-to-date: /home/nayr/auto_patrol_robot/autopatrol_ws/install/robot_description/share/robot_description/environment/ament_prefix_path.sh
-- Up-to-date: /home/nayr/auto_patrol_robot/autopatrol_ws/install/robot_description/share/robot_description/environment/ament_prefix_path.dsv
-- Up-to-date: /home/nayr/auto_patrol_robot/autopatrol_ws/install/robot_description/share/robot_description/environment/path.sh
-- Up-to-date: /home/nayr/auto_patrol_robot/autopatrol_ws/install/robot_description/share/robot_description/environment/path.dsv
-- Up-to-date: /home/nayr/auto_patrol_robot/autopatrol_ws/install/robot_description/share/robot_description/local_setup.bash
-- Up-to-date: /home/nayr/auto_patrol_robot/autopatrol_ws/install/robot_description/share/robot_description/local_setup.sh
-- Up-to-date: /home/nayr/auto_patrol_robot/autopatrol_ws/install/robot_description/share/robot_description/local_setup.zsh
-- Up-to-date: /home/nayr/auto_patrol_robot/autopatrol_ws/install/robot_description/share/robot_description/local_setup.dsv
-- Up-to-date: /home/nayr/auto_patrol_robot/autopatrol_ws/install/robot_description/share/robot_description/package.dsv
-- Up-to-date: /home/nayr/auto_patrol_robot/autopatrol_ws/install/robot_description/share/ament_index/resource_index/packages/robot_description
-- Up-to-date: /home/nayr/auto_patrol_robot/autopatrol_ws/install/robot_description/share/robot_description/cmake/robot_descriptionConfig.cmake
-- Up-to-date: /home/nayr/auto_patrol_robot/autopatrol_ws/install/robot_description/share/robot_description/cmake/robot_descriptionConfig-version.cmake
-- Up-to-date: /home/nayr/auto_patrol_robot/autopatrol_ws/install/robot_description/share/robot_description/package.xml
