[0.385s] Invoking command in '/home/nayr/auto_patrol_robot/autopatrol_ws/src/autopatrol_robot': PYTHONPATH=/home/nayr/auto_patrol_robot/autopatrol_ws/build/autopatrol_robot/prefix_override:/usr/lib/python3/dist-packages/colcon_core/task/python/colcon_distutils_commands:/home/nayr/auto_patrol_robot/autopatrol_ws/install/autopatrol_robot/lib/python3.10/site-packages:${PYTHONPATH} /usr/bin/python3 -W ignore:setup.py install is deprecated -W ignore:easy_install command is deprecated setup.py egg_info --egg-base ../../build/autopatrol_robot build --build-base /home/nayr/auto_patrol_robot/autopatrol_ws/build/autopatrol_robot/build install --record /home/nayr/auto_patrol_robot/autopatrol_ws/build/autopatrol_robot/install.log --single-version-externally-managed install_data
[0.531s] running egg_info
[0.532s] creating ../../build/autopatrol_robot/autopatrol_robot.egg-info
[0.532s] writing ../../build/autopatrol_robot/autopatrol_robot.egg-info/PKG-INFO
[0.532s] writing dependency_links to ../../build/autopatrol_robot/autopatrol_robot.egg-info/dependency_links.txt
[0.532s] writing entry points to ../../build/autopatrol_robot/autopatrol_robot.egg-info/entry_points.txt
[0.532s] writing requirements to ../../build/autopatrol_robot/autopatrol_robot.egg-info/requires.txt
[0.532s] writing top-level names to ../../build/autopatrol_robot/autopatrol_robot.egg-info/top_level.txt
[0.532s] writing manifest file '../../build/autopatrol_robot/autopatrol_robot.egg-info/SOURCES.txt'
[0.533s] reading manifest file '../../build/autopatrol_robot/autopatrol_robot.egg-info/SOURCES.txt'
[0.533s] adding license file 'LICENSE'
[0.534s] writing manifest file '../../build/autopatrol_robot/autopatrol_robot.egg-info/SOURCES.txt'
[0.534s] running build
[0.534s] running build_py
[0.534s] creating /home/nayr/auto_patrol_robot/autopatrol_ws/build/autopatrol_robot/build
[0.534s] creating /home/nayr/auto_patrol_robot/autopatrol_ws/build/autopatrol_robot/build/lib
[0.534s] creating /home/nayr/auto_patrol_robot/autopatrol_ws/build/autopatrol_robot/build/lib/autopatrol_robot
[0.534s] copying autopatrol_robot/patrol_node.py -> /home/nayr/auto_patrol_robot/autopatrol_ws/build/autopatrol_robot/build/lib/autopatrol_robot
[0.534s] copying autopatrol_robot/speaker.py -> /home/nayr/auto_patrol_robot/autopatrol_ws/build/autopatrol_robot/build/lib/autopatrol_robot
[0.534s] copying autopatrol_robot/__init__.py -> /home/nayr/auto_patrol_robot/autopatrol_ws/build/autopatrol_robot/build/lib/autopatrol_robot
[0.534s] running install
[0.534s] running install_lib
[0.535s] creating /home/nayr/auto_patrol_robot/autopatrol_ws/install/autopatrol_robot/lib/python3.10/site-packages/autopatrol_robot
[0.535s] copying /home/nayr/auto_patrol_robot/autopatrol_ws/build/autopatrol_robot/build/lib/autopatrol_robot/patrol_node.py -> /home/nayr/auto_patrol_robot/autopatrol_ws/install/autopatrol_robot/lib/python3.10/site-packages/autopatrol_robot
[0.535s] copying /home/nayr/auto_patrol_robot/autopatrol_ws/build/autopatrol_robot/build/lib/autopatrol_robot/speaker.py -> /home/nayr/auto_patrol_robot/autopatrol_ws/install/autopatrol_robot/lib/python3.10/site-packages/autopatrol_robot
[0.535s] copying /home/nayr/auto_patrol_robot/autopatrol_ws/build/autopatrol_robot/build/lib/autopatrol_robot/__init__.py -> /home/nayr/auto_patrol_robot/autopatrol_ws/install/autopatrol_robot/lib/python3.10/site-packages/autopatrol_robot
[0.535s] byte-compiling /home/nayr/auto_patrol_robot/autopatrol_ws/install/autopatrol_robot/lib/python3.10/site-packages/autopatrol_robot/patrol_node.py to patrol_node.cpython-310.pyc
[0.536s] byte-compiling /home/nayr/auto_patrol_robot/autopatrol_ws/install/autopatrol_robot/lib/python3.10/site-packages/autopatrol_robot/speaker.py to speaker.cpython-310.pyc
[0.536s] byte-compiling /home/nayr/auto_patrol_robot/autopatrol_ws/install/autopatrol_robot/lib/python3.10/site-packages/autopatrol_robot/__init__.py to __init__.cpython-310.pyc
[0.536s] running install_data
[0.536s] creating /home/nayr/auto_patrol_robot/autopatrol_ws/install/autopatrol_robot/share/ament_index
[0.536s] creating /home/nayr/auto_patrol_robot/autopatrol_ws/install/autopatrol_robot/share/ament_index/resource_index
[0.536s] creating /home/nayr/auto_patrol_robot/autopatrol_ws/install/autopatrol_robot/share/ament_index/resource_index/packages
[0.536s] copying resource/autopatrol_robot -> /home/nayr/auto_patrol_robot/autopatrol_ws/install/autopatrol_robot/share/ament_index/resource_index/packages
[0.536s] copying package.xml -> /home/nayr/auto_patrol_robot/autopatrol_ws/install/autopatrol_robot/share/autopatrol_robot
[0.536s] creating /home/nayr/auto_patrol_robot/autopatrol_ws/install/autopatrol_robot/share/autopatrol_robot/config
[0.536s] copying config/patrol_config.yaml -> /home/nayr/auto_patrol_robot/autopatrol_ws/install/autopatrol_robot/share/autopatrol_robot/config
[0.536s] creating /home/nayr/auto_patrol_robot/autopatrol_ws/install/autopatrol_robot/share/autopatrol_robot/launch
[0.537s] copying launch/autopatrol.launch.py -> /home/nayr/auto_patrol_robot/autopatrol_ws/install/autopatrol_robot/share/autopatrol_robot/launch
[0.537s] running install_egg_info
[0.538s] Copying ../../build/autopatrol_robot/autopatrol_robot.egg-info to /home/nayr/auto_patrol_robot/autopatrol_ws/install/autopatrol_robot/lib/python3.10/site-packages/autopatrol_robot-0.0.0-py3.10.egg-info
[0.538s] running install_scripts
[0.551s] Installing patrol_node script to /home/nayr/auto_patrol_robot/autopatrol_ws/install/autopatrol_robot/lib/autopatrol_robot
[0.551s] Installing speaker script to /home/nayr/auto_patrol_robot/autopatrol_ws/install/autopatrol_robot/lib/autopatrol_robot
[0.551s] writing list of installed files to '/home/nayr/auto_patrol_robot/autopatrol_ws/build/autopatrol_robot/install.log'
[0.567s] Invoked command in '/home/nayr/auto_patrol_robot/autopatrol_ws/src/autopatrol_robot' returned '0': PYTHONPATH=/home/nayr/auto_patrol_robot/autopatrol_ws/build/autopatrol_robot/prefix_override:/usr/lib/python3/dist-packages/colcon_core/task/python/colcon_distutils_commands:/home/nayr/auto_patrol_robot/autopatrol_ws/install/autopatrol_robot/lib/python3.10/site-packages:${PYTHONPATH} /usr/bin/python3 -W ignore:setup.py install is deprecated -W ignore:easy_install command is deprecated setup.py egg_info --egg-base ../../build/autopatrol_robot build --build-base /home/nayr/auto_patrol_robot/autopatrol_ws/build/autopatrol_robot/build install --record /home/nayr/auto_patrol_robot/autopatrol_ws/build/autopatrol_robot/install.log --single-version-externally-managed install_data
