[0.064s] DEBUG:colcon:Command line arguments: ['/usr/bin/colcon', 'build']
[0.064s] DEBUG:colcon:Parsed command line arguments: Namespace(log_base=None, log_level=None, verb_name='build', build_base='build', install_base='install', merge_install=False, symlink_install=False, test_result_base=None, continue_on_error=False, executor='parallel', parallel_workers=16, event_handlers=None, ignore_user_meta=False, metas=['./colcon.meta'], base_paths=['.'], packages_ignore=None, packages_ignore_regex=None, paths=None, packages_up_to=None, packages_up_to_regex=None, packages_above=None, packages_above_and_dependencies=None, packages_above_depth=None, packages_select_by_dep=None, packages_skip_by_dep=None, packages_skip_up_to=None, packages_select_build_failed=False, packages_skip_build_finished=False, packages_select_test_failures=False, packages_skip_test_passed=False, packages_select=None, packages_skip=None, packages_select_regex=None, packages_skip_regex=None, packages_start=None, packages_end=None, allow_overriding=[], cmake_args=None, cmake_target=None, cmake_target_skip_unavailable=False, cmake_clean_cache=False, cmake_clean_first=False, cmake_force_configure=False, ament_cmake_args=None, catkin_cmake_args=None, catkin_skip_building_tests=False, mixin_files=None, mixin=None, verb_parser=<colcon_mixin.mixin.mixin_argument.MixinArgumentDecorator object at 0x757aead17460>, verb_extension=<colcon_core.verb.build.BuildVerb object at 0x757aeae9c340>, main=<bound method BuildVerb.main of <colcon_core.verb.build.BuildVerb object at 0x757aeae9c340>>, mixin_verb=('build',))
[0.158s] Level 1:colcon.colcon_core.package_discovery:discover_packages(colcon_meta) check parameters
[0.158s] Level 1:colcon.colcon_core.package_discovery:discover_packages(recursive) check parameters
[0.158s] Level 1:colcon.colcon_core.package_discovery:discover_packages(ignore) check parameters
[0.158s] Level 1:colcon.colcon_core.package_discovery:discover_packages(path) check parameters
[0.158s] Level 1:colcon.colcon_core.package_discovery:discover_packages(colcon_meta) discover
[0.158s] Level 1:colcon.colcon_core.package_discovery:discover_packages(recursive) discover
[0.158s] INFO:colcon.colcon_core.package_discovery:Crawling recursively for packages in '/home/nayr/auto_patrol_robot/autopatrol_ws'
[0.159s] Level 1:colcon.colcon_core.package_identification:_identify(.) by extensions ['ignore', 'ignore_ament_install']
[0.159s] Level 1:colcon.colcon_core.package_identification:_identify(.) by extension 'ignore'
[0.159s] Level 1:colcon.colcon_core.package_identification:_identify(.) by extension 'ignore_ament_install'
[0.159s] Level 1:colcon.colcon_core.package_identification:_identify(.) by extensions ['colcon_pkg']
[0.159s] Level 1:colcon.colcon_core.package_identification:_identify(.) by extension 'colcon_pkg'
[0.159s] Level 1:colcon.colcon_core.package_identification:_identify(.) by extensions ['colcon_meta']
[0.159s] Level 1:colcon.colcon_core.package_identification:_identify(.) by extension 'colcon_meta'
[0.159s] Level 1:colcon.colcon_core.package_identification:_identify(.) by extensions ['ros']
[0.159s] Level 1:colcon.colcon_core.package_identification:_identify(.) by extension 'ros'
[0.166s] Level 1:colcon.colcon_core.package_identification:_identify(.) by extensions ['cmake', 'python']
[0.166s] Level 1:colcon.colcon_core.package_identification:_identify(.) by extension 'cmake'
[0.166s] Level 1:colcon.colcon_core.package_identification:_identify(.) by extension 'python'
[0.166s] Level 1:colcon.colcon_core.package_identification:_identify(.) by extensions ['python_setup_py']
[0.166s] Level 1:colcon.colcon_core.package_identification:_identify(.) by extension 'python_setup_py'
[0.166s] Level 1:colcon.colcon_core.package_identification:_identify(build) by extensions ['ignore', 'ignore_ament_install']
[0.166s] Level 1:colcon.colcon_core.package_identification:_identify(build) by extension 'ignore'
[0.166s] Level 1:colcon.colcon_core.package_identification:_identify(build) ignored
[0.166s] Level 1:colcon.colcon_core.package_identification:_identify(install) by extensions ['ignore', 'ignore_ament_install']
[0.166s] Level 1:colcon.colcon_core.package_identification:_identify(install) by extension 'ignore'
[0.166s] Level 1:colcon.colcon_core.package_identification:_identify(install) ignored
[0.166s] Level 1:colcon.colcon_core.package_identification:_identify(log) by extensions ['ignore', 'ignore_ament_install']
[0.166s] Level 1:colcon.colcon_core.package_identification:_identify(log) by extension 'ignore'
[0.166s] Level 1:colcon.colcon_core.package_identification:_identify(log) ignored
[0.166s] Level 1:colcon.colcon_core.package_identification:_identify(src) by extensions ['ignore', 'ignore_ament_install']
[0.166s] Level 1:colcon.colcon_core.package_identification:_identify(src) by extension 'ignore'
[0.166s] Level 1:colcon.colcon_core.package_identification:_identify(src) by extension 'ignore_ament_install'
[0.166s] Level 1:colcon.colcon_core.package_identification:_identify(src) by extensions ['colcon_pkg']
[0.166s] Level 1:colcon.colcon_core.package_identification:_identify(src) by extension 'colcon_pkg'
[0.166s] Level 1:colcon.colcon_core.package_identification:_identify(src) by extensions ['colcon_meta']
[0.166s] Level 1:colcon.colcon_core.package_identification:_identify(src) by extension 'colcon_meta'
[0.166s] Level 1:colcon.colcon_core.package_identification:_identify(src) by extensions ['ros']
[0.166s] Level 1:colcon.colcon_core.package_identification:_identify(src) by extension 'ros'
[0.166s] Level 1:colcon.colcon_core.package_identification:_identify(src) by extensions ['cmake', 'python']
[0.167s] Level 1:colcon.colcon_core.package_identification:_identify(src) by extension 'cmake'
[0.167s] Level 1:colcon.colcon_core.package_identification:_identify(src) by extension 'python'
[0.167s] Level 1:colcon.colcon_core.package_identification:_identify(src) by extensions ['python_setup_py']
[0.167s] Level 1:colcon.colcon_core.package_identification:_identify(src) by extension 'python_setup_py'
[0.167s] Level 1:colcon.colcon_core.package_identification:_identify(src/autopatrol_interfaces) by extensions ['ignore', 'ignore_ament_install']
[0.167s] Level 1:colcon.colcon_core.package_identification:_identify(src/autopatrol_interfaces) by extension 'ignore'
[0.167s] Level 1:colcon.colcon_core.package_identification:_identify(src/autopatrol_interfaces) by extension 'ignore_ament_install'
[0.167s] Level 1:colcon.colcon_core.package_identification:_identify(src/autopatrol_interfaces) by extensions ['colcon_pkg']
[0.167s] Level 1:colcon.colcon_core.package_identification:_identify(src/autopatrol_interfaces) by extension 'colcon_pkg'
[0.167s] Level 1:colcon.colcon_core.package_identification:_identify(src/autopatrol_interfaces) by extensions ['colcon_meta']
[0.167s] Level 1:colcon.colcon_core.package_identification:_identify(src/autopatrol_interfaces) by extension 'colcon_meta'
[0.167s] Level 1:colcon.colcon_core.package_identification:_identify(src/autopatrol_interfaces) by extensions ['ros']
[0.167s] Level 1:colcon.colcon_core.package_identification:_identify(src/autopatrol_interfaces) by extension 'ros'
[0.168s] DEBUG:colcon.colcon_core.package_identification:Package 'src/autopatrol_interfaces' with type 'ros.ament_cmake' and name 'autopatrol_interfaces'
[0.168s] Level 1:colcon.colcon_core.package_identification:_identify(src/autopatrol_robot) by extensions ['ignore', 'ignore_ament_install']
[0.168s] Level 1:colcon.colcon_core.package_identification:_identify(src/autopatrol_robot) by extension 'ignore'
[0.168s] Level 1:colcon.colcon_core.package_identification:_identify(src/autopatrol_robot) by extension 'ignore_ament_install'
[0.169s] Level 1:colcon.colcon_core.package_identification:_identify(src/autopatrol_robot) by extensions ['colcon_pkg']
[0.169s] Level 1:colcon.colcon_core.package_identification:_identify(src/autopatrol_robot) by extension 'colcon_pkg'
[0.169s] Level 1:colcon.colcon_core.package_identification:_identify(src/autopatrol_robot) by extensions ['colcon_meta']
[0.169s] Level 1:colcon.colcon_core.package_identification:_identify(src/autopatrol_robot) by extension 'colcon_meta'
[0.169s] Level 1:colcon.colcon_core.package_identification:_identify(src/autopatrol_robot) by extensions ['ros']
[0.169s] Level 1:colcon.colcon_core.package_identification:_identify(src/autopatrol_robot) by extension 'ros'
[0.169s] DEBUG:colcon.colcon_core.package_identification:Package 'src/autopatrol_robot' with type 'ros.ament_python' and name 'autopatrol_robot'
[0.169s] Level 1:colcon.colcon_core.package_identification:_identify(src/robot_description) by extensions ['ignore', 'ignore_ament_install']
[0.169s] Level 1:colcon.colcon_core.package_identification:_identify(src/robot_description) by extension 'ignore'
[0.169s] Level 1:colcon.colcon_core.package_identification:_identify(src/robot_description) by extension 'ignore_ament_install'
[0.169s] Level 1:colcon.colcon_core.package_identification:_identify(src/robot_description) by extensions ['colcon_pkg']
[0.169s] Level 1:colcon.colcon_core.package_identification:_identify(src/robot_description) by extension 'colcon_pkg'
[0.169s] Level 1:colcon.colcon_core.package_identification:_identify(src/robot_description) by extensions ['colcon_meta']
[0.169s] Level 1:colcon.colcon_core.package_identification:_identify(src/robot_description) by extension 'colcon_meta'
[0.169s] Level 1:colcon.colcon_core.package_identification:_identify(src/robot_description) by extensions ['ros']
[0.169s] Level 1:colcon.colcon_core.package_identification:_identify(src/robot_description) by extension 'ros'
[0.170s] DEBUG:colcon.colcon_core.package_identification:Package 'src/robot_description' with type 'ros.ament_cmake' and name 'robot_description'
[0.170s] Level 1:colcon.colcon_core.package_identification:_identify(src/robot_navigation2) by extensions ['ignore', 'ignore_ament_install']
[0.170s] Level 1:colcon.colcon_core.package_identification:_identify(src/robot_navigation2) by extension 'ignore'
[0.170s] Level 1:colcon.colcon_core.package_identification:_identify(src/robot_navigation2) by extension 'ignore_ament_install'
[0.170s] Level 1:colcon.colcon_core.package_identification:_identify(src/robot_navigation2) by extensions ['colcon_pkg']
[0.170s] Level 1:colcon.colcon_core.package_identification:_identify(src/robot_navigation2) by extension 'colcon_pkg'
[0.170s] Level 1:colcon.colcon_core.package_identification:_identify(src/robot_navigation2) by extensions ['colcon_meta']
[0.170s] Level 1:colcon.colcon_core.package_identification:_identify(src/robot_navigation2) by extension 'colcon_meta'
[0.170s] Level 1:colcon.colcon_core.package_identification:_identify(src/robot_navigation2) by extensions ['ros']
[0.170s] Level 1:colcon.colcon_core.package_identification:_identify(src/robot_navigation2) by extension 'ros'
[0.170s] DEBUG:colcon.colcon_core.package_identification:Package 'src/robot_navigation2' with type 'ros.ament_cmake' and name 'robot_navigation2'
[0.170s] Level 1:colcon.colcon_core.package_discovery:discover_packages(recursive) using defaults
[0.170s] Level 1:colcon.colcon_core.package_discovery:discover_packages(ignore) discover
[0.170s] Level 1:colcon.colcon_core.package_discovery:discover_packages(ignore) using defaults
[0.170s] Level 1:colcon.colcon_core.package_discovery:discover_packages(path) discover
[0.170s] Level 1:colcon.colcon_core.package_discovery:discover_packages(path) using defaults
[0.189s] Level 1:colcon.colcon_core.package_discovery:discover_packages(prefix_path) check parameters
[0.189s] Level 1:colcon.colcon_core.package_discovery:discover_packages(prefix_path) discover
[0.190s] DEBUG:colcon.colcon_installed_package_information.package_discovery:Found 5 installed packages in /home/nayr/FishRos/ch7/ch7_ws/install
[0.191s] DEBUG:colcon.colcon_installed_package_information.package_discovery:Found 376 installed packages in /opt/ros/humble
[0.192s] Level 1:colcon.colcon_core.package_discovery:discover_packages(prefix_path) using defaults
[0.216s] Level 5:colcon.colcon_core.verb:set package 'autopatrol_interfaces' build argument 'cmake_args' from command line to 'None'
[0.216s] Level 5:colcon.colcon_core.verb:set package 'autopatrol_interfaces' build argument 'cmake_target' from command line to 'None'
[0.216s] Level 5:colcon.colcon_core.verb:set package 'autopatrol_interfaces' build argument 'cmake_target_skip_unavailable' from command line to 'False'
[0.216s] Level 5:colcon.colcon_core.verb:set package 'autopatrol_interfaces' build argument 'cmake_clean_cache' from command line to 'False'
[0.216s] Level 5:colcon.colcon_core.verb:set package 'autopatrol_interfaces' build argument 'cmake_clean_first' from command line to 'False'
[0.216s] Level 5:colcon.colcon_core.verb:set package 'autopatrol_interfaces' build argument 'cmake_force_configure' from command line to 'False'
[0.216s] Level 5:colcon.colcon_core.verb:set package 'autopatrol_interfaces' build argument 'ament_cmake_args' from command line to 'None'
[0.216s] Level 5:colcon.colcon_core.verb:set package 'autopatrol_interfaces' build argument 'catkin_cmake_args' from command line to 'None'
[0.216s] Level 5:colcon.colcon_core.verb:set package 'autopatrol_interfaces' build argument 'catkin_skip_building_tests' from command line to 'False'
[0.217s] DEBUG:colcon.colcon_core.verb:Building package 'autopatrol_interfaces' with the following arguments: {'ament_cmake_args': None, 'build_base': '/home/nayr/auto_patrol_robot/autopatrol_ws/build/autopatrol_interfaces', 'catkin_cmake_args': None, 'catkin_skip_building_tests': False, 'cmake_args': None, 'cmake_clean_cache': False, 'cmake_clean_first': False, 'cmake_force_configure': False, 'cmake_target': None, 'cmake_target_skip_unavailable': False, 'install_base': '/home/nayr/auto_patrol_robot/autopatrol_ws/install/autopatrol_interfaces', 'merge_install': False, 'path': '/home/nayr/auto_patrol_robot/autopatrol_ws/src/autopatrol_interfaces', 'symlink_install': False, 'test_result_base': None}
[0.217s] Level 5:colcon.colcon_core.verb:set package 'autopatrol_robot' build argument 'cmake_args' from command line to 'None'
[0.217s] Level 5:colcon.colcon_core.verb:set package 'autopatrol_robot' build argument 'cmake_target' from command line to 'None'
[0.217s] Level 5:colcon.colcon_core.verb:set package 'autopatrol_robot' build argument 'cmake_target_skip_unavailable' from command line to 'False'
[0.217s] Level 5:colcon.colcon_core.verb:set package 'autopatrol_robot' build argument 'cmake_clean_cache' from command line to 'False'
[0.217s] Level 5:colcon.colcon_core.verb:set package 'autopatrol_robot' build argument 'cmake_clean_first' from command line to 'False'
[0.217s] Level 5:colcon.colcon_core.verb:set package 'autopatrol_robot' build argument 'cmake_force_configure' from command line to 'False'
[0.217s] Level 5:colcon.colcon_core.verb:set package 'autopatrol_robot' build argument 'ament_cmake_args' from command line to 'None'
[0.217s] Level 5:colcon.colcon_core.verb:set package 'autopatrol_robot' build argument 'catkin_cmake_args' from command line to 'None'
[0.217s] Level 5:colcon.colcon_core.verb:set package 'autopatrol_robot' build argument 'catkin_skip_building_tests' from command line to 'False'
[0.217s] DEBUG:colcon.colcon_core.verb:Building package 'autopatrol_robot' with the following arguments: {'ament_cmake_args': None, 'build_base': '/home/nayr/auto_patrol_robot/autopatrol_ws/build/autopatrol_robot', 'catkin_cmake_args': None, 'catkin_skip_building_tests': False, 'cmake_args': None, 'cmake_clean_cache': False, 'cmake_clean_first': False, 'cmake_force_configure': False, 'cmake_target': None, 'cmake_target_skip_unavailable': False, 'install_base': '/home/nayr/auto_patrol_robot/autopatrol_ws/install/autopatrol_robot', 'merge_install': False, 'path': '/home/nayr/auto_patrol_robot/autopatrol_ws/src/autopatrol_robot', 'symlink_install': False, 'test_result_base': None}
[0.217s] Level 5:colcon.colcon_core.verb:set package 'robot_description' build argument 'cmake_args' from command line to 'None'
[0.217s] Level 5:colcon.colcon_core.verb:set package 'robot_description' build argument 'cmake_target' from command line to 'None'
[0.217s] Level 5:colcon.colcon_core.verb:set package 'robot_description' build argument 'cmake_target_skip_unavailable' from command line to 'False'
[0.217s] Level 5:colcon.colcon_core.verb:set package 'robot_description' build argument 'cmake_clean_cache' from command line to 'False'
[0.217s] Level 5:colcon.colcon_core.verb:set package 'robot_description' build argument 'cmake_clean_first' from command line to 'False'
[0.217s] Level 5:colcon.colcon_core.verb:set package 'robot_description' build argument 'cmake_force_configure' from command line to 'False'
[0.217s] Level 5:colcon.colcon_core.verb:set package 'robot_description' build argument 'ament_cmake_args' from command line to 'None'
[0.217s] Level 5:colcon.colcon_core.verb:set package 'robot_description' build argument 'catkin_cmake_args' from command line to 'None'
[0.217s] Level 5:colcon.colcon_core.verb:set package 'robot_description' build argument 'catkin_skip_building_tests' from command line to 'False'
[0.217s] DEBUG:colcon.colcon_core.verb:Building package 'robot_description' with the following arguments: {'ament_cmake_args': None, 'build_base': '/home/nayr/auto_patrol_robot/autopatrol_ws/build/robot_description', 'catkin_cmake_args': None, 'catkin_skip_building_tests': False, 'cmake_args': None, 'cmake_clean_cache': False, 'cmake_clean_first': False, 'cmake_force_configure': False, 'cmake_target': None, 'cmake_target_skip_unavailable': False, 'install_base': '/home/nayr/auto_patrol_robot/autopatrol_ws/install/robot_description', 'merge_install': False, 'path': '/home/nayr/auto_patrol_robot/autopatrol_ws/src/robot_description', 'symlink_install': False, 'test_result_base': None}
[0.217s] Level 5:colcon.colcon_core.verb:set package 'robot_navigation2' build argument 'cmake_args' from command line to 'None'
[0.217s] Level 5:colcon.colcon_core.verb:set package 'robot_navigation2' build argument 'cmake_target' from command line to 'None'
[0.217s] Level 5:colcon.colcon_core.verb:set package 'robot_navigation2' build argument 'cmake_target_skip_unavailable' from command line to 'False'
[0.217s] Level 5:colcon.colcon_core.verb:set package 'robot_navigation2' build argument 'cmake_clean_cache' from command line to 'False'
[0.217s] Level 5:colcon.colcon_core.verb:set package 'robot_navigation2' build argument 'cmake_clean_first' from command line to 'False'
[0.217s] Level 5:colcon.colcon_core.verb:set package 'robot_navigation2' build argument 'cmake_force_configure' from command line to 'False'
[0.217s] Level 5:colcon.colcon_core.verb:set package 'robot_navigation2' build argument 'ament_cmake_args' from command line to 'None'
[0.217s] Level 5:colcon.colcon_core.verb:set package 'robot_navigation2' build argument 'catkin_cmake_args' from command line to 'None'
[0.217s] Level 5:colcon.colcon_core.verb:set package 'robot_navigation2' build argument 'catkin_skip_building_tests' from command line to 'False'
[0.217s] DEBUG:colcon.colcon_core.verb:Building package 'robot_navigation2' with the following arguments: {'ament_cmake_args': None, 'build_base': '/home/nayr/auto_patrol_robot/autopatrol_ws/build/robot_navigation2', 'catkin_cmake_args': None, 'catkin_skip_building_tests': False, 'cmake_args': None, 'cmake_clean_cache': False, 'cmake_clean_first': False, 'cmake_force_configure': False, 'cmake_target': None, 'cmake_target_skip_unavailable': False, 'install_base': '/home/nayr/auto_patrol_robot/autopatrol_ws/install/robot_navigation2', 'merge_install': False, 'path': '/home/nayr/auto_patrol_robot/autopatrol_ws/src/robot_navigation2', 'symlink_install': False, 'test_result_base': None}
[0.217s] INFO:colcon.colcon_core.executor:Executing jobs using 'parallel' executor
[0.218s] DEBUG:colcon.colcon_parallel_executor.executor.parallel:run_until_complete
[0.218s] INFO:colcon.colcon_ros.task.ament_cmake.build:Building ROS package in '/home/nayr/auto_patrol_robot/autopatrol_ws/src/autopatrol_interfaces' with build type 'ament_cmake'
[0.218s] INFO:colcon.colcon_cmake.task.cmake.build:Building CMake package in '/home/nayr/auto_patrol_robot/autopatrol_ws/src/autopatrol_interfaces'
[0.219s] INFO:colcon.colcon_core.plugin_system:Skipping extension 'colcon_core.shell.bat': Not used on non-Windows systems
[0.220s] INFO:colcon.colcon_core.shell:Skip shell extension 'powershell' for command environment: Not usable outside of PowerShell
[0.220s] DEBUG:colcon.colcon_core.shell:Skip shell extension 'dsv' for command environment
[0.222s] INFO:colcon.colcon_ros.task.ament_python.build:Building ROS package in '/home/nayr/auto_patrol_robot/autopatrol_ws/src/autopatrol_robot' with build type 'ament_python'
[0.222s] Level 1:colcon.colcon_core.shell:create_environment_hook('autopatrol_robot', 'ament_prefix_path')
[0.222s] INFO:colcon.colcon_core.shell:Creating environment hook '/home/nayr/auto_patrol_robot/autopatrol_ws/install/autopatrol_robot/share/autopatrol_robot/hook/ament_prefix_path.ps1'
[0.222s] INFO:colcon.colcon_core.shell:Creating environment descriptor '/home/nayr/auto_patrol_robot/autopatrol_ws/install/autopatrol_robot/share/autopatrol_robot/hook/ament_prefix_path.dsv'
[0.222s] INFO:colcon.colcon_core.shell:Creating environment hook '/home/nayr/auto_patrol_robot/autopatrol_ws/install/autopatrol_robot/share/autopatrol_robot/hook/ament_prefix_path.sh'
[0.223s] INFO:colcon.colcon_core.shell:Skip shell extension 'powershell' for command environment: Not usable outside of PowerShell
[0.223s] DEBUG:colcon.colcon_core.shell:Skip shell extension 'dsv' for command environment
[0.224s] INFO:colcon.colcon_ros.task.ament_cmake.build:Building ROS package in '/home/nayr/auto_patrol_robot/autopatrol_ws/src/robot_description' with build type 'ament_cmake'
[0.225s] INFO:colcon.colcon_cmake.task.cmake.build:Building CMake package in '/home/nayr/auto_patrol_robot/autopatrol_ws/src/robot_description'
[0.225s] INFO:colcon.colcon_core.shell:Skip shell extension 'powershell' for command environment: Not usable outside of PowerShell
[0.225s] DEBUG:colcon.colcon_core.shell:Skip shell extension 'dsv' for command environment
[0.227s] INFO:colcon.colcon_ros.task.ament_cmake.build:Building ROS package in '/home/nayr/auto_patrol_robot/autopatrol_ws/src/robot_navigation2' with build type 'ament_cmake'
[0.227s] INFO:colcon.colcon_cmake.task.cmake.build:Building CMake package in '/home/nayr/auto_patrol_robot/autopatrol_ws/src/robot_navigation2'
[0.227s] INFO:colcon.colcon_core.shell:Skip shell extension 'powershell' for command environment: Not usable outside of PowerShell
[0.227s] DEBUG:colcon.colcon_core.shell:Skip shell extension 'dsv' for command environment
[0.232s] DEBUG:colcon.colcon_core.event_handler.log_command:Invoking command in '/home/nayr/auto_patrol_robot/autopatrol_ws/build/autopatrol_interfaces': CMAKE_PREFIX_PATH=${CMAKE_PREFIX_PATH}:/home/nayr/FishRos/ch7/ch7_ws/install/fishbot_application:/home/nayr/FishRos/ch7/ch7_ws/install/autopatrol_robot:/opt/ros/humble /usr/bin/cmake /home/nayr/auto_patrol_robot/autopatrol_ws/src/autopatrol_interfaces -DCMAKE_INSTALL_PREFIX=/home/nayr/auto_patrol_robot/autopatrol_ws/install/autopatrol_interfaces
[0.379s] INFO:colcon.colcon_core.task.python.build:Building Python package in '/home/nayr/auto_patrol_robot/autopatrol_ws/src/autopatrol_robot'
[0.379s] INFO:colcon.colcon_core.shell:Skip shell extension 'powershell' for command environment: Not usable outside of PowerShell
[0.379s] DEBUG:colcon.colcon_core.shell:Skip shell extension 'dsv' for command environment
[0.382s] DEBUG:colcon.colcon_core.event_handler.log_command:Invoking command in '/home/nayr/auto_patrol_robot/autopatrol_ws/build/robot_description': CMAKE_PREFIX_PATH=${CMAKE_PREFIX_PATH}:/home/nayr/FishRos/ch7/ch7_ws/install/fishbot_application:/home/nayr/FishRos/ch7/ch7_ws/install/autopatrol_robot:/opt/ros/humble /usr/bin/cmake /home/nayr/auto_patrol_robot/autopatrol_ws/src/robot_description -DCMAKE_INSTALL_PREFIX=/home/nayr/auto_patrol_robot/autopatrol_ws/install/robot_description
[0.385s] DEBUG:colcon.colcon_core.event_handler.log_command:Invoking command in '/home/nayr/auto_patrol_robot/autopatrol_ws/build/robot_navigation2': CMAKE_PREFIX_PATH=${CMAKE_PREFIX_PATH}:/home/nayr/FishRos/ch7/ch7_ws/install/fishbot_application:/home/nayr/FishRos/ch7/ch7_ws/install/autopatrol_robot:/opt/ros/humble /usr/bin/cmake /home/nayr/auto_patrol_robot/autopatrol_ws/src/robot_navigation2 -DCMAKE_INSTALL_PREFIX=/home/nayr/auto_patrol_robot/autopatrol_ws/install/robot_navigation2
[0.607s] DEBUG:colcon.colcon_core.event_handler.log_command:Invoking command in '/home/nayr/auto_patrol_robot/autopatrol_ws/src/autopatrol_robot': PYTHONPATH=/home/nayr/auto_patrol_robot/autopatrol_ws/build/autopatrol_robot/prefix_override:/usr/lib/python3/dist-packages/colcon_core/task/python/colcon_distutils_commands:/home/nayr/auto_patrol_robot/autopatrol_ws/install/autopatrol_robot/lib/python3.10/site-packages:${PYTHONPATH} /usr/bin/python3 -W ignore:setup.py install is deprecated -W ignore:easy_install command is deprecated setup.py egg_info --egg-base ../../build/autopatrol_robot build --build-base /home/nayr/auto_patrol_robot/autopatrol_ws/build/autopatrol_robot/build install --record /home/nayr/auto_patrol_robot/autopatrol_ws/build/autopatrol_robot/install.log --single-version-externally-managed install_data
[0.789s] DEBUG:colcon.colcon_core.event_handler.log_command:Invoked command in '/home/nayr/auto_patrol_robot/autopatrol_ws/src/autopatrol_robot' returned '0': PYTHONPATH=/home/nayr/auto_patrol_robot/autopatrol_ws/build/autopatrol_robot/prefix_override:/usr/lib/python3/dist-packages/colcon_core/task/python/colcon_distutils_commands:/home/nayr/auto_patrol_robot/autopatrol_ws/install/autopatrol_robot/lib/python3.10/site-packages:${PYTHONPATH} /usr/bin/python3 -W ignore:setup.py install is deprecated -W ignore:easy_install command is deprecated setup.py egg_info --egg-base ../../build/autopatrol_robot build --build-base /home/nayr/auto_patrol_robot/autopatrol_ws/build/autopatrol_robot/build install --record /home/nayr/auto_patrol_robot/autopatrol_ws/build/autopatrol_robot/install.log --single-version-externally-managed install_data
[0.790s] Level 1:colcon.colcon_core.environment:checking '/home/nayr/auto_patrol_robot/autopatrol_ws/install/autopatrol_robot' for CMake module files
[0.790s] Level 1:colcon.colcon_core.environment:checking '/home/nayr/auto_patrol_robot/autopatrol_ws/install/autopatrol_robot' for CMake config files
[0.791s] Level 1:colcon.colcon_core.environment:checking '/home/nayr/auto_patrol_robot/autopatrol_ws/install/autopatrol_robot/lib'
[0.791s] Level 1:colcon.colcon_core.environment:checking '/home/nayr/auto_patrol_robot/autopatrol_ws/install/autopatrol_robot/bin'
[0.791s] Level 1:colcon.colcon_core.environment:checking '/home/nayr/auto_patrol_robot/autopatrol_ws/install/autopatrol_robot/lib/pkgconfig/autopatrol_robot.pc'
[0.791s] Level 1:colcon.colcon_core.environment:checking '/home/nayr/auto_patrol_robot/autopatrol_ws/install/autopatrol_robot/lib/python3.10/site-packages'
[0.791s] Level 1:colcon.colcon_core.shell:create_environment_hook('autopatrol_robot', 'pythonpath')
[0.791s] INFO:colcon.colcon_core.shell:Creating environment hook '/home/nayr/auto_patrol_robot/autopatrol_ws/install/autopatrol_robot/share/autopatrol_robot/hook/pythonpath.ps1'
[0.792s] INFO:colcon.colcon_core.shell:Creating environment descriptor '/home/nayr/auto_patrol_robot/autopatrol_ws/install/autopatrol_robot/share/autopatrol_robot/hook/pythonpath.dsv'
[0.792s] INFO:colcon.colcon_core.shell:Creating environment hook '/home/nayr/auto_patrol_robot/autopatrol_ws/install/autopatrol_robot/share/autopatrol_robot/hook/pythonpath.sh'
[0.792s] Level 1:colcon.colcon_core.environment:checking '/home/nayr/auto_patrol_robot/autopatrol_ws/install/autopatrol_robot/bin'
[0.792s] Level 1:colcon.colcon_core.environment:create_environment_scripts_only(autopatrol_robot)
[0.792s] INFO:colcon.colcon_core.shell:Creating package script '/home/nayr/auto_patrol_robot/autopatrol_ws/install/autopatrol_robot/share/autopatrol_robot/package.ps1'
[0.793s] INFO:colcon.colcon_core.shell:Creating package descriptor '/home/nayr/auto_patrol_robot/autopatrol_ws/install/autopatrol_robot/share/autopatrol_robot/package.dsv'
[0.793s] INFO:colcon.colcon_core.shell:Creating package script '/home/nayr/auto_patrol_robot/autopatrol_ws/install/autopatrol_robot/share/autopatrol_robot/package.sh'
[0.794s] INFO:colcon.colcon_core.shell:Creating package script '/home/nayr/auto_patrol_robot/autopatrol_ws/install/autopatrol_robot/share/autopatrol_robot/package.bash'
[0.794s] INFO:colcon.colcon_core.shell:Creating package script '/home/nayr/auto_patrol_robot/autopatrol_ws/install/autopatrol_robot/share/autopatrol_robot/package.zsh'
[0.794s] Level 1:colcon.colcon_core.environment:create_file_with_runtime_dependencies(/home/nayr/auto_patrol_robot/autopatrol_ws/install/autopatrol_robot/share/colcon-core/packages/autopatrol_robot)
[3.406s] DEBUG:colcon.colcon_core.event_handler.log_command:Invoked command in '/home/nayr/auto_patrol_robot/autopatrol_ws/build/robot_description' returned '0': CMAKE_PREFIX_PATH=${CMAKE_PREFIX_PATH}:/home/nayr/FishRos/ch7/ch7_ws/install/fishbot_application:/home/nayr/FishRos/ch7/ch7_ws/install/autopatrol_robot:/opt/ros/humble /usr/bin/cmake /home/nayr/auto_patrol_robot/autopatrol_ws/src/robot_description -DCMAKE_INSTALL_PREFIX=/home/nayr/auto_patrol_robot/autopatrol_ws/install/robot_description
[3.407s] DEBUG:colcon.colcon_core.event_handler.log_command:Invoking command in '/home/nayr/auto_patrol_robot/autopatrol_ws/build/robot_description': CMAKE_PREFIX_PATH=${CMAKE_PREFIX_PATH}:/home/nayr/FishRos/ch7/ch7_ws/install/fishbot_application:/home/nayr/FishRos/ch7/ch7_ws/install/autopatrol_robot:/opt/ros/humble /usr/bin/cmake --build /home/nayr/auto_patrol_robot/autopatrol_ws/build/robot_description -- -j16 -l16
[3.407s] DEBUG:colcon.colcon_core.event_handler.log_command:Invoked command in '/home/nayr/auto_patrol_robot/autopatrol_ws/build/robot_navigation2' returned '0': CMAKE_PREFIX_PATH=${CMAKE_PREFIX_PATH}:/home/nayr/FishRos/ch7/ch7_ws/install/fishbot_application:/home/nayr/FishRos/ch7/ch7_ws/install/autopatrol_robot:/opt/ros/humble /usr/bin/cmake /home/nayr/auto_patrol_robot/autopatrol_ws/src/robot_navigation2 -DCMAKE_INSTALL_PREFIX=/home/nayr/auto_patrol_robot/autopatrol_ws/install/robot_navigation2
[3.409s] DEBUG:colcon.colcon_core.event_handler.log_command:Invoking command in '/home/nayr/auto_patrol_robot/autopatrol_ws/build/robot_navigation2': CMAKE_PREFIX_PATH=${CMAKE_PREFIX_PATH}:/home/nayr/FishRos/ch7/ch7_ws/install/fishbot_application:/home/nayr/FishRos/ch7/ch7_ws/install/autopatrol_robot:/opt/ros/humble /usr/bin/cmake --build /home/nayr/auto_patrol_robot/autopatrol_ws/build/robot_navigation2 -- -j16 -l16
[3.443s] DEBUG:colcon.colcon_core.event_handler.log_command:Invoked command in '/home/nayr/auto_patrol_robot/autopatrol_ws/build/robot_description' returned '0': CMAKE_PREFIX_PATH=${CMAKE_PREFIX_PATH}:/home/nayr/FishRos/ch7/ch7_ws/install/fishbot_application:/home/nayr/FishRos/ch7/ch7_ws/install/autopatrol_robot:/opt/ros/humble /usr/bin/cmake --build /home/nayr/auto_patrol_robot/autopatrol_ws/build/robot_description -- -j16 -l16
[3.450s] DEBUG:colcon.colcon_core.event_handler.log_command:Invoking command in '/home/nayr/auto_patrol_robot/autopatrol_ws/build/robot_description': CMAKE_PREFIX_PATH=${CMAKE_PREFIX_PATH}:/home/nayr/FishRos/ch7/ch7_ws/install/fishbot_application:/home/nayr/FishRos/ch7/ch7_ws/install/autopatrol_robot:/opt/ros/humble /usr/bin/cmake --install /home/nayr/auto_patrol_robot/autopatrol_ws/build/robot_description
[3.451s] DEBUG:colcon.colcon_core.event_handler.log_command:Invoked command in '/home/nayr/auto_patrol_robot/autopatrol_ws/build/robot_navigation2' returned '0': CMAKE_PREFIX_PATH=${CMAKE_PREFIX_PATH}:/home/nayr/FishRos/ch7/ch7_ws/install/fishbot_application:/home/nayr/FishRos/ch7/ch7_ws/install/autopatrol_robot:/opt/ros/humble /usr/bin/cmake --build /home/nayr/auto_patrol_robot/autopatrol_ws/build/robot_navigation2 -- -j16 -l16
[3.451s] DEBUG:colcon.colcon_core.event_handler.log_command:Invoking command in '/home/nayr/auto_patrol_robot/autopatrol_ws/build/robot_navigation2': CMAKE_PREFIX_PATH=${CMAKE_PREFIX_PATH}:/home/nayr/FishRos/ch7/ch7_ws/install/fishbot_application:/home/nayr/FishRos/ch7/ch7_ws/install/autopatrol_robot:/opt/ros/humble /usr/bin/cmake --install /home/nayr/auto_patrol_robot/autopatrol_ws/build/robot_navigation2
[3.459s] Level 1:colcon.colcon_core.environment:create_environment_scripts_only(robot_description)
[3.459s] Level 1:colcon.colcon_core.environment:checking '/home/nayr/auto_patrol_robot/autopatrol_ws/install/robot_description' for CMake module files
[3.459s] DEBUG:colcon.colcon_core.event_handler.log_command:Invoked command in '/home/nayr/auto_patrol_robot/autopatrol_ws/build/robot_description' returned '0': CMAKE_PREFIX_PATH=${CMAKE_PREFIX_PATH}:/home/nayr/FishRos/ch7/ch7_ws/install/fishbot_application:/home/nayr/FishRos/ch7/ch7_ws/install/autopatrol_robot:/opt/ros/humble /usr/bin/cmake --install /home/nayr/auto_patrol_robot/autopatrol_ws/build/robot_description
[3.459s] Level 1:colcon.colcon_core.environment:checking '/home/nayr/auto_patrol_robot/autopatrol_ws/install/robot_description' for CMake config files
[3.460s] Level 1:colcon.colcon_core.shell:create_environment_hook('robot_description', 'cmake_prefix_path')
[3.460s] INFO:colcon.colcon_core.shell:Creating environment hook '/home/nayr/auto_patrol_robot/autopatrol_ws/install/robot_description/share/robot_description/hook/cmake_prefix_path.ps1'
[3.460s] INFO:colcon.colcon_core.shell:Creating environment descriptor '/home/nayr/auto_patrol_robot/autopatrol_ws/install/robot_description/share/robot_description/hook/cmake_prefix_path.dsv'
[3.460s] INFO:colcon.colcon_core.shell:Creating environment hook '/home/nayr/auto_patrol_robot/autopatrol_ws/install/robot_description/share/robot_description/hook/cmake_prefix_path.sh'
[3.460s] Level 1:colcon.colcon_core.environment:checking '/home/nayr/auto_patrol_robot/autopatrol_ws/install/robot_description/bin'
[3.461s] Level 1:colcon.colcon_core.environment:checking '/home/nayr/auto_patrol_robot/autopatrol_ws/install/robot_description/lib/pkgconfig/robot_description.pc'
[3.461s] Level 1:colcon.colcon_core.environment:checking '/home/nayr/auto_patrol_robot/autopatrol_ws/install/robot_description/lib/python3.10/site-packages'
[3.461s] Level 1:colcon.colcon_core.environment:checking '/home/nayr/auto_patrol_robot/autopatrol_ws/install/robot_description/bin'
[3.461s] INFO:colcon.colcon_core.shell:Creating package script '/home/nayr/auto_patrol_robot/autopatrol_ws/install/robot_description/share/robot_description/package.ps1'
[3.461s] INFO:colcon.colcon_core.shell:Creating package descriptor '/home/nayr/auto_patrol_robot/autopatrol_ws/install/robot_description/share/robot_description/package.dsv'
[3.462s] INFO:colcon.colcon_core.shell:Creating package script '/home/nayr/auto_patrol_robot/autopatrol_ws/install/robot_description/share/robot_description/package.sh'
[3.462s] INFO:colcon.colcon_core.shell:Creating package script '/home/nayr/auto_patrol_robot/autopatrol_ws/install/robot_description/share/robot_description/package.bash'
[3.462s] INFO:colcon.colcon_core.shell:Creating package script '/home/nayr/auto_patrol_robot/autopatrol_ws/install/robot_description/share/robot_description/package.zsh'
[3.462s] Level 1:colcon.colcon_core.environment:create_file_with_runtime_dependencies(/home/nayr/auto_patrol_robot/autopatrol_ws/install/robot_description/share/colcon-core/packages/robot_description)
[3.462s] Level 1:colcon.colcon_core.environment:create_environment_scripts_only(robot_description)
[3.463s] Level 1:colcon.colcon_core.environment:checking '/home/nayr/auto_patrol_robot/autopatrol_ws/install/robot_description' for CMake module files
[3.463s] Level 1:colcon.colcon_core.environment:checking '/home/nayr/auto_patrol_robot/autopatrol_ws/install/robot_description' for CMake config files
[3.463s] Level 1:colcon.colcon_core.shell:create_environment_hook('robot_description', 'cmake_prefix_path')
[3.463s] INFO:colcon.colcon_core.shell:Creating environment hook '/home/nayr/auto_patrol_robot/autopatrol_ws/install/robot_description/share/robot_description/hook/cmake_prefix_path.ps1'
[3.463s] INFO:colcon.colcon_core.shell:Creating environment descriptor '/home/nayr/auto_patrol_robot/autopatrol_ws/install/robot_description/share/robot_description/hook/cmake_prefix_path.dsv'
[3.464s] INFO:colcon.colcon_core.shell:Creating environment hook '/home/nayr/auto_patrol_robot/autopatrol_ws/install/robot_description/share/robot_description/hook/cmake_prefix_path.sh'
[3.464s] Level 1:colcon.colcon_core.environment:checking '/home/nayr/auto_patrol_robot/autopatrol_ws/install/robot_description/bin'
[3.464s] Level 1:colcon.colcon_core.environment:checking '/home/nayr/auto_patrol_robot/autopatrol_ws/install/robot_description/lib/pkgconfig/robot_description.pc'
[3.464s] Level 1:colcon.colcon_core.environment:checking '/home/nayr/auto_patrol_robot/autopatrol_ws/install/robot_description/lib/python3.10/site-packages'
[3.464s] Level 1:colcon.colcon_core.environment:checking '/home/nayr/auto_patrol_robot/autopatrol_ws/install/robot_description/bin'
[3.464s] INFO:colcon.colcon_core.shell:Creating package script '/home/nayr/auto_patrol_robot/autopatrol_ws/install/robot_description/share/robot_description/package.ps1'
[3.465s] INFO:colcon.colcon_core.shell:Creating package descriptor '/home/nayr/auto_patrol_robot/autopatrol_ws/install/robot_description/share/robot_description/package.dsv'
[3.465s] INFO:colcon.colcon_core.shell:Creating package script '/home/nayr/auto_patrol_robot/autopatrol_ws/install/robot_description/share/robot_description/package.sh'
[3.465s] INFO:colcon.colcon_core.shell:Creating package script '/home/nayr/auto_patrol_robot/autopatrol_ws/install/robot_description/share/robot_description/package.bash'
[3.465s] INFO:colcon.colcon_core.shell:Creating package script '/home/nayr/auto_patrol_robot/autopatrol_ws/install/robot_description/share/robot_description/package.zsh'
[3.466s] Level 1:colcon.colcon_core.environment:create_file_with_runtime_dependencies(/home/nayr/auto_patrol_robot/autopatrol_ws/install/robot_description/share/colcon-core/packages/robot_description)
[3.466s] Level 1:colcon.colcon_core.environment:create_environment_scripts_only(robot_navigation2)
[3.466s] Level 1:colcon.colcon_core.environment:checking '/home/nayr/auto_patrol_robot/autopatrol_ws/install/robot_navigation2' for CMake module files
[3.466s] Level 1:colcon.colcon_core.environment:checking '/home/nayr/auto_patrol_robot/autopatrol_ws/install/robot_navigation2' for CMake config files
[3.467s] DEBUG:colcon.colcon_core.event_handler.log_command:Invoked command in '/home/nayr/auto_patrol_robot/autopatrol_ws/build/robot_navigation2' returned '0': CMAKE_PREFIX_PATH=${CMAKE_PREFIX_PATH}:/home/nayr/FishRos/ch7/ch7_ws/install/fishbot_application:/home/nayr/FishRos/ch7/ch7_ws/install/autopatrol_robot:/opt/ros/humble /usr/bin/cmake --install /home/nayr/auto_patrol_robot/autopatrol_ws/build/robot_navigation2
[3.467s] Level 1:colcon.colcon_core.shell:create_environment_hook('robot_navigation2', 'cmake_prefix_path')
[3.467s] INFO:colcon.colcon_core.shell:Creating environment hook '/home/nayr/auto_patrol_robot/autopatrol_ws/install/robot_navigation2/share/robot_navigation2/hook/cmake_prefix_path.ps1'
[3.467s] INFO:colcon.colcon_core.shell:Creating environment descriptor '/home/nayr/auto_patrol_robot/autopatrol_ws/install/robot_navigation2/share/robot_navigation2/hook/cmake_prefix_path.dsv'
[3.467s] INFO:colcon.colcon_core.shell:Creating environment hook '/home/nayr/auto_patrol_robot/autopatrol_ws/install/robot_navigation2/share/robot_navigation2/hook/cmake_prefix_path.sh'
[3.467s] Level 1:colcon.colcon_core.environment:checking '/home/nayr/auto_patrol_robot/autopatrol_ws/install/robot_navigation2/bin'
[3.467s] Level 1:colcon.colcon_core.environment:checking '/home/nayr/auto_patrol_robot/autopatrol_ws/install/robot_navigation2/lib/pkgconfig/robot_navigation2.pc'
[3.468s] Level 1:colcon.colcon_core.environment:checking '/home/nayr/auto_patrol_robot/autopatrol_ws/install/robot_navigation2/lib/python3.10/site-packages'
[3.468s] Level 1:colcon.colcon_core.environment:checking '/home/nayr/auto_patrol_robot/autopatrol_ws/install/robot_navigation2/bin'
[3.468s] INFO:colcon.colcon_core.shell:Creating package script '/home/nayr/auto_patrol_robot/autopatrol_ws/install/robot_navigation2/share/robot_navigation2/package.ps1'
[3.468s] INFO:colcon.colcon_core.shell:Creating package descriptor '/home/nayr/auto_patrol_robot/autopatrol_ws/install/robot_navigation2/share/robot_navigation2/package.dsv'
[3.468s] INFO:colcon.colcon_core.shell:Creating package script '/home/nayr/auto_patrol_robot/autopatrol_ws/install/robot_navigation2/share/robot_navigation2/package.sh'
[3.469s] INFO:colcon.colcon_core.shell:Creating package script '/home/nayr/auto_patrol_robot/autopatrol_ws/install/robot_navigation2/share/robot_navigation2/package.bash'
[3.469s] INFO:colcon.colcon_core.shell:Creating package script '/home/nayr/auto_patrol_robot/autopatrol_ws/install/robot_navigation2/share/robot_navigation2/package.zsh'
[3.469s] Level 1:colcon.colcon_core.environment:create_file_with_runtime_dependencies(/home/nayr/auto_patrol_robot/autopatrol_ws/install/robot_navigation2/share/colcon-core/packages/robot_navigation2)
[3.469s] Level 1:colcon.colcon_core.environment:create_environment_scripts_only(robot_navigation2)
[3.469s] Level 1:colcon.colcon_core.environment:checking '/home/nayr/auto_patrol_robot/autopatrol_ws/install/robot_navigation2' for CMake module files
[3.469s] Level 1:colcon.colcon_core.environment:checking '/home/nayr/auto_patrol_robot/autopatrol_ws/install/robot_navigation2' for CMake config files
[3.470s] Level 1:colcon.colcon_core.shell:create_environment_hook('robot_navigation2', 'cmake_prefix_path')
[3.470s] INFO:colcon.colcon_core.shell:Creating environment hook '/home/nayr/auto_patrol_robot/autopatrol_ws/install/robot_navigation2/share/robot_navigation2/hook/cmake_prefix_path.ps1'
[3.470s] INFO:colcon.colcon_core.shell:Creating environment descriptor '/home/nayr/auto_patrol_robot/autopatrol_ws/install/robot_navigation2/share/robot_navigation2/hook/cmake_prefix_path.dsv'
[3.470s] INFO:colcon.colcon_core.shell:Creating environment hook '/home/nayr/auto_patrol_robot/autopatrol_ws/install/robot_navigation2/share/robot_navigation2/hook/cmake_prefix_path.sh'
[3.470s] Level 1:colcon.colcon_core.environment:checking '/home/nayr/auto_patrol_robot/autopatrol_ws/install/robot_navigation2/bin'
[3.470s] Level 1:colcon.colcon_core.environment:checking '/home/nayr/auto_patrol_robot/autopatrol_ws/install/robot_navigation2/lib/pkgconfig/robot_navigation2.pc'
[3.470s] Level 1:colcon.colcon_core.environment:checking '/home/nayr/auto_patrol_robot/autopatrol_ws/install/robot_navigation2/lib/python3.10/site-packages'
[3.471s] Level 1:colcon.colcon_core.environment:checking '/home/nayr/auto_patrol_robot/autopatrol_ws/install/robot_navigation2/bin'
[3.471s] INFO:colcon.colcon_core.shell:Creating package script '/home/nayr/auto_patrol_robot/autopatrol_ws/install/robot_navigation2/share/robot_navigation2/package.ps1'
[3.471s] INFO:colcon.colcon_core.shell:Creating package descriptor '/home/nayr/auto_patrol_robot/autopatrol_ws/install/robot_navigation2/share/robot_navigation2/package.dsv'
[3.471s] INFO:colcon.colcon_core.shell:Creating package script '/home/nayr/auto_patrol_robot/autopatrol_ws/install/robot_navigation2/share/robot_navigation2/package.sh'
[3.472s] INFO:colcon.colcon_core.shell:Creating package script '/home/nayr/auto_patrol_robot/autopatrol_ws/install/robot_navigation2/share/robot_navigation2/package.bash'
[3.472s] INFO:colcon.colcon_core.shell:Creating package script '/home/nayr/auto_patrol_robot/autopatrol_ws/install/robot_navigation2/share/robot_navigation2/package.zsh'
[3.472s] Level 1:colcon.colcon_core.environment:create_file_with_runtime_dependencies(/home/nayr/auto_patrol_robot/autopatrol_ws/install/robot_navigation2/share/colcon-core/packages/robot_navigation2)
[5.072s] DEBUG:colcon.colcon_core.event_handler.log_command:Invoked command in '/home/nayr/auto_patrol_robot/autopatrol_ws/build/autopatrol_interfaces' returned '0': CMAKE_PREFIX_PATH=${CMAKE_PREFIX_PATH}:/home/nayr/FishRos/ch7/ch7_ws/install/fishbot_application:/home/nayr/FishRos/ch7/ch7_ws/install/autopatrol_robot:/opt/ros/humble /usr/bin/cmake /home/nayr/auto_patrol_robot/autopatrol_ws/src/autopatrol_interfaces -DCMAKE_INSTALL_PREFIX=/home/nayr/auto_patrol_robot/autopatrol_ws/install/autopatrol_interfaces
[5.073s] DEBUG:colcon.colcon_core.event_handler.log_command:Invoking command in '/home/nayr/auto_patrol_robot/autopatrol_ws/build/autopatrol_interfaces': CMAKE_PREFIX_PATH=${CMAKE_PREFIX_PATH}:/home/nayr/FishRos/ch7/ch7_ws/install/fishbot_application:/home/nayr/FishRos/ch7/ch7_ws/install/autopatrol_robot:/opt/ros/humble /usr/bin/cmake --build /home/nayr/auto_patrol_robot/autopatrol_ws/build/autopatrol_interfaces -- -j16 -l16
[9.168s] DEBUG:colcon.colcon_core.event_handler.log_command:Invoked command in '/home/nayr/auto_patrol_robot/autopatrol_ws/build/autopatrol_interfaces' returned '0': CMAKE_PREFIX_PATH=${CMAKE_PREFIX_PATH}:/home/nayr/FishRos/ch7/ch7_ws/install/fishbot_application:/home/nayr/FishRos/ch7/ch7_ws/install/autopatrol_robot:/opt/ros/humble /usr/bin/cmake --build /home/nayr/auto_patrol_robot/autopatrol_ws/build/autopatrol_interfaces -- -j16 -l16
[9.169s] DEBUG:colcon.colcon_core.event_handler.log_command:Invoking command in '/home/nayr/auto_patrol_robot/autopatrol_ws/build/autopatrol_interfaces': CMAKE_PREFIX_PATH=${CMAKE_PREFIX_PATH}:/home/nayr/FishRos/ch7/ch7_ws/install/fishbot_application:/home/nayr/FishRos/ch7/ch7_ws/install/autopatrol_robot:/opt/ros/humble /usr/bin/cmake --install /home/nayr/auto_patrol_robot/autopatrol_ws/build/autopatrol_interfaces
[9.214s] Level 1:colcon.colcon_core.environment:create_environment_scripts_only(autopatrol_interfaces)
[9.214s] DEBUG:colcon.colcon_core.event_handler.log_command:Invoked command in '/home/nayr/auto_patrol_robot/autopatrol_ws/build/autopatrol_interfaces' returned '0': CMAKE_PREFIX_PATH=${CMAKE_PREFIX_PATH}:/home/nayr/FishRos/ch7/ch7_ws/install/fishbot_application:/home/nayr/FishRos/ch7/ch7_ws/install/autopatrol_robot:/opt/ros/humble /usr/bin/cmake --install /home/nayr/auto_patrol_robot/autopatrol_ws/build/autopatrol_interfaces
[9.214s] Level 1:colcon.colcon_core.environment:checking '/home/nayr/auto_patrol_robot/autopatrol_ws/install/autopatrol_interfaces' for CMake module files
[9.215s] Level 1:colcon.colcon_core.environment:checking '/home/nayr/auto_patrol_robot/autopatrol_ws/install/autopatrol_interfaces' for CMake config files
[9.215s] Level 1:colcon.colcon_core.shell:create_environment_hook('autopatrol_interfaces', 'cmake_prefix_path')
[9.215s] INFO:colcon.colcon_core.shell:Creating environment hook '/home/nayr/auto_patrol_robot/autopatrol_ws/install/autopatrol_interfaces/share/autopatrol_interfaces/hook/cmake_prefix_path.ps1'
[9.215s] INFO:colcon.colcon_core.shell:Creating environment descriptor '/home/nayr/auto_patrol_robot/autopatrol_ws/install/autopatrol_interfaces/share/autopatrol_interfaces/hook/cmake_prefix_path.dsv'
[9.215s] INFO:colcon.colcon_core.shell:Creating environment hook '/home/nayr/auto_patrol_robot/autopatrol_ws/install/autopatrol_interfaces/share/autopatrol_interfaces/hook/cmake_prefix_path.sh'
[9.216s] Level 1:colcon.colcon_core.environment:checking '/home/nayr/auto_patrol_robot/autopatrol_ws/install/autopatrol_interfaces/lib'
[9.216s] Level 1:colcon.colcon_core.shell:create_environment_hook('autopatrol_interfaces', 'ld_library_path_lib')
[9.216s] INFO:colcon.colcon_core.shell:Creating environment hook '/home/nayr/auto_patrol_robot/autopatrol_ws/install/autopatrol_interfaces/share/autopatrol_interfaces/hook/ld_library_path_lib.ps1'
[9.216s] INFO:colcon.colcon_core.shell:Creating environment descriptor '/home/nayr/auto_patrol_robot/autopatrol_ws/install/autopatrol_interfaces/share/autopatrol_interfaces/hook/ld_library_path_lib.dsv'
[9.216s] INFO:colcon.colcon_core.shell:Creating environment hook '/home/nayr/auto_patrol_robot/autopatrol_ws/install/autopatrol_interfaces/share/autopatrol_interfaces/hook/ld_library_path_lib.sh'
[9.216s] Level 1:colcon.colcon_core.environment:checking '/home/nayr/auto_patrol_robot/autopatrol_ws/install/autopatrol_interfaces/bin'
[9.216s] Level 1:colcon.colcon_core.environment:checking '/home/nayr/auto_patrol_robot/autopatrol_ws/install/autopatrol_interfaces/lib/pkgconfig/autopatrol_interfaces.pc'
[9.217s] Level 1:colcon.colcon_core.environment:checking '/home/nayr/auto_patrol_robot/autopatrol_ws/install/autopatrol_interfaces/lib/python3.10/site-packages'
[9.217s] Level 1:colcon.colcon_core.environment:checking '/home/nayr/auto_patrol_robot/autopatrol_ws/install/autopatrol_interfaces/bin'
[9.217s] INFO:colcon.colcon_core.shell:Creating package script '/home/nayr/auto_patrol_robot/autopatrol_ws/install/autopatrol_interfaces/share/autopatrol_interfaces/package.ps1'
[9.217s] INFO:colcon.colcon_core.shell:Creating package descriptor '/home/nayr/auto_patrol_robot/autopatrol_ws/install/autopatrol_interfaces/share/autopatrol_interfaces/package.dsv'
[9.217s] INFO:colcon.colcon_core.shell:Creating package script '/home/nayr/auto_patrol_robot/autopatrol_ws/install/autopatrol_interfaces/share/autopatrol_interfaces/package.sh'
[9.218s] INFO:colcon.colcon_core.shell:Creating package script '/home/nayr/auto_patrol_robot/autopatrol_ws/install/autopatrol_interfaces/share/autopatrol_interfaces/package.bash'
[9.218s] INFO:colcon.colcon_core.shell:Creating package script '/home/nayr/auto_patrol_robot/autopatrol_ws/install/autopatrol_interfaces/share/autopatrol_interfaces/package.zsh'
[9.218s] Level 1:colcon.colcon_core.environment:create_file_with_runtime_dependencies(/home/nayr/auto_patrol_robot/autopatrol_ws/install/autopatrol_interfaces/share/colcon-core/packages/autopatrol_interfaces)
[9.218s] Level 1:colcon.colcon_core.environment:create_environment_scripts_only(autopatrol_interfaces)
[9.218s] Level 1:colcon.colcon_core.environment:checking '/home/nayr/auto_patrol_robot/autopatrol_ws/install/autopatrol_interfaces' for CMake module files
[9.219s] Level 1:colcon.colcon_core.environment:checking '/home/nayr/auto_patrol_robot/autopatrol_ws/install/autopatrol_interfaces' for CMake config files
[9.219s] Level 1:colcon.colcon_core.shell:create_environment_hook('autopatrol_interfaces', 'cmake_prefix_path')
[9.219s] INFO:colcon.colcon_core.shell:Creating environment hook '/home/nayr/auto_patrol_robot/autopatrol_ws/install/autopatrol_interfaces/share/autopatrol_interfaces/hook/cmake_prefix_path.ps1'
[9.219s] INFO:colcon.colcon_core.shell:Creating environment descriptor '/home/nayr/auto_patrol_robot/autopatrol_ws/install/autopatrol_interfaces/share/autopatrol_interfaces/hook/cmake_prefix_path.dsv'
[9.219s] INFO:colcon.colcon_core.shell:Creating environment hook '/home/nayr/auto_patrol_robot/autopatrol_ws/install/autopatrol_interfaces/share/autopatrol_interfaces/hook/cmake_prefix_path.sh'
[9.220s] Level 1:colcon.colcon_core.environment:checking '/home/nayr/auto_patrol_robot/autopatrol_ws/install/autopatrol_interfaces/lib'
[9.220s] Level 1:colcon.colcon_core.shell:create_environment_hook('autopatrol_interfaces', 'ld_library_path_lib')
[9.220s] INFO:colcon.colcon_core.shell:Creating environment hook '/home/nayr/auto_patrol_robot/autopatrol_ws/install/autopatrol_interfaces/share/autopatrol_interfaces/hook/ld_library_path_lib.ps1'
[9.220s] INFO:colcon.colcon_core.shell:Creating environment descriptor '/home/nayr/auto_patrol_robot/autopatrol_ws/install/autopatrol_interfaces/share/autopatrol_interfaces/hook/ld_library_path_lib.dsv'
[9.220s] INFO:colcon.colcon_core.shell:Creating environment hook '/home/nayr/auto_patrol_robot/autopatrol_ws/install/autopatrol_interfaces/share/autopatrol_interfaces/hook/ld_library_path_lib.sh'
[9.220s] Level 1:colcon.colcon_core.environment:checking '/home/nayr/auto_patrol_robot/autopatrol_ws/install/autopatrol_interfaces/bin'
[9.220s] Level 1:colcon.colcon_core.environment:checking '/home/nayr/auto_patrol_robot/autopatrol_ws/install/autopatrol_interfaces/lib/pkgconfig/autopatrol_interfaces.pc'
[9.221s] Level 1:colcon.colcon_core.environment:checking '/home/nayr/auto_patrol_robot/autopatrol_ws/install/autopatrol_interfaces/lib/python3.10/site-packages'
[9.221s] Level 1:colcon.colcon_core.environment:checking '/home/nayr/auto_patrol_robot/autopatrol_ws/install/autopatrol_interfaces/bin'
[9.221s] INFO:colcon.colcon_core.shell:Creating package script '/home/nayr/auto_patrol_robot/autopatrol_ws/install/autopatrol_interfaces/share/autopatrol_interfaces/package.ps1'
[9.221s] INFO:colcon.colcon_core.shell:Creating package descriptor '/home/nayr/auto_patrol_robot/autopatrol_ws/install/autopatrol_interfaces/share/autopatrol_interfaces/package.dsv'
[9.222s] INFO:colcon.colcon_core.shell:Creating package script '/home/nayr/auto_patrol_robot/autopatrol_ws/install/autopatrol_interfaces/share/autopatrol_interfaces/package.sh'
[9.222s] INFO:colcon.colcon_core.shell:Creating package script '/home/nayr/auto_patrol_robot/autopatrol_ws/install/autopatrol_interfaces/share/autopatrol_interfaces/package.bash'
[9.222s] INFO:colcon.colcon_core.shell:Creating package script '/home/nayr/auto_patrol_robot/autopatrol_ws/install/autopatrol_interfaces/share/autopatrol_interfaces/package.zsh'
[9.222s] Level 1:colcon.colcon_core.environment:create_file_with_runtime_dependencies(/home/nayr/auto_patrol_robot/autopatrol_ws/install/autopatrol_interfaces/share/colcon-core/packages/autopatrol_interfaces)
[9.223s] DEBUG:colcon.colcon_parallel_executor.executor.parallel:closing loop
[9.223s] DEBUG:colcon.colcon_parallel_executor.executor.parallel:loop closed
[9.223s] DEBUG:colcon.colcon_parallel_executor.executor.parallel:run_until_complete finished with '0'
[9.223s] DEBUG:colcon.colcon_core.event_reactor:joining thread
[9.227s] INFO:colcon.colcon_core.plugin_system:Skipping extension 'colcon_notification.desktop_notification.terminal_notifier': Not used on non-Darwin systems
[9.227s] INFO:colcon.colcon_core.plugin_system:Skipping extension 'colcon_notification.desktop_notification.win32': Not used on non-Windows systems
[9.227s] INFO:colcon.colcon_notification.desktop_notification:Sending desktop notification using 'notify2'
[9.237s] DEBUG:colcon.colcon_core.event_reactor:joined thread
[9.237s] INFO:colcon.colcon_core.shell:Creating prefix script '/home/nayr/auto_patrol_robot/autopatrol_ws/install/local_setup.ps1'
[9.237s] INFO:colcon.colcon_core.shell:Creating prefix util module '/home/nayr/auto_patrol_robot/autopatrol_ws/install/_local_setup_util_ps1.py'
[9.238s] INFO:colcon.colcon_core.shell:Creating prefix chain script '/home/nayr/auto_patrol_robot/autopatrol_ws/install/setup.ps1'
[9.239s] INFO:colcon.colcon_core.shell:Creating prefix script '/home/nayr/auto_patrol_robot/autopatrol_ws/install/local_setup.sh'
[9.239s] INFO:colcon.colcon_core.shell:Creating prefix util module '/home/nayr/auto_patrol_robot/autopatrol_ws/install/_local_setup_util_sh.py'
[9.239s] INFO:colcon.colcon_core.shell:Creating prefix chain script '/home/nayr/auto_patrol_robot/autopatrol_ws/install/setup.sh'
[9.240s] INFO:colcon.colcon_core.shell:Creating prefix script '/home/nayr/auto_patrol_robot/autopatrol_ws/install/local_setup.bash'
[9.240s] INFO:colcon.colcon_core.shell:Creating prefix chain script '/home/nayr/auto_patrol_robot/autopatrol_ws/install/setup.bash'
[9.241s] INFO:colcon.colcon_core.shell:Creating prefix script '/home/nayr/auto_patrol_robot/autopatrol_ws/install/local_setup.zsh'
[9.241s] INFO:colcon.colcon_core.shell:Creating prefix chain script '/home/nayr/auto_patrol_robot/autopatrol_ws/install/setup.zsh'
